"C:/Users/MarcelBlanck/Documents/GitHub/SpaceRTS/SpaceRTS.uproject" 1
"../../../Engine/Plugins/2D/Paper2D/Paper2D.uplugin" 2
"../../../Engine/Plugins/Developer/BlankPlugin/BlankPlugin.uplugin" 3
"../../../Engine/Plugins/Developer/GitSourceControl/GitSourceControl.uplugin" 4
"../../../Engine/Plugins/Developer/KDevelopSourceCodeAccess/KDevelopSourceCodeAccess.uplugin" 5
"../../../Engine/Plugins/Developer/NullSourceCodeAccess/NullSourceCodeAccess.uplugin" 6
"../../../Engine/Plugins/Developer/PerforceSourceControl/PerforceSourceControl.uplugin" 7
"../../../Engine/Plugins/Developer/SubversionSourceControl/SubversionSourceControl.uplugin" 8
"../../../Engine/Plugins/Developer/UObjectPlugin/UObjectPlugin.uplugin" 9
"../../../Engine/Plugins/Developer/VisualStudioSourceCodeAccess/VisualStudioSourceCodeAccess.uplugin" 10
"../../../Engine/Plugins/Developer/XCodeSourceCodeAccess/XCodeSourceCodeAccess.uplugin" 11
"../../../Engine/Plugins/Editor/EpicSurvey/EpicSurvey.uplugin" 12
"../../../Engine/Plugins/Editor/MacGraphicsSwitching/MacGraphicsSwitching.uplugin" 13
"../../../Engine/Plugins/Editor/PluginBrowser/PluginBrowser.uplugin" 14
"../../../Engine/Plugins/Editor/PluginCreator/PluginCreator.uplugin" 15
"../../../Engine/Plugins/Editor/SpeedTreeImporter/SpeedTreeImporter.uplugin" 16
"../../../Engine/Plugins/Experimental/BlueprintStats/BlueprintStats.uplugin" 17
"../../../Engine/Plugins/Experimental/CharacterAI/CharacterAI.uplugin" 18
"../../../Engine/Plugins/Experimental/CodeEditor/CodeEditor.uplugin" 19
"../../../Engine/Plugins/Experimental/CodeView/CodeView.uplugin" 20
"../../../Engine/Plugins/Experimental/HTML5Networking/HTML5Networking.uplugin" 21
"../../../Engine/Plugins/Experimental/LiveEditor/LiveEditor.uplugin" 22
"../../../Engine/Plugins/Experimental/Phya/Phya.uplugin" 23
"../../../Engine/Plugins/Experimental/SimpleHMD/SimpleHMD.uplugin" 24
"../../../Engine/Plugins/Experimental/StructBox/StructBox.uplugin" 25
"../../../Engine/Plugins/Media/AndroidMedia/AndroidMedia.uplugin" 26
"../../../Engine/Plugins/Media/AvfMedia/AvfMedia.uplugin" 27
"../../../Engine/Plugins/Media/MediaPlayerEditor/MediaPlayerEditor.uplugin" 28
"../../../Engine/Plugins/Media/WmfMedia/WmfMedia.uplugin" 29
"../../../Engine/Plugins/Messaging/MessagingDebugger/MessagingDebugger.uplugin" 30
"../../../Engine/Plugins/Messaging/UdpMessaging/UdpMessaging.uplugin" 31
"../../../Engine/Plugins/NetcodeUnitTest/NetcodeUnitTest/NetcodeUnitTest.uplugin" 32
"../../../Engine/Plugins/NetcodeUnitTest/NUTUnrealEngine4/NUTUnrealEngine4.uplugin" 33
"../../../Engine/Plugins/Runtime/Advertising/IOSTapJoy/IOSTapJoy.uplugin" 34
"../../../Engine/Plugins/Runtime/Analytics/AnalyticsBlueprintLibrary/AnalyticsBlueprintLibrary.uplugin" 35
"../../../Engine/Plugins/Runtime/Analytics/AnalyticsMulticast/AnalyticsMulticast.uplugin" 36
"../../../Engine/Plugins/Runtime/Analytics/Apsalar/IOSApsalar/IOSApsalar.uplugin" 37
"../../../Engine/Plugins/Runtime/Analytics/FileLogging/FileLogging.uplugin" 38
"../../../Engine/Plugins/Runtime/Analytics/Flurry/IOSFlurry/IOSFlurry.uplugin" 39
"../../../Engine/Plugins/Runtime/AndroidDeviceProfileSelector/AndroidDeviceProfileSelector.uplugin" 40
"../../../Engine/Plugins/Runtime/AndroidMoviePlayer/AndroidMoviePlayer.uplugin" 41
"../../../Engine/Plugins/Runtime/AppleMoviePlayer/AppleMoviePlayer.uplugin" 42
"../../../Engine/Plugins/Runtime/CableComponent/CableComponent.uplugin" 43
"../../../Engine/Plugins/Runtime/CustomMeshComponent/CustomMeshComponent.uplugin" 44
"../../../Engine/Plugins/Runtime/ExampleDeviceProfileSelector/ExampleDeviceProfileSelector.uplugin" 45
"../../../Engine/Plugins/Runtime/GearVR/GearVR.uplugin" 46
"../../../Engine/Plugins/Runtime/IOSDeviceProfileSelector/IOSDeviceProfileSelector.uplugin" 47
"../../../Engine/Plugins/Runtime/LeapMotionController/LeapMotionController.uplugin" 48
"../../../Engine/Plugins/Runtime/LiveEditorListenServer/LiveEditorListenServer.uplugin" 49
"../../../Engine/Plugins/Runtime/OculusAudio/OculusAudio.uplugin" 50
"../../../Engine/Plugins/Runtime/OculusRift/OculusRift.uplugin" 51
"../../../Engine/Plugins/Runtime/ProceduralMeshComponent/ProceduralMeshComponent.uplugin" 52
"../../../Engine/Plugins/Runtime/SoundMod/SoundMod.uplugin" 53
"../../../Engine/Plugins/Runtime/SoundVisualizations/SoundVisualizations.uplugin" 54
"../../../Engine/Plugins/Runtime/Steam/SteamController/SteamController.uplugin" 55
"../../../Engine/Plugins/Runtime/Steam/SteamVR/SteamVR.uplugin" 56
"../../../Engine/Plugins/Runtime/TwitchLiveStreaming/TwitchLiveStreaming.uplugin" 57
"../../../Engine/Plugins/Runtime/WebBrowserWidget/WebBrowserWidget.uplugin" 58
"../../../Engine/Plugins/Runtime/WindowsDeviceProfileSelector/WindowsDeviceProfileSelector.uplugin" 59
"../../../Engine/Plugins/Runtime/WindowsMoviePlayer/WindowsMoviePlayer.uplugin" 60
"../../../Engine/Plugins/ScriptGeneratorPlugin/ScriptGeneratorPlugin.uplugin" 61
"../../../Engine/Plugins/ScriptPlugin/ScriptPlugin.uplugin" 62
"../../../Engine/Plugins/Slate/SlateRemote/SlateRemote.uplugin" 63
"..\..\..\Engine\Content\Internationalization\icudt53l\cnvalias.icu" 64
"..\..\..\Engine\Content\Internationalization\icudt53l\en_US_POSIX.res" 65
"..\..\..\Engine\Content\Internationalization\icudt53l\pool.res" 66
"..\..\..\Engine\Content\Internationalization\icudt53l\en_US.res" 67
"..\..\..\Engine\Content\Internationalization\icudt53l\en.res" 68
"..\..\..\Engine\Content\Internationalization\icudt53l\root.res" 69
"..\..\..\Engine\Content\Internationalization\icudt53l\de_DE.res" 70
"..\..\..\Engine\Content\Internationalization\icudt53l\de.res" 71
"../../../Engine/Saved/Config/Windows/Manifest.ini" 72
"../../../Engine/Config/Base.ini" 73
"../../../Engine/Config/BaseEngine.ini" 74
"C:/Users/MarcelBlanck/Documents/GitHub/SpaceRTS/Config/DefaultEngine.ini" 75
"../../../Engine/Config/Windows/WindowsEngine.ini" 76
"C:/Users/MarcelBlanck/AppData/Local/Unreal Engine/Engine/Config/UserEngine.ini" 77
"C:/Users/MarcelBlanck/Documents/GitHub/SpaceRTS/Saved/Config/Windows/Engine.ini" 78
"../../../../SpaceRTS/Intermediate/Config/CoalescedSourceConfigs/Engine.ini" 79
"../../../Engine/Config/BaseGame.ini" 80
"C:/Users/MarcelBlanck/Documents/GitHub/SpaceRTS/Config/DefaultGame.ini" 81
"C:/Users/MarcelBlanck/Documents/GitHub/SpaceRTS/Saved/Config/Windows/Game.ini" 82
"../../../../SpaceRTS/Intermediate/Config/CoalescedSourceConfigs/Game.ini" 83
"../../../Engine/Config/BaseInput.ini" 84
"C:/Users/MarcelBlanck/Documents/GitHub/SpaceRTS/Config/DefaultInput.ini" 85
"C:/Users/MarcelBlanck/Documents/GitHub/SpaceRTS/Saved/Config/Windows/Input.ini" 86
"../../../../SpaceRTS/Intermediate/Config/CoalescedSourceConfigs/Input.ini" 87
"../../../Engine/Config/BaseEditor.ini" 88
"C:/Users/MarcelBlanck/Documents/GitHub/SpaceRTS/Config/DefaultEditor.ini" 89
"C:/Users/MarcelBlanck/Documents/GitHub/SpaceRTS/Saved/Config/Windows/Editor.ini" 90
"../../../../SpaceRTS/Intermediate/Config/CoalescedSourceConfigs/Editor.ini" 91
"../../../Engine/Config/BaseEditorPerProjectUserSettings.ini" 92
"C:/Users/MarcelBlanck/Documents/GitHub/SpaceRTS/Saved/Config/Windows/EditorPerProjectUserSettings.ini" 93
"../../../../SpaceRTS/Intermediate/Config/CoalescedSourceConfigs/EditorPerProjectUserSettings.ini" 94
"../../../Engine/Config/BaseEditorSettings.ini" 95
"../../../Engine/Saved/Config/Windows/EditorSettings.ini" 96
"../../../../SpaceRTS/Intermediate/Config/CoalescedSourceConfigs/EditorSettings.ini" 97
"../../../Engine/Config/BaseEditorLayout.ini" 98
"../../../Engine/Saved/Config/Windows/EditorLayout.ini" 99
"../../../../SpaceRTS/Intermediate/Config/CoalescedSourceConfigs/EditorLayout.ini" 100
"../../../Engine/Config/BaseEditorKeyBindings.ini" 101
"../../../Engine/Saved/Config/Windows/EditorKeyBindings.ini" 102
"../../../../SpaceRTS/Intermediate/Config/CoalescedSourceConfigs/EditorKeyBindings.ini" 103
"../../../Engine/Config/BaseCompat.ini" 104
"C:/Users/MarcelBlanck/Documents/GitHub/SpaceRTS/Saved/Config/Windows/Compat.ini" 105
"../../../../SpaceRTS/Intermediate/Config/CoalescedSourceConfigs/Compat.ini" 106
"../../../Engine/Config/BaseLightmass.ini" 107
"C:/Users/MarcelBlanck/Documents/GitHub/SpaceRTS/Saved/Config/Windows/Lightmass.ini" 108
"../../../../SpaceRTS/Intermediate/Config/CoalescedSourceConfigs/Lightmass.ini" 109
"../../../Engine/Config/BaseScalability.ini" 110
"C:/Users/MarcelBlanck/Documents/GitHub/SpaceRTS/Saved/Config/Windows/Scalability.ini" 111
"../../../../SpaceRTS/Intermediate/Config/CoalescedSourceConfigs/Scalability.ini" 112
"C:/Users/MarcelBlanck/Documents/GitHub/SpaceRTS/Saved/Config/Windows/GameUserSettings.ini" 113
"../../../../SpaceRTS/Intermediate/Config/CoalescedSourceConfigs/GameUserSettings.ini" 114
"../../../Engine/Config/BaseDeviceProfiles.ini" 115
"C:/Users/MarcelBlanck/Documents/GitHub/SpaceRTS/Saved/Config/Windows/DeviceProfiles.ini" 116
"../../../../SpaceRTS/Intermediate/Config/CoalescedSourceConfigs/DeviceProfiles.ini" 117
"../../../Engine/Config/ConsoleVariables.ini" 118
"..\..\..\Engine\Content\Internationalization\icudt53l\es.res" 119
"..\..\..\Engine\Content\Internationalization\icudt53l\ja.res" 120
"..\..\..\Engine\Content\Internationalization\icudt53l\ko.res" 121
"..\..\..\Engine\Content\Internationalization\icudt53l\pt_BR.res" 122
"..\..\..\Engine\Content\Internationalization\icudt53l\pt.res" 123
"..\..\..\Engine\Content\Internationalization\icudt53l\zh_CN.res" 124
"..\..\..\Engine\Content\Internationalization\icudt53l\zh_Hans_CN.res" 125
"..\..\..\Engine\Content\Internationalization\icudt53l\zh_Hans.res" 126
"..\..\..\Engine\Content\Internationalization\icudt53l\zh.res" 127
"C:/Users/MarcelBlanck/Documents/GitHub/UE4_SpaceRTS/Engine/Content/Localization/Engine/en/Engine.locres" 128
"C:/Users/MarcelBlanck/Documents/GitHub/UE4_SpaceRTS/Engine/Content/Localization/Editor/en/Editor.locres" 129
"C:/Users/MarcelBlanck/Documents/GitHub/UE4_SpaceRTS/Engine/Content/Localization/EditorTutorials/en/EditorTutorials.locres" 130
"C:/Users/MarcelBlanck/Documents/GitHub/UE4_SpaceRTS/Engine/Content/Localization/Keywords/en/Keywords.locres" 131
"C:/Users/MarcelBlanck/Documents/GitHub/UE4_SpaceRTS/Engine/Content/Localization/ToolTips/en/ToolTips.locres" 132
"C:/Users/MarcelBlanck/Documents/GitHub/UE4_SpaceRTS/Engine/Content/Localization/PropertyNames/en/PropertyNames.locres" 133
"../../../Engine/Content/Slate/Fonts/Roboto-Regular.ttf" 134
"../../../Engine/Content/Slate/Fonts/DroidSansMono.ttf" 135
"../../../Engine/Content/Slate/Fonts/Roboto-Bold.ttf" 136
"../../../Engine/Content/Slate/Fonts/Roboto-Light.ttf" 137
"C:/Users/MarcelBlanck/Documents/GitHub/UE4_SpaceRTS/Engine/Binaries/Win64/../../../Engine/Shaders/ParticleSpriteVertexFactory.usf" 138
"C:/Users/MarcelBlanck/Documents/GitHub/UE4_SpaceRTS/Engine/Binaries/Win64/../../../Engine/Shaders/VertexFactoryCommon.usf" 139
"C:/Users/MarcelBlanck/Documents/GitHub/UE4_SpaceRTS/Engine/Binaries/Win64/../../../Engine/Shaders/Common.usf" 140
"C:/Users/MarcelBlanck/Documents/GitHub/UE4_SpaceRTS/Engine/Binaries/Win64/../../../Engine/Shaders/MetalCommon.usf" 141
"C:/Users/MarcelBlanck/Documents/GitHub/UE4_SpaceRTS/Engine/Binaries/Win64/../../../Engine/Shaders/ShaderVersion.usf" 142
"C:/Users/MarcelBlanck/Documents/GitHub/UE4_SpaceRTS/Engine/Binaries/Win64/../../../Engine/Shaders/Definitions.usf" 143
"C:/Users/MarcelBlanck/Documents/GitHub/UE4_SpaceRTS/Engine/Binaries/Win64/../../../Engine/Shaders/Random.usf" 144
"C:/Users/MarcelBlanck/Documents/GitHub/UE4_SpaceRTS/Engine/Binaries/Win64/../../../Engine/Shaders/ParticleVertexFactoryCommon.usf" 145
"C:/Users/MarcelBlanck/Documents/GitHub/UE4_SpaceRTS/Engine/Binaries/Win64/../../../Engine/Shaders/ParticleGPUSpriteVertexFactory.usf" 146
"C:/Users/MarcelBlanck/Documents/GitHub/UE4_SpaceRTS/Engine/Binaries/Win64/../../../Engine/Shaders/ParticleBeamTrailVertexFactory.usf" 147
"C:/Users/MarcelBlanck/Documents/GitHub/UE4_SpaceRTS/Engine/Binaries/Win64/../../../Engine/Shaders/LocalVertexFactory.usf" 148
"C:/Users/MarcelBlanck/Documents/GitHub/UE4_SpaceRTS/Engine/Binaries/Win64/../../../Engine/Shaders/LocalVertexFactoryCommon.usf" 149
"C:/Users/MarcelBlanck/Documents/GitHub/UE4_SpaceRTS/Engine/Binaries/Win64/../../../Engine/Shaders/VectorFieldVisualizationVertexFactory.usf" 150
"C:/Users/MarcelBlanck/Documents/GitHub/UE4_SpaceRTS/Engine/Binaries/Win64/../../../Engine/Shaders/MeshParticleVertexFactory.usf" 151
"C:/Users/MarcelBlanck/Documents/GitHub/UE4_SpaceRTS/Engine/Binaries/Win64/../../../Engine/Shaders/GpuSkinVertexFactory.usf" 152
"C:/Users/MarcelBlanck/Documents/GitHub/UE4_SpaceRTS/Engine/Binaries/Win64/../../../Engine/Shaders/GpuSkinCacheCommon.usf" 153
"C:/Users/MarcelBlanck/Documents/GitHub/UE4_SpaceRTS/Engine/Binaries/Win64/../../../Engine/Shaders/LandscapeVertexFactory.usf" 154
"C:/Users/MarcelBlanck/Documents/GitHub/UE4_SpaceRTS/Engine/Binaries/Win64/../../../Engine/Shaders/SlateElementPixelShader.usf" 155
"C:/Users/MarcelBlanck/Documents/GitHub/UE4_SpaceRTS/Engine/Binaries/Win64/../../../Engine/Shaders/GammaCorrectionCommon.usf" 156
"C:/Users/MarcelBlanck/Documents/GitHub/UE4_SpaceRTS/Engine/Binaries/Win64/../../../Engine/Shaders/MaterialTemplate.usf" 157
"C:/Users/MarcelBlanck/Documents/GitHub/UE4_SpaceRTS/Engine/Binaries/Win64/../../../Engine/Shaders/DepthOfFieldCommon.usf" 158
"C:/Users/MarcelBlanck/Documents/GitHub/UE4_SpaceRTS/Engine/Binaries/Win64/../../../Engine/Shaders/SpeedTreeCommon.usf" 159
"C:/Users/MarcelBlanck/Documents/GitHub/UE4_SpaceRTS/Engine/Binaries/Win64/../../../Engine/Shaders/AtmosphereCommon.usf" 160
"C:/Users/MarcelBlanck/Documents/GitHub/UE4_SpaceRTS/Engine/Binaries/Win64/../../../Engine/Shaders/EyeAdaptationCommon.usf" 161
"C:/Users/MarcelBlanck/Documents/GitHub/UE4_SpaceRTS/Engine/Binaries/Win64/../../../Engine/Shaders/PostProcessCommon.usf" 162
"C:/Users/MarcelBlanck/Documents/GitHub/UE4_SpaceRTS/Engine/Binaries/Win64/../../../Engine/Shaders/DeferredShadingCommon.usf" 163
"C:/Users/MarcelBlanck/Documents/GitHub/UE4_SpaceRTS/Engine/Binaries/Win64/../../../Engine/Shaders/LightAccumulator.usf" 164
"C:/Users/MarcelBlanck/Documents/GitHub/UE4_SpaceRTS/Engine/Binaries/Win64/../../../Engine/Shaders/SlateVertexShader.usf" 165
"C:/Users/MarcelBlanck/Documents/GitHub/UE4_SpaceRTS/Engine/Binaries/Win64/../../../Engine/Shaders/ParticleSortKeyGen.usf" 166
"C:/Users/MarcelBlanck/Documents/GitHub/UE4_SpaceRTS/Engine/Binaries/Win64/../../../Engine/Shaders/ParticleBoundsShader.usf" 167
"C:/Users/MarcelBlanck/Documents/GitHub/UE4_SpaceRTS/Engine/Binaries/Win64/../../../Engine/Shaders/ParticleSimVisualizeShader.usf" 168
"C:/Users/MarcelBlanck/Documents/GitHub/UE4_SpaceRTS/Engine/Binaries/Win64/../../../Engine/Shaders/ParticleInjectionShader.usf" 169
"C:/Users/MarcelBlanck/Documents/GitHub/UE4_SpaceRTS/Engine/Binaries/Win64/../../../Engine/Shaders/ParticleSimulationShader.usf" 170
"C:/Users/MarcelBlanck/Documents/GitHub/UE4_SpaceRTS/Engine/Binaries/Win64/../../../Engine/Shaders/ParticleCurveInjectionShader.usf" 171
"C:/Users/MarcelBlanck/Documents/GitHub/UE4_SpaceRTS/Engine/Binaries/Win64/../../../Engine/Shaders/VectorFieldCompositeShaders.usf" 172
"C:/Users/MarcelBlanck/Documents/GitHub/UE4_SpaceRTS/Engine/Binaries/Win64/../../../Engine/Shaders/UpdateTextureShaders.usf" 173
"C:/Users/MarcelBlanck/Documents/GitHub/UE4_SpaceRTS/Engine/Binaries/Win64/../../../Engine/Shaders/SimpleElementColorChannelMaskPixelShader.usf" 174
"C:/Users/MarcelBlanck/Documents/GitHub/UE4_SpaceRTS/Engine/Binaries/Win64/../../../Engine/Shaders/SimpleElementHitProxyPixelShader.usf" 175
"C:/Users/MarcelBlanck/Documents/GitHub/UE4_SpaceRTS/Engine/Binaries/Win64/../../../Engine/Shaders/SimpleElementPixelShader.usf" 176
"C:/Users/MarcelBlanck/Documents/GitHub/UE4_SpaceRTS/Engine/Binaries/Win64/../../../Engine/Shaders/ColorUtils.usf" 177
"C:/Users/MarcelBlanck/Documents/GitHub/UE4_SpaceRTS/Engine/Binaries/Win64/../../../Engine/Shaders/IESLightProfilesCommon.usf" 178
"C:/Users/MarcelBlanck/Documents/GitHub/UE4_SpaceRTS/Engine/Binaries/Win64/../../../Engine/Shaders/SimpleElementVertexShader.usf" 179
"C:/Users/MarcelBlanck/Documents/GitHub/UE4_SpaceRTS/Engine/Binaries/Win64/../../../Engine/Shaders/ScreenVertexShader.usf" 180
"C:/Users/MarcelBlanck/Documents/GitHub/UE4_SpaceRTS/Engine/Binaries/Win64/../../../Engine/Shaders/ScreenPixelShader.usf" 181
"C:/Users/MarcelBlanck/Documents/GitHub/UE4_SpaceRTS/Engine/Binaries/Win64/../../../Engine/Shaders/RadixSortShaders.usf" 182
"C:/Users/MarcelBlanck/Documents/GitHub/UE4_SpaceRTS/Engine/Binaries/Win64/../../../Engine/Shaders/GpuSkinCacheComputeShader.usf" 183
"C:/Users/MarcelBlanck/Documents/GitHub/UE4_SpaceRTS/Engine/Binaries/Win64/../../../Engine/Shaders/NullPixelShader.usf" 184
"C:/Users/MarcelBlanck/Documents/GitHub/UE4_SpaceRTS/Engine/Binaries/Win64/../../../Engine/Shaders/LandscapeGrassWeight.usf" 185
"C:/Users/MarcelBlanck/Documents/GitHub/UE4_SpaceRTS/Engine/Binaries/Win64/../../../Engine/Shaders/VisualizeTexture.usf" 186
"C:/Users/MarcelBlanck/Documents/GitHub/UE4_SpaceRTS/Engine/Binaries/Win64/../../../Engine/Shaders/ScreenSpaceReflections.usf" 187
"C:/Users/MarcelBlanck/Documents/GitHub/UE4_SpaceRTS/Engine/Binaries/Win64/../../../Engine/Shaders/BRDF.usf" 188
"C:/Users/MarcelBlanck/Documents/GitHub/UE4_SpaceRTS/Engine/Binaries/Win64/../../../Engine/Shaders/MonteCarlo.usf" 189
"C:/Users/MarcelBlanck/Documents/GitHub/UE4_SpaceRTS/Engine/Binaries/Win64/../../../Engine/Shaders/ScreenSpaceRayCast.usf" 190
"C:/Users/MarcelBlanck/Documents/GitHub/UE4_SpaceRTS/Engine/Binaries/Win64/../../../Engine/Shaders/FilterVertexShader.usf" 191
"C:/Users/MarcelBlanck/Documents/GitHub/UE4_SpaceRTS/Engine/Binaries/Win64/../../../Engine/Shaders/FilterPixelShader.usf" 192
"C:/Users/MarcelBlanck/Documents/GitHub/UE4_SpaceRTS/Engine/Binaries/Win64/../../../Engine/Shaders/PostProcessVisualizeHDR.usf" 193
"C:/Users/MarcelBlanck/Documents/GitHub/UE4_SpaceRTS/Engine/Binaries/Win64/../../../Engine/Shaders/PostProcessHistogramCommon.usf" 194
"C:/Users/MarcelBlanck/Documents/GitHub/UE4_SpaceRTS/Engine/Binaries/Win64/../../../Engine/Shaders/TonemapCommon.usf" 195
"C:/Users/MarcelBlanck/Documents/GitHub/UE4_SpaceRTS/Engine/Binaries/Win64/../../../Engine/Shaders/ACES.usf" 196
"C:/Users/MarcelBlanck/Documents/GitHub/UE4_SpaceRTS/Engine/Binaries/Win64/../../../Engine/Shaders/MiniFontCommon.usf" 197
"C:/Users/MarcelBlanck/Documents/GitHub/UE4_SpaceRTS/Engine/Binaries/Win64/../../../Engine/Shaders/PostProcessVisualizeBuffer.usf" 198
"C:/Users/MarcelBlanck/Documents/GitHub/UE4_SpaceRTS/Engine/Binaries/Win64/../../../Engine/Shaders/PostProcessUpscale.usf" 199
"C:/Users/MarcelBlanck/Documents/GitHub/UE4_SpaceRTS/Engine/Binaries/Win64/../../../Engine/Shaders/PostProcessTonemap.usf" 200
"C:/Users/MarcelBlanck/Documents/GitHub/UE4_SpaceRTS/Engine/Binaries/Win64/../../../Engine/Shaders/PostProcessTestImage.usf" 201
"C:/Users/MarcelBlanck/Documents/GitHub/UE4_SpaceRTS/Engine/Binaries/Win64/../../../Engine/Shaders/PostProcessTemporalAA.usf" 202
"C:/Users/MarcelBlanck/Documents/GitHub/UE4_SpaceRTS/Engine/Binaries/Win64/../../../Engine/Shaders/PostProcessTemporalCommon.usf" 203
"C:/Users/MarcelBlanck/Documents/GitHub/UE4_SpaceRTS/Engine/Binaries/Win64/../../../Engine/Shaders/PostProcessSubsurface.usf" 204
"C:/Users/MarcelBlanck/Documents/GitHub/UE4_SpaceRTS/Engine/Binaries/Win64/../../../Engine/Shaders/SeparableSSS.usf" 205
"C:/Users/MarcelBlanck/Documents/GitHub/UE4_SpaceRTS/Engine/Binaries/Win64/../../../Engine/Shaders/PostProcessSelectionOutline.usf" 206
"C:/Users/MarcelBlanck/Documents/GitHub/UE4_SpaceRTS/Engine/Binaries/Win64/../../../Engine/Shaders/PostProcessSceneColorFringe.usf" 207
"C:/Users/MarcelBlanck/Documents/GitHub/UE4_SpaceRTS/Engine/Binaries/Win64/../../../Engine/Shaders/PostProcessNoiseBlur.usf" 208
"C:/Users/MarcelBlanck/Documents/GitHub/UE4_SpaceRTS/Engine/Binaries/Win64/../../../Engine/Shaders/PostProcessMotionBlur.usf" 209
"C:/Users/MarcelBlanck/Documents/GitHub/UE4_SpaceRTS/Engine/Binaries/Win64/../../../Engine/Shaders/PostProcessVelocityFlatten.usf" 210
"C:/Users/MarcelBlanck/Documents/GitHub/UE4_SpaceRTS/Engine/Binaries/Win64/../../../Engine/Shaders/PostProcessMobile.usf" 211
"C:/Users/MarcelBlanck/Documents/GitHub/UE4_SpaceRTS/Engine/Binaries/Win64/../../../Engine/Shaders/PostProcessMaterialShaders.usf" 212
"C:/Users/MarcelBlanck/Documents/GitHub/UE4_SpaceRTS/Engine/Binaries/Win64/../../../Engine/Shaders/PostProcessLensFlares.usf" 213
"C:/Users/MarcelBlanck/Documents/GitHub/UE4_SpaceRTS/Engine/Binaries/Win64/../../../Engine/Shaders/PostProcessLensBlur.usf" 214
"C:/Users/MarcelBlanck/Documents/GitHub/UE4_SpaceRTS/Engine/Binaries/Win64/../../../Engine/Shaders/PostProcessBloom.usf" 215
"C:/Users/MarcelBlanck/Documents/GitHub/UE4_SpaceRTS/Engine/Binaries/Win64/../../../Engine/Shaders/PostProcessHMD.usf" 216
"C:/Users/MarcelBlanck/Documents/GitHub/UE4_SpaceRTS/Engine/Binaries/Win64/../../../Engine/Shaders/PostProcessHistogramReduce.usf" 217
"C:/Users/MarcelBlanck/Documents/GitHub/UE4_SpaceRTS/Engine/Binaries/Win64/../../../Engine/Shaders/PostProcessHistogram.usf" 218
"C:/Users/MarcelBlanck/Documents/GitHub/UE4_SpaceRTS/Engine/Binaries/Win64/../../../Engine/Shaders/PostProcessGBufferHints.usf" 219
"C:/Users/MarcelBlanck/Documents/GitHub/UE4_SpaceRTS/Engine/Binaries/Win64/../../../Engine/Shaders/PostProcessEyeAdaptation.usf" 220
"C:/Users/MarcelBlanck/Documents/GitHub/UE4_SpaceRTS/Engine/Binaries/Win64/../../../Engine/Shaders/PostProcessDownsample.usf" 221
"C:/Users/MarcelBlanck/Documents/GitHub/UE4_SpaceRTS/Engine/Binaries/Win64/../../../Engine/Shaders/PostProcessDOF.usf" 222
"C:/Users/MarcelBlanck/Documents/GitHub/UE4_SpaceRTS/Engine/Binaries/Win64/../../../Engine/Shaders/PostProcessCompositeEditorPrimitives.usf" 223
"C:/Users/MarcelBlanck/Documents/GitHub/UE4_SpaceRTS/Engine/Binaries/Win64/../../../Engine/Shaders/PostProcessCombineLUTs.usf" 224
"C:/Users/MarcelBlanck/Documents/GitHub/UE4_SpaceRTS/Engine/Binaries/Win64/../../../Engine/Shaders/PostProcessBusyWait.usf" 225
"C:/Users/MarcelBlanck/Documents/GitHub/UE4_SpaceRTS/Engine/Binaries/Win64/../../../Engine/Shaders/PostProcessBokehDOF.usf" 226
"C:/Users/MarcelBlanck/Documents/GitHub/UE4_SpaceRTS/Engine/Binaries/Win64/../../../Engine/Shaders/FXAAShader.usf" 227
"C:/Users/MarcelBlanck/Documents/GitHub/UE4_SpaceRTS/Engine/Binaries/Win64/../../../Engine/Shaders/Fxaa3_11.usf" 228
"C:/Users/MarcelBlanck/Documents/GitHub/UE4_SpaceRTS/Engine/Binaries/Win64/../../../Engine/Shaders/PostProcessPassThrough.usf" 229
"C:/Users/MarcelBlanck/Documents/GitHub/UE4_SpaceRTS/Engine/Binaries/Win64/../../../Engine/Shaders/PostProcessLpvIndirect.usf" 230
"C:/Users/MarcelBlanck/Documents/GitHub/UE4_SpaceRTS/Engine/Binaries/Win64/../../../Engine/Shaders/DeferredLightingCommon.usf" 231
"C:/Users/MarcelBlanck/Documents/GitHub/UE4_SpaceRTS/Engine/Binaries/Win64/../../../Engine/Shaders/DynamicLightingCommon.usf" 232
"C:/Users/MarcelBlanck/Documents/GitHub/UE4_SpaceRTS/Engine/Binaries/Win64/../../../Engine/Shaders/LPVFinalPass.usf" 233
"C:/Users/MarcelBlanck/Documents/GitHub/UE4_SpaceRTS/Engine/Binaries/Win64/../../../Engine/Shaders/LPVCommon.usf" 234
"C:/Users/MarcelBlanck/Documents/GitHub/UE4_SpaceRTS/Engine/Binaries/Win64/../../../Engine/Shaders/DeferredDecal.usf" 235
"C:/Users/MarcelBlanck/Documents/GitHub/UE4_SpaceRTS/Engine/Binaries/Win64/../../../Engine/Shaders/PostProcessAmbientOcclusion.usf" 236
"C:/Users/MarcelBlanck/Documents/GitHub/UE4_SpaceRTS/Engine/Binaries/Win64/../../../Engine/Shaders/PostProcessAmbient.usf" 237
"C:/Users/MarcelBlanck/Documents/GitHub/UE4_SpaceRTS/Engine/Binaries/Win64/../../../Engine/Shaders/CubemapCommon.usf" 238
"C:/Users/MarcelBlanck/Documents/GitHub/UE4_SpaceRTS/Engine/Binaries/Win64/../../../Engine/Shaders/VelocityShader.usf" 239
"C:/Users/MarcelBlanck/Documents/GitHub/UE4_SpaceRTS/Engine/Binaries/Win64/../../../Engine/Shaders/VelocityCommon.usf" 240
"C:/Users/MarcelBlanck/Documents/GitHub/UE4_SpaceRTS/Engine/Binaries/Win64/../../../Engine/Shaders/Tessellation.usf" 241
"C:/Users/MarcelBlanck/Documents/GitHub/UE4_SpaceRTS/Engine/Binaries/Win64/../../../Engine/Shaders/FlatTessellation.usf" 242
"C:/Users/MarcelBlanck/Documents/GitHub/UE4_SpaceRTS/Engine/Binaries/Win64/../../../Engine/Shaders/PNTriangles.usf" 243
"C:/Users/MarcelBlanck/Documents/GitHub/UE4_SpaceRTS/Engine/Binaries/Win64/../../../Engine/Shaders/TranslucentLightingShaders.usf" 244
"C:/Users/MarcelBlanck/Documents/GitHub/UE4_SpaceRTS/Engine/Binaries/Win64/../../../Engine/Shaders/SHCommon.usf" 245
"C:/Users/MarcelBlanck/Documents/GitHub/UE4_SpaceRTS/Engine/Binaries/Win64/../../../Engine/Shaders/ShadowProjectionCommon.usf" 246
"C:/Users/MarcelBlanck/Documents/GitHub/UE4_SpaceRTS/Engine/Binaries/Win64/../../../Engine/Shaders/TranslucentLightInjectionShaders.usf" 247
"C:/Users/MarcelBlanck/Documents/GitHub/UE4_SpaceRTS/Engine/Binaries/Win64/../../../Engine/Shaders/LightFunctionCommon.usf" 248
"C:/Users/MarcelBlanck/Documents/GitHub/UE4_SpaceRTS/Engine/Binaries/Win64/../../../Engine/Shaders/TranslucentShadowDepthShaders.usf" 249
"C:/Users/MarcelBlanck/Documents/GitHub/UE4_SpaceRTS/Engine/Binaries/Win64/../../../Engine/Shaders/ShadowDepthCommon.usf" 250
"C:/Users/MarcelBlanck/Documents/GitHub/UE4_SpaceRTS/Engine/Binaries/Win64/../../../Engine/Shaders/TiledDeferredLightShaders.usf" 251
"C:/Users/MarcelBlanck/Documents/GitHub/UE4_SpaceRTS/Engine/Binaries/Win64/../../../Engine/Shaders/SurfelTree.usf" 252
"C:/Users/MarcelBlanck/Documents/GitHub/UE4_SpaceRTS/Engine/Binaries/Win64/../../../Engine/Shaders/DistanceFieldLightingShared.usf" 253
"C:/Users/MarcelBlanck/Documents/GitHub/UE4_SpaceRTS/Engine/Binaries/Win64/../../../Engine/Shaders/SurfelMaterialShared.usf" 254
"C:/Users/MarcelBlanck/Documents/GitHub/UE4_SpaceRTS/Engine/Binaries/Win64/../../../Engine/Shaders/DistanceFieldAOShared.usf" 255
"C:/Users/MarcelBlanck/Documents/GitHub/UE4_SpaceRTS/Engine/Binaries/Win64/../../../Engine/Shaders/ShadowProjectionPixelShader.usf" 256
"C:/Users/MarcelBlanck/Documents/GitHub/UE4_SpaceRTS/Engine/Binaries/Win64/../../../Engine/Shaders/ShadowFilteringCommon.usf" 257
"C:/Users/MarcelBlanck/Documents/GitHub/UE4_SpaceRTS/Engine/Binaries/Win64/../../../Engine/Shaders/ShadowProjectionVertexShader.usf" 258
"C:/Users/MarcelBlanck/Documents/GitHub/UE4_SpaceRTS/Engine/Binaries/Win64/../../../Engine/Shaders/ShadowDepthPixelShader.usf" 259
"C:/Users/MarcelBlanck/Documents/GitHub/UE4_SpaceRTS/Engine/Binaries/Win64/../../../Engine/Shaders/LPVWriteVplCommon.usf" 260
"C:/Users/MarcelBlanck/Documents/GitHub/UE4_SpaceRTS/Engine/Binaries/Win64/../../../Engine/Shaders/LPVWriteCommon.usf" 261
"C:/Users/MarcelBlanck/Documents/GitHub/UE4_SpaceRTS/Engine/Binaries/Win64/../../../Engine/Shaders/ShadowDepthVertexShader.usf" 262
"C:/Users/MarcelBlanck/Documents/GitHub/UE4_SpaceRTS/Engine/Binaries/Win64/../../../Engine/Shaders/ShaderComplexityApplyPixelShader.usf" 263
"C:/Users/MarcelBlanck/Documents/GitHub/UE4_SpaceRTS/Engine/Binaries/Win64/../../../Engine/Shaders/ShaderComplexityApplyVertexShader.usf" 264
"C:/Users/MarcelBlanck/Documents/GitHub/UE4_SpaceRTS/Engine/Binaries/Win64/../../../Engine/Shaders/ShaderComplexityAccumulatePixelShader.usf" 265
"C:/Users/MarcelBlanck/Documents/GitHub/UE4_SpaceRTS/Engine/Binaries/Win64/../../../Engine/Shaders/HZBOcclusion.usf" 266
"C:/Users/MarcelBlanck/Documents/GitHub/UE4_SpaceRTS/Engine/Binaries/Win64/../../../Engine/Shaders/OcclusionQueryVertexShader.usf" 267
"C:/Users/MarcelBlanck/Documents/GitHub/UE4_SpaceRTS/Engine/Binaries/Win64/../../../Engine/Shaders/HitProxyPixelShader.usf" 268
"C:/Users/MarcelBlanck/Documents/GitHub/UE4_SpaceRTS/Engine/Binaries/Win64/../../../Engine/Shaders/HitProxyVertexShader.usf" 269
"C:/Users/MarcelBlanck/Documents/GitHub/UE4_SpaceRTS/Engine/Binaries/Win64/../../../Engine/Shaders/ReflectionEnvironmentShaders.usf" 270
"C:/Users/MarcelBlanck/Documents/GitHub/UE4_SpaceRTS/Engine/Binaries/Win64/../../../Engine/Shaders/ReflectionEnvironmentShared.usf" 271
"C:/Users/MarcelBlanck/Documents/GitHub/UE4_SpaceRTS/Engine/Binaries/Win64/../../../Engine/Shaders/SkyLightingShared.usf" 272
"C:/Users/MarcelBlanck/Documents/GitHub/UE4_SpaceRTS/Engine/Binaries/Win64/../../../Engine/Shaders/ReflectionEnvironmentComputeShaders.usf" 273
"C:/Users/MarcelBlanck/Documents/GitHub/UE4_SpaceRTS/Engine/Binaries/Win64/../../../Engine/Shaders/LightShaftShader.usf" 274
"C:/Users/MarcelBlanck/Documents/GitHub/UE4_SpaceRTS/Engine/Binaries/Win64/../../../Engine/Shaders/StationaryLightOverlapShaders.usf" 275
"C:/Users/MarcelBlanck/Documents/GitHub/UE4_SpaceRTS/Engine/Binaries/Win64/../../../Engine/Shaders/DeferredLightPixelShaders.usf" 276
"C:/Users/MarcelBlanck/Documents/GitHub/UE4_SpaceRTS/Engine/Binaries/Win64/../../../Engine/Shaders/DeferredLightVertexShaders.usf" 277
"C:/Users/MarcelBlanck/Documents/GitHub/UE4_SpaceRTS/Engine/Binaries/Win64/../../../Engine/Shaders/LPVVisualise.usf" 278
"C:/Users/MarcelBlanck/Documents/GitHub/UE4_SpaceRTS/Engine/Binaries/Win64/../../../Engine/Shaders/LPVGeometryVolumeCommon.usf" 279
"C:/Users/MarcelBlanck/Documents/GitHub/UE4_SpaceRTS/Engine/Binaries/Win64/../../../Engine/Shaders/LPVDirectLightInject.usf" 280
"C:/Users/MarcelBlanck/Documents/GitHub/UE4_SpaceRTS/Engine/Binaries/Win64/../../../Engine/Shaders/LPVPropagate.usf" 281
"C:/Users/MarcelBlanck/Documents/GitHub/UE4_SpaceRTS/Engine/Binaries/Win64/../../../Engine/Shaders/LPVBuildGeometryVolume.usf" 282
"C:/Users/MarcelBlanck/Documents/GitHub/UE4_SpaceRTS/Engine/Binaries/Win64/../../../Engine/Shaders/LPVInject_AccumulateVplLists.usf" 283
"C:/Users/MarcelBlanck/Documents/GitHub/UE4_SpaceRTS/Engine/Binaries/Win64/../../../Engine/Shaders/LPVInject_GenerateVplLists.usf" 284
"C:/Users/MarcelBlanck/Documents/GitHub/UE4_SpaceRTS/Engine/Binaries/Win64/../../../Engine/Shaders/LPVClearLists.usf" 285
"C:/Users/MarcelBlanck/Documents/GitHub/UE4_SpaceRTS/Engine/Binaries/Win64/../../../Engine/Shaders/LPVClear.usf" 286
"C:/Users/MarcelBlanck/Documents/GitHub/UE4_SpaceRTS/Engine/Binaries/Win64/../../../Engine/Shaders/LightMapDensityShader.usf" 287
"C:/Users/MarcelBlanck/Documents/GitHub/UE4_SpaceRTS/Engine/Binaries/Win64/../../../Engine/Shaders/LightFunctionPixelShader.usf" 288
"C:/Users/MarcelBlanck/Documents/GitHub/UE4_SpaceRTS/Engine/Binaries/Win64/../../../Engine/Shaders/LightFunctionVertexShader.usf" 289
"C:/Users/MarcelBlanck/Documents/GitHub/UE4_SpaceRTS/Engine/Binaries/Win64/../../../Engine/Shaders/HeightfieldLighting.usf" 290
"C:/Users/MarcelBlanck/Documents/GitHub/UE4_SpaceRTS/Engine/Binaries/Win64/../../../Engine/Shaders/DistanceFieldShadowingShared.usf" 291
"C:/Users/MarcelBlanck/Documents/GitHub/UE4_SpaceRTS/Engine/Binaries/Win64/../../../Engine/Shaders/HdrCustomResolveShaders.usf" 292
"C:/Users/MarcelBlanck/Documents/GitHub/UE4_SpaceRTS/Engine/Binaries/Win64/../../../Engine/Shaders/GPUBenchmark.usf" 293
"C:/Users/MarcelBlanck/Documents/GitHub/UE4_SpaceRTS/Engine/Binaries/Win64/../../../Engine/Shaders/GammaCorrection.usf" 294
"C:/Users/MarcelBlanck/Documents/GitHub/UE4_SpaceRTS/Engine/Binaries/Win64/../../../Engine/Shaders/BasePassForForwardShadingPixelShader.usf" 295
"C:/Users/MarcelBlanck/Documents/GitHub/UE4_SpaceRTS/Engine/Binaries/Win64/../../../Engine/Shaders/BasePassForForwardShadingCommon.usf" 296
"C:/Users/MarcelBlanck/Documents/GitHub/UE4_SpaceRTS/Engine/Binaries/Win64/../../../Engine/Shaders/LightmapCommon.usf" 297
"C:/Users/MarcelBlanck/Documents/GitHub/UE4_SpaceRTS/Engine/Binaries/Win64/../../../Engine/Shaders/BasePassForForwardShadingVertexShader.usf" 298
"C:/Users/MarcelBlanck/Documents/GitHub/UE4_SpaceRTS/Engine/Binaries/Win64/../../../Engine/Shaders/HeightFogCommon.usf" 299
"C:/Users/MarcelBlanck/Documents/GitHub/UE4_SpaceRTS/Engine/Binaries/Win64/../../../Engine/Shaders/HeightFogPixelShader.usf" 300
"C:/Users/MarcelBlanck/Documents/GitHub/UE4_SpaceRTS/Engine/Binaries/Win64/../../../Engine/Shaders/HeightFogVertexShader.usf" 301
"C:/Users/MarcelBlanck/Documents/GitHub/UE4_SpaceRTS/Engine/Binaries/Win64/../../../Engine/Shaders/DistortAccumulatePS.usf" 302
"C:/Users/MarcelBlanck/Documents/GitHub/UE4_SpaceRTS/Engine/Binaries/Win64/../../../Engine/Shaders/DistortAccumulateVS.usf" 303
"C:/Users/MarcelBlanck/Documents/GitHub/UE4_SpaceRTS/Engine/Binaries/Win64/../../../Engine/Shaders/DistortApplyScreenPS.usf" 304
"C:/Users/MarcelBlanck/Documents/GitHub/UE4_SpaceRTS/Engine/Binaries/Win64/../../../Engine/Shaders/DistanceFieldSurfaceCacheLighting.usf" 305
"C:/Users/MarcelBlanck/Documents/GitHub/UE4_SpaceRTS/Engine/Binaries/Win64/../../../Engine/Shaders/SkyLighting.usf" 306
"C:/Users/MarcelBlanck/Documents/GitHub/UE4_SpaceRTS/Engine/Binaries/Win64/../../../Engine/Shaders/DistanceFieldGlobalIllumination.usf" 307
"C:/Users/MarcelBlanck/Documents/GitHub/UE4_SpaceRTS/Engine/Binaries/Win64/../../../Engine/Shaders/DistanceFieldLightingPost.usf" 308
"C:/Users/MarcelBlanck/Documents/GitHub/UE4_SpaceRTS/Engine/Binaries/Win64/../../../Engine/Shaders/DistanceFieldSurfaceCacheLightingCompute.usf" 309
"C:/Users/MarcelBlanck/Documents/GitHub/UE4_SpaceRTS/Engine/Binaries/Win64/../../../Engine/Shaders/DistanceFieldShadowing.usf" 310
"C:/Users/MarcelBlanck/Documents/GitHub/UE4_SpaceRTS/Engine/Binaries/Win64/../../../Engine/Shaders/DepthOnlyPixelShader.usf" 311
"C:/Users/MarcelBlanck/Documents/GitHub/UE4_SpaceRTS/Engine/Binaries/Win64/../../../Engine/Shaders/DepthOnlyVertexShader.usf" 312
"C:/Users/MarcelBlanck/Documents/GitHub/UE4_SpaceRTS/Engine/Binaries/Win64/../../../Engine/Shaders/PositionOnlyDepthVertexShader.usf" 313
"C:/Users/MarcelBlanck/Documents/GitHub/UE4_SpaceRTS/Engine/Binaries/Win64/../../../Engine/Shaders/DownsampleDepthPixelShader.usf" 314
"C:/Users/MarcelBlanck/Documents/GitHub/UE4_SpaceRTS/Engine/Binaries/Win64/../../../Engine/Shaders/EvaluateSurfelMaterial.usf" 315
"C:/Users/MarcelBlanck/Documents/GitHub/UE4_SpaceRTS/Engine/Binaries/Win64/../../../Engine/Shaders/ConvertToUniformMesh.usf" 316
"C:/Users/MarcelBlanck/Documents/GitHub/UE4_SpaceRTS/Engine/Binaries/Win64/../../../Engine/Shaders/BasePassPixelShader.usf" 317
"C:/Users/MarcelBlanck/Documents/GitHub/UE4_SpaceRTS/Engine/Binaries/Win64/../../../Engine/Shaders/BasePassCommon.usf" 318
"C:/Users/MarcelBlanck/Documents/GitHub/UE4_SpaceRTS/Engine/Binaries/Win64/../../../Engine/Shaders/ForEachLight.usf" 319
"C:/Users/MarcelBlanck/Documents/GitHub/UE4_SpaceRTS/Engine/Binaries/Win64/../../../Engine/Shaders/BasePassVertexShader.usf" 320
"C:/Users/MarcelBlanck/Documents/GitHub/UE4_SpaceRTS/Engine/Binaries/Win64/../../../Engine/Shaders/BasePassVertexCommon.usf" 321
"C:/Users/MarcelBlanck/Documents/GitHub/UE4_SpaceRTS/Engine/Binaries/Win64/../../../Engine/Shaders/BasePassTessellationShaders.usf" 322
"C:/Users/MarcelBlanck/Documents/GitHub/UE4_SpaceRTS/Engine/Binaries/Win64/../../../Engine/Shaders/AtmospherePrecompute.usf" 323
"C:/Users/MarcelBlanck/Documents/GitHub/UE4_SpaceRTS/Engine/Binaries/Win64/../../../Engine/Shaders/AtmospherePrecomputeCommon.usf" 324
"C:/Users/MarcelBlanck/Documents/GitHub/UE4_SpaceRTS/Engine/Binaries/Win64/../../../Engine/Shaders/AtmospherePrecomputeInscatter.usf" 325
"C:/Users/MarcelBlanck/Documents/GitHub/UE4_SpaceRTS/Engine/Binaries/Win64/../../../Engine/Shaders/AtmosphericFogShader.usf" 326
"C:/Users/MarcelBlanck/Documents/GitHub/UE4_SpaceRTS/Engine/Binaries/Win64/../../../Engine/Shaders/ResolveVertexShader.usf" 327
"C:/Users/MarcelBlanck/Documents/GitHub/UE4_SpaceRTS/Engine/Binaries/Win64/../../../Engine/Shaders/ResolvePixelShader.usf" 328
"C:/Users/MarcelBlanck/Documents/GitHub/UE4_SpaceRTS/Engine/Binaries/Win64/../../../Engine/Shaders/OneColorShader.usf" 329
"C:/Users/MarcelBlanck/Documents/GitHub/UE4_SpaceRTS/Engine/Binaries/Win64/../../../Engine/Shaders/ClearReplacementShaders.usf" 330
"C:/Users/MarcelBlanck/Documents/GitHub/UE4_SpaceRTS/Engine/Binaries/Win64/../../../Engine/Shaders/SimpleElementTexture2DPreviewPixelShader.usf" 331
"C:/Users/MarcelBlanck/Documents/GitHub/UE4_SpaceRTS/Engine/Binaries/Win64/../../../Engine/Shaders/SimpleElementNormalMapPixelShader.usf" 332
"C:/Users/MarcelBlanck/Documents/GitHub/UE4_SpaceRTS/Engine/Binaries/Win64/../../../Engine/Shaders/meshpaintdilatepixelshader.usf" 333
"C:/Users/MarcelBlanck/Documents/GitHub/UE4_SpaceRTS/Engine/Binaries/Win64/../../../Engine/Shaders/meshpaintdilatevertexshader.usf" 334
"C:/Users/MarcelBlanck/Documents/GitHub/UE4_SpaceRTS/Engine/Binaries/Win64/../../../Engine/Shaders/MeshPaintPixelShader.usf" 335
"C:/Users/MarcelBlanck/Documents/GitHub/UE4_SpaceRTS/Engine/Binaries/Win64/../../../Engine/Shaders/MeshPaintVertexShader.usf" 336
"../../../Engine/Config/Android/AndroidEngine.ini" 337
"../../../Engine/Config/HTML5/HTML5Engine.ini" 338
"../../../Engine/Config/IOS/IOSEngine.ini" 339
"../../../../SpaceRTS/DerivedDataCache/Boot.ddc" 340
"../../../Engine/Content/EngineFonts/Roboto.uasset" 341
"../../../Engine/Content/EngineMaterials/Widget3DPassThrough_Translucent.uasset" 342
"../../../Engine/Content/EngineMaterials/Widget3DPassThrough.uasset" 343
"../../../Engine/Content/EngineResources/WhiteSquareTexture.uasset" 344
"../../../Engine/Content/Functions/Engine_MaterialFunctions01/Shading/PowerToRoughness.uasset" 345
"../../../Engine/Content/Functions/Engine_MaterialFunctions01/Shading/ConvertFromDiffSpec.uasset" 346
"../../../Engine/Content/EngineMaterials/WorldGridMaterial.uasset" 347
"../../../Engine/Content/Functions/Engine_MaterialFunctions01/Opacity/CameraDepthFade.uasset" 348
"../../../Engine/Content/EngineMaterials/T_Default_Material_Grid_M.uasset" 349
"../../../Engine/Content/EngineMaterials/T_Default_Material_Grid_N.uasset" 350
"../../../Engine/Content/EngineMaterials/DefaultDeferredDecalMaterial.uasset" 351
"../../../Engine/Content/EngineMaterials/DefaultDiffuse.uasset" 352
"../../../Engine/Content/EngineMaterials/DefaultLightFunctionMaterial.uasset" 353
"../../../Engine/Content/EngineMaterials/DefaultPostProcessMaterial.uasset" 354
"../../../Engine/Content/Functions/Engine_MaterialFunctions02/Utility/BreakOutFloat2Components.uasset" 355
"../../../Engine/Content/EngineResources/DefaultTexture.uasset" 356
"../../../Engine/DerivedDataCache/4/9/8/MATSM_983AFA3849534FAA8491540B994BD32E_GLSL_ES2_3599__BC5N_DEV_SL_NODBUFD223CF__0EE5E58E6DDE4CFC6088FDB38C4DE8B4417335A6.udd" 357
"../../../Engine/DerivedDataCache/9/8/9/MATSM_983AFA3849534FAA8491540B994BD32E_GLSL_ES2_3599__BC5N_DEV_SL_NODBUFDAB81C__BFA5A6A834E3AD35E23FD3E923F89E08897D8543.udd" 358
"../../../Engine/DerivedDataCache/3/2/4/MATSM_983AFA3849534FAA8491540B994BD32E_GLSL_ES2_3599__BC5N_DEV_SL_NODBUFCE8942__BF6B075C08BEA70C52FCF1055903894990AFD7E6.udd" 359
"../../../Engine/DerivedDataCache/8/4/9/MATSM_983AFA3849534FAA8491540B994BD32E_GLSL_ES2_3599__BC5N_DEV_SL_NODBUFD9DB04__F8B039764FC4C50C8621499B85397DC2EBC30657.udd" 360
"../../../Engine/DerivedDataCache/6/8/2/MATSM_983AFA3849534FAA8491540B994BD32E_GLSL_ES2_3599__BC5N_DEV_SL_NODBUFFF0BBD__E8F9B21B998FAD7CF89CF268A3F4F20A5E5826F3.udd" 361
"../../../Engine/Content/EngineMaterials/Widget3DPassThrough_Translucent_OneSided.uasset" 362
"../../../Engine/DerivedDataCache/4/0/5/MATSM_983AFA3849534FAA8491540B994BD32E_GLSL_ES2_3599__BC5N_DEV_SL_NODBUFFF0BBD__1743DBAF3AE5C86EE53193000652D73C0EF69E68.udd" 363
"../../../Engine/Content/EngineMaterials/Widget3DPassThrough_Opaque.uasset" 364
"../../../Engine/DerivedDataCache/0/9/5/MATSM_983AFA3849534FAA8491540B994BD32E_GLSL_ES2_3599__BC5N_DEV_SL_NODBUFFF0BBD__7848811AC6076B8166590C02BCC5F574112F0A0D.udd" 365
"../../../Engine/Content/EngineMaterials/Widget3DPassThrough_Opaque_OneSided.uasset" 366
"../../../Engine/DerivedDataCache/5/6/4/MATSM_983AFA3849534FAA8491540B994BD32E_GLSL_ES2_3599__BC5N_DEV_SL_NODBUFFF0BBD__D53B8F15DBA08D752BFE1357D04B51F708623AEC.udd" 367
"../../../Engine/Content/EditorResources/S_Actor.uasset" 368
"../../../Engine/Content/Maps/Templates/Thumbnails/Default.uasset" 369
"../../../Engine/Content/EditorMaterials/ParticleSystems/PSysThumbnail_NoImage.uasset" 370
"../../../Engine/Content/EditorMaterials/ParticleSystems/PSysThumbnail_OOD.uasset" 371
"../../../Engine/Content/EditorLandscapeResources/DataLayer.uasset" 372
"../../../Engine/Content/EngineDamageTypes/DmgTypeBP_Environmental.uasset" 373
"..\..\..\Engine\Content\Internationalization\icudt53l\numberingSystems.res" 374
"..\..\..\Engine\Content\Internationalization\icudt53l\curr\supplementalData.res" 375
"..\..\..\Engine\Content\Internationalization\icudt53l\curr\pool.res" 376
"..\..\..\Engine\Content\Internationalization\icudt53l\curr\en.res" 377
"..\..\..\Engine\Content\Internationalization\icudt53l\curr\root.res" 378
"../../../Engine/Content/EngineMeshes/Sphere.uasset" 379
"../../../Engine/Content/EngineFonts/RobotoDistanceField.uasset" 380
"../../../Engine/Content/EngineMaterials/DefaultTextMaterialOpaque.uasset" 381
"../../../Engine/DerivedDataCache/3/1/8/MATSM_983AFA3849534FAA8491540B994BD32E_GLSL_ES2_3599__BC5N_DEV_SL_NODBUFAC9EF8__6389B47EC2D602D905476F136EA6B2A9A860D773.udd" 382
"../../../Engine/Content/EditorResources/S_Trigger.uasset" 383
"../../../Engine/Content/EngineResources/GradientTexture0.uasset" 384
"../../../Engine/Content/EngineResources/Black.uasset" 385
"../../../Engine/Content/EditorMaterials/MatineeGroups/MAT_Groups_Float.uasset" 386
"../../../Engine/Content/EditorMaterials/MatineeGroups/MAT_Groups_Director.uasset" 387
"../../../Engine/Content/EditorMaterials/MatineeGroups/MAT_Groups_Event.uasset" 388
"../../../Engine/Content/EditorMaterials/MatineeGroups/MAT_Groups_Anim.uasset" 389
"../../../Engine/Content/EditorMaterials/MatineeGroups/MAT_Groups_Fade.uasset" 390
"../../../Engine/Content/EditorMaterials/MatineeGroups/MAT_Groups_Move.uasset" 391
"../../../Engine/Content/EditorMaterials/MatineeGroups/MAT_Groups_Slomo.uasset" 392
"../../../Engine/Content/EditorMaterials/MatineeGroups/MAT_ColorTrack.uasset" 393
"../../../Engine/Content/EditorMaterials/MAT_Groups_Toggle.uasset" 394
"../../../Engine/Content/EditorMaterials/MatineeGroups/MAT_Groups_AudioMaster.uasset" 395
"../../../Engine/Content/EditorMaterials/MatineeGroups/MAT_Groups_Sound.uasset" 396
"../../../Engine/Content/EditorMaterials/MatineeGroups/MAT_Groups_Vector.uasset" 397
"../../../Engine/Content/EditorMaterials/MAT_Groups_Visibility.uasset" 398
"../../../Engine/Content/EngineResources/DefaultTextureCube.uasset" 399
"../../../Engine/Content/EngineSounds/Master.uasset" 400
"../../../Engine/Content/EngineSounds/Music.uasset" 401
"../../../Engine/Content/EngineSounds/SFX.uasset" 402
"../../../Engine/Content/EngineSounds/Normal_Attack.uasset" 403
"../../../Engine/Content/EngineSounds/Special_Attack_PSM.uasset" 404
"../../../Engine/Content/EngineSounds/Duck_Normal_Attack_MixMod.uasset" 405
"../../../Engine/Content/EngineSounds/Voice.uasset" 406
"../../../Engine/Content/EngineMeshes/Cylinder.uasset" 407
"../../../Engine/Content/EngineMaterials/DefaultMaterial.uasset" 408
"../../../Engine/DerivedDataCache/3/1/0/MATSM_983AFA3849534FAA8491540B994BD32E_GLSL_ES2_3599__BC5N_DEV_SL_NODBUFA65D8B__13F658B00FF72CBF6972810F4E326FF9725887B6.udd" 409
"../../../Engine/Content/EngineTireTypes/DefaultTireType.uasset" 410
"../../../Engine/Content/Editor/Slate/Fonts/FontAwesome.ttf" 411
"../../../Engine/Content/Editor/Slate/Fonts/DroidSansMono.ttf" 412
"../../../Engine/Content/Editor/Slate/Fonts/Roboto-BoldCondensed.ttf" 413
"../../../Engine/Content/Editor/Slate/Fonts/Roboto-Black.ttf" 414
"../../../Engine/Content/Editor/Slate/Fonts/Roboto-Italic.ttf" 415
"../../../Engine/Content/Editor/Slate/Fonts/Roboto-BoldCondensedItalic.ttf" 416
"..\..\..\Engine\Content\Internationalization\icudt53l\coll\ucadata.icu" 417
"..\..\..\Engine\Content\Internationalization\icudt53l\nfc.nrm" 418
"..\..\..\Engine\Content\Internationalization\icudt53l\coll\en.res" 419
"..\..\..\Engine\Content\Internationalization\icudt53l\coll\root.res" 420
"../../../Engine/Content/EngineResources/AICON-Red.uasset" 421
"../../../Engine/Content/EngineResources/AICON-Green.uasset" 422
"../../../Engine/Plugins/2D/Paper2D/Content/MaskedUnlitSpriteMaterial.uasset" 423
"../../../Engine/Plugins/2D/Paper2D/Content/DefaultSpriteMaterial.uasset" 424
"../../../Engine/Plugins/2D/Paper2D/Content/DummySpriteTexture.uasset" 425
"../../../Engine/Plugins/2D/Paper2D/Content/PlaceholderTextures/DummySpriteTexture.uasset" 426
"../../../Engine/DerivedDataCache/7/7/1/MATSM_983AFA3849534FAA8491540B994BD32E_GLSL_ES2_3599__BC5N_DEV_SL_NODBUFE8B628__8EDC731AD24D076F3B55AADEBECD9B405220C47D.udd" 427
"../../../Engine/Plugins/2D/Paper2D/Content/OpaqueUnlitSpriteMaterial.uasset" 428
"../../../Engine/DerivedDataCache/6/4/5/MATSM_983AFA3849534FAA8491540B994BD32E_GLSL_ES2_3599__BC5N_DEV_SL_NODBUFE8B628__DFF9A3D5BEC769EB1465CF1797DA78D26F9D9BC7.udd" 429
"../../../Engine/Plugins/2D/Paper2D/Content/DefaultPaperTerrainMaterial.uasset" 430
"../../../Engine/Plugins/2D/Paper2D/Content/DummySprite.uasset" 431
"../../../../SpaceRTS/Content/Actors/SpaceBox/MAT_SpaceBox.uasset" 432
"../../../../SpaceRTS/Content/Actors/SpaceBox/TEX_SpaceBox_DarkBlueNebula_2k.uasset" 433
"../../../Engine/DerivedDataCache/1/1/2/MATSM_983AFA3849534FAA8491540B994BD32E_GLSL_ES2_3599__BC5N_DEV_SL_NODBUFE81614__49ED1B1D81963A92908C76DC275A8F92DF0CC36F.udd" 434
"../../../../SpaceRTS/Content/Actors/SpaceBox/SM_SpaceBox.uasset" 435
"../../../../SpaceRTS/Content/Actors/SpaceShipTest/_Meshes/MAT_Human_SPaceship.uasset" 436
"../../../../SpaceRTS/Content/Actors/SpaceShipTest/_Meshes/baked_beauty_Spaceship_Human_Carrier.uasset" 437
"../../../../SpaceRTS/Content/Actors/SpaceShipTest/_Meshes/PBR_Test.uasset" 438
"../../../Engine/Saved/Config/Windows/SourceControlSettings.ini" 439
"../../../../SpaceRTS/Intermediate/Config/CoalescedSourceConfigs/SourceControlSettings.ini" 440
"C:/Users/MarcelBlanck/Documents/GitHub/SpaceRTS/Saved/Config/Windows/SourceControlSettings.ini" 441
"../../../Engine/Plugins/Runtime/LeapMotionController/Content/LM_CapsuleMesh.uasset" 442
"../../../Engine/Plugins/Runtime/LeapMotionController/Content/LM_TorusMesh.uasset" 443
"../../../Engine/Plugins/Runtime/LeapMotionController/Content/LM_HandColor.uasset" 444
"../../../Engine/DerivedDataCache/4/5/8/MATSM_983AFA3849534FAA8491540B994BD32E_GLSL_ES2_3599__BC5N_DEV_SL_NODBUF13D2B0__34FB2CAEECEDA445B6DAAF88A292D3D89955B7CE.udd" 445
"../../../Engine/Content/EngineMaterials/RemoveSurfaceMaterial.uasset" 446
"../../../Engine/DerivedDataCache/4/3/0/MATSM_983AFA3849534FAA8491540B994BD32E_GLSL_ES2_3599__BC5N_DEV_SL_NODBUF73E35E__3518C8E51B2230018BDBEDB81FA060A75152C4F2.udd" 447
"../../../Engine/Content/EngineDebugMaterials/DebugMeshMaterial.uasset" 448
"../../../Engine/DerivedDataCache/3/2/4/MATSM_983AFA3849534FAA8491540B994BD32E_GLSL_ES2_3599__BC5N_DEV_SL_NODBUFDC721E__2DD0F48BD84F6D456A1091DA05D16511DB4FED90.udd" 449
"../../../Engine/Content/EngineMaterials/M_InvalidLightmapSettings.uasset" 450
"../../../Engine/Content/EngineMaterials/InvalidLightmapSettings.uasset" 451
"../../../Engine/DerivedDataCache/6/5/5/MATSM_983AFA3849534FAA8491540B994BD32E_GLSL_ES2_3599__BC5N_DEV_SL_NODBUFEE9326__B956B5A11FC927CF4E6FEC89364F4D72536CEC6E.udd" 452
"../../../Engine/Content/EditorMaterials/GizmoMaterial.uasset" 453
"../../../Engine/DerivedDataCache/6/9/1/MATSM_983AFA3849534FAA8491540B994BD32E_GLSL_ES2_3599__BC5N_DEV_SL_NODBUFD10B7D__EDA24CA0A9FC22EF4222929CD73815D4ACF383A2.udd" 454
"../../../Engine/Content/EngineMaterials/Good64x64TilingNoiseHighFreq.uasset" 455
"../../../Engine/Content/EngineMaterials/DefaultBokeh.uasset" 456
"../../../Engine/Content/EngineMaterials/PreintegratedSkinBRDF.uasset" 457
"../../../Engine/Content/EngineMaterials/MiniFont.uasset" 458
"../../../Engine/Content/EngineMaterials/WeightMapPlaceholderTexture.uasset" 459
"../../../Engine/Content/EngineMaterials/DefaultWhiteGrid.uasset" 460
"../../../Engine/Content/EngineMaterials/DefaultPhysicalMaterial.uasset" 461
"../../../Engine/Content/EngineFonts/RobotoTiny.uasset" 462
"../../../Engine/Saved/AutoLoadProject.txt" 463
"../../../../SpaceRTS/Intermediate/CachedAssetRegistry.bin" 464
"C:/Users/MarcelBlanck/Documents/GitHub/SpaceRTS/Intermediate/Shaders/WorkingDirectory/6780/0/WorkerOutputOnly.out" 465
"../../../../SpaceRTS/Content/Testing/Test_ROV_Obstacle_Avoidance/Test_ROV_Obstacle_Avoidance.umap" 466
"../../../../SpaceRTS/Saved/Autosaves/Game/Levels/Demo1_Auto1.umap" 467
"../../../../SpaceRTS/Saved/Autosaves/Game/Levels/Demo1_Auto2.umap" 468
"../../../../SpaceRTS/Saved/Autosaves/Game/Levels/Demo1_Auto3.umap" 469
"../../../../SpaceRTS/Saved/Autosaves/Game/Levels/Demo1_Auto4.umap" 470
"../../../../SpaceRTS/Saved/Autosaves/Game/Levels/Loading_Auto1.umap" 471
"../../../../SpaceRTS/Saved/Autosaves/Game/Levels/Loading_Auto2.umap" 472
"../../../../SpaceRTS/Saved/Autosaves/Game/Levels/Loading_Auto3.umap" 473
"../../../../SpaceRTS/Saved/Autosaves/Game/Levels/Loading_Auto4.umap" 474
"../../../../SpaceRTS/Saved/Autosaves/Game/Levels/Loading_Auto5.umap" 475
"../../../../SpaceRTS/Saved/Autosaves/Game/Levels/Loading_Auto6.umap" 476
"../../../../SpaceRTS/Saved/Autosaves/Game/Levels/MainMenu_Auto1.umap" 477
"../../../../SpaceRTS/Saved/Autosaves/Game/Levels/MainMenu_Auto2.umap" 478
"../../../../SpaceRTS/Saved/Autosaves/Game/Levels/MainMenu_Auto3.umap" 479
"../../../../SpaceRTS/Saved/Autosaves/Game/Testing/Test_Input/Test_Input_Auto0.umap" 480
"../../../../SpaceRTS/Saved/Autosaves/Game/Testing/Test_Input/Test_Input_Auto1.umap" 481
"../../../../SpaceRTS/Saved/Autosaves/Game/Testing/Test_Input/Test_Input_Auto2.umap" 482
"../../../../SpaceRTS/Saved/Autosaves/Game/Testing/Test_Input/Test_Input_Auto3.umap" 483
"../../../../SpaceRTS/Saved/Autosaves/Game/Testing/Test_Input/Test_Input_Auto4.umap" 484
"../../../../SpaceRTS/Saved/Autosaves/Game/Testing/Test_Input/Test_Input_Auto5.umap" 485
"../../../../SpaceRTS/Saved/Autosaves/Game/Testing/Test_Input/Test_Input_Auto6.umap" 486
"../../../../SpaceRTS/Saved/Autosaves/Game/Testing/Test_Input/Test_Input_Auto7.umap" 487
"../../../../SpaceRTS/Saved/Autosaves/Game/Testing/Test_Input/Test_Input_Auto8.umap" 488
"../../../../SpaceRTS/Saved/Autosaves/Game/Testing/Test_Input/Test_Input_Auto9.umap" 489
"../../../../SpaceRTS/Saved/Autosaves/Game/Testing/Test_ROV_Obstacle_Avoidance/Test_ROV_Obstacle_Avoidance_Auto0.umap" 490
"../../../../SpaceRTS/Saved/Autosaves/Game/Testing/Test_ROV_Obstacle_Avoidance/Test_ROV_Obstacle_Avoidance_Auto1.umap" 491
"../../../../SpaceRTS/Saved/Autosaves/Game/Testing/Test_ROV_Obstacle_Avoidance/Test_ROV_Obstacle_Avoidance_Auto2.umap" 492
"../../../../SpaceRTS/Saved/Autosaves/Game/Testing/Test_ROV_Obstacle_Avoidance/Test_ROV_Obstacle_Avoidance_Auto3.umap" 493
"../../../../SpaceRTS/Saved/Autosaves/Game/Testing/Test_ROV_Obstacle_Avoidance/Test_ROV_Obstacle_Avoidance_Auto4.umap" 494
"../../../../SpaceRTS/Saved/Autosaves/Game/Testing/Test_ROV_Obstacle_Avoidance/Test_ROV_Obstacle_Avoidance_Auto5.umap" 495
"../../../../SpaceRTS/Saved/Autosaves/Game/Testing/Test_ROV_Obstacle_Avoidance/Test_ROV_Obstacle_Avoidance_Auto6.umap" 496
"../../../../SpaceRTS/Saved/Autosaves/Game/Testing/Test_ROV_Obstacle_Avoidance/Test_ROV_Obstacle_Avoidance_Auto7.umap" 497
"../../../../SpaceRTS/Saved/Autosaves/Game/Testing/Test_ROV_Obstacle_Avoidance/Test_ROV_Obstacle_Avoidance_Auto8.umap" 498
"../../../../SpaceRTS/Saved/Autosaves/Game/Testing/Test_ROV_Obstacle_Avoidance/Test_ROV_Obstacle_Avoidance_Auto9.umap" 499
"../../../../SpaceRTS/Saved/Autosaves/Game/Testing/Test_ROV_Obstacle_Avoidance/UEDPCTest_ROV_Obstacle_Avoidance.umap" 500
"../../../../SpaceRTS/Saved/Autosaves/Game/Tests/VelocityObstacleAvoidanceTest/VelocityObstacleAvoidance_Auto1.umap" 501
"../../../../SpaceRTS/Saved/Autosaves/Game/Tests/VelocityObstacleAvoidanceTest/VelocityObstacleAvoidance_Auto2.umap" 502
"../../../../SpaceRTS/Saved/Autosaves/Game/Tests/VelocityObstacleAvoidanceTest/VelocityObstacleAvoidance_Auto3.umap" 503
"../../../../SpaceRTS/Saved/Autosaves/Game/Tests/VelocityObstacleAvoidanceTest/VelocityObstacleAvoidance_Auto4.umap" 504
"C:/Users/MarcelBlanck/Documents/GitHub/SpaceRTS/Saved/Cooked/Android_ASTC/SpaceRTS/CookedIniVersion.txt" 505
"../../../Engine/DerivedDataCache/2/5/9/GSM_AF1606FCEC214373844D2B6CF9DF71C8_GLSL_ES2_3599__BC5N_DEV_SL_NODBUF_TSLATEE__56959C52229D170CBEA23305889B8CFE05EC6F8C.udd" 506
"../../../Engine/Content/MobileResources/HUD/VirtualJoystick_Thumb.uasset" 507
"../../../Engine/Content/EditorResources/BSPVertex.uasset" 508
"../../../Engine/Content/EngineDebugMaterials/WireframeMaterial.uasset" 509
"../../../Engine/DerivedDataCache/3/2/0/MATSM_983AFA3849534FAA8491540B994BD32E_GLSL_ES2_3599__BC5N_DEV_SL_NODBUFF7646F__3316AC5D03F984CB3455B6C16E1DAE162A6D60C1.udd" 510
"../../../Engine/Content/EngineDebugMaterials/GeomMaterial.uasset" 511
"../../../Engine/DerivedDataCache/5/2/9/MATSM_983AFA3849534FAA8491540B994BD32E_GLSL_ES2_3599__BC5N_DEV_SL_NODBUF53048F__793800C853959A645763448C6E0ED6477FC2AD85.udd" 512
"../../../Engine/Content/EngineDebugMaterials/LevelColorationLitMaterial.uasset" 513
"../../../Engine/DerivedDataCache/2/0/0/MATSM_983AFA3849534FAA8491540B994BD32E_GLSL_ES2_3599__BC5N_DEV_SL_NODBUFEB6949__DDCC75E8ADAEB70FA9063C39E86480F12DB7DE74.udd" 514
"../../../Engine/Content/EngineDebugMaterials/LevelColorationUnlitMaterial.uasset" 515
"../../../Engine/DerivedDataCache/2/4/1/MATSM_983AFA3849534FAA8491540B994BD32E_GLSL_ES2_3599__BC5N_DEV_SL_NODBUF0050C5__36E42372AB9417877AF0E8A4A187B1D317C68268.udd" 516
"../../../Engine/Content/EngineDebugMaterials/MAT_LevelColorationLitLightmapUV.uasset" 517
"../../../Engine/Content/EngineDebugMaterials/ShadedLevelColorationLitMaterial.uasset" 518
"../../../Engine/DerivedDataCache/8/5/5/MATSM_983AFA3849534FAA8491540B994BD32E_GLSL_ES2_3599__BC5N_DEV_SL_NODBUFD13C5D__808507AE4CEC3F69F0FD1F86E4D524393F66ACE5.udd" 519
"../../../Engine/Content/EngineDebugMaterials/ShadedLevelColorationUnlitMateri.uasset" 520
"../../../Engine/DerivedDataCache/4/0/1/MATSM_983AFA3849534FAA8491540B994BD32E_GLSL_ES2_3599__BC5N_DEV_SL_NODBUF2DF009__BFD9EEF02822852D983220A90539957FA52314DE.udd" 521
"../../../Engine/Content/EngineDebugMaterials/VertexColorMaterial.uasset" 522
"../../../Engine/DerivedDataCache/7/2/8/MATSM_983AFA3849534FAA8491540B994BD32E_GLSL_ES2_3599__BC5N_DEV_SL_NODBUF06C18A__22F2A23385BE909DCEE4AB438BC5470CC298B679.udd" 523
"../../../Engine/Content/EngineDebugMaterials/VertexColorViewMode_ColorOnly.uasset" 524
"../../../Engine/DerivedDataCache/5/1/0/MATSM_983AFA3849534FAA8491540B994BD32E_GLSL_ES2_3599__BC5N_DEV_SL_NODBUF9E7836__F8520F4E6CF0C4D3C93D2A0CE74AC3A07AFA7BAA.udd" 525
"../../../Engine/Content/EngineDebugMaterials/VertexColorViewMode_AlphaAsColor.uasset" 526
"../../../Engine/DerivedDataCache/5/6/5/MATSM_983AFA3849534FAA8491540B994BD32E_GLSL_ES2_3599__BC5N_DEV_SL_NODBUFE13ECC__806C462DD6AEA6A4E23B243E994E6F4EB723EDF0.udd" 527
"../../../Engine/Content/EngineDebugMaterials/VertexColorViewMode_RedOnly.uasset" 528
"../../../Engine/DerivedDataCache/1/2/5/MATSM_983AFA3849534FAA8491540B994BD32E_GLSL_ES2_3599__BC5N_DEV_SL_NODBUFE99ECB__161C2ABB4BE8DBAB83496D9D9DB351B7F0AC14F6.udd" 529
"../../../Engine/Content/EngineDebugMaterials/VertexColorViewMode_GreenOnly.uasset" 530
"../../../Engine/DerivedDataCache/0/6/6/MATSM_983AFA3849534FAA8491540B994BD32E_GLSL_ES2_3599__BC5N_DEV_SL_NODBUF086D49__541DA136E0F76D95EDFD2BF1C11154D6A21A7B5A.udd" 531
"../../../Engine/Content/EngineDebugMaterials/VertexColorViewMode_BlueOnly.uasset" 532
"../../../Engine/DerivedDataCache/3/8/8/MATSM_983AFA3849534FAA8491540B994BD32E_GLSL_ES2_3599__BC5N_DEV_SL_NODBUF07B1E5__B35CE6322CF3202CD68F7886E1498893E939E5D6.udd" 533
"../../../Engine/Content/EngineDebugMaterials/BoneWeightMaterial.uasset" 534
"../../../Engine/Content/EngineDebugMaterials/HeatmapGradient.uasset" 535
"../../../Engine/DerivedDataCache/9/6/9/MATSM_983AFA3849534FAA8491540B994BD32E_GLSL_ES2_3599__BC5N_DEV_SL_NODBUF32DBCB__AE0D51FD909D51DBCDC052CA7AFE8975617F4B98.udd" 536
"../../../Engine/Content/EditorMaterials/PhAT_JointLimitMaterial.uasset" 537
"../../../Engine/DerivedDataCache/5/6/9/MATSM_983AFA3849534FAA8491540B994BD32E_GLSL_ES2_3599__BC5N_DEV_SL_NODBUFCA0E6D__3DA7E4B97A88B461F4191A412C3DC636408A1A79.udd" 538
"../../../Engine/Content/EditorMaterials/PreviewShadowIndicatorMaterial.uasset" 539
"../../../Engine/Content/EditorMaterials/PreviewShadowIndicator.uasset" 540
"../../../Engine/Content/EngineMaterials/EditorBrushMaterial.uasset" 541
"../../../Engine/DerivedDataCache/5/2/7/MATSM_983AFA3849534FAA8491540B994BD32E_GLSL_ES2_3599__BC5N_DEV_SL_NODBUFBA2C52__AF89FEBD2B4E83F1827C3EDF9EAD0312B13054D8.udd" 542
"../../../Engine/Content/EditorMeshes/ColorCalibrator/SM_ColorCalibrator.uasset" 543
"../../../Engine/Content/EditorMeshes/ColorCalibrator/M_ChromeBall.uasset" 544
"../../../Engine/Content/EditorMeshes/ColorCalibrator/M_ClearCoat.uasset" 545
"../../../Engine/Content/EditorMeshes/ColorCalibrator/M_ClearCoatBlack.uasset" 546
"../../../Engine/Content/EditorMeshes/ColorCalibrator/M_ColorGrid.uasset" 547
"../../../Engine/Content/EditorMeshes/ColorCalibrator/T_ColorGrid.uasset" 548
"../../../Engine/Content/EditorMeshes/ColorCalibrator/M_GreyBall.uasset" 549
"../../../Engine/DerivedDataCache/6/1/7/MATSM_983AFA3849534FAA8491540B994BD32E_GLSL_ES2_3599__BC5N_DEV_SL_NODBUFE22E84__774AE7FBB80508314E2DDC354FD54463E1D476AC.udd" 550
"../../../Engine/DerivedDataCache/9/0/6/MATSM_983AFA3849534FAA8491540B994BD32E_GLSL_ES2_3599__BC5N_DEV_SL_NODBUFCA17AC__F251367DE4C050180AD75EA9B964ABDC40615B7D.udd" 551
"../../../Engine/DerivedDataCache/5/5/8/MATSM_983AFA3849534FAA8491540B994BD32E_GLSL_ES2_3599__BC5N_DEV_SL_NODBUFC9EC73__4E28F71EA9B931341FC020FE6D2A603FB181BA2D.udd" 552
"../../../Engine/DerivedDataCache/6/0/2/STATICMESH_46A8778361B442A9523C54440EA1E9D_2C1BC8F50A7A43818AFE266EB43D9060_79__298CAEE625C9D398594D75C81872738B32891DA8.udd" 553
"../../../Engine/DerivedDataCache/5/2/5/NAVCOLLISION_B89838347A4348138EE337A847529C5C_NAVCOLLISION_X_6E52BDA04AB03E3BE__519612193A5011F35C31B57B4417E474BE73E8EF.udd" 554
"../../../Engine/DerivedDataCache/0/8/2/PHYSX_$7B1F0627AE$2DABEB$2D4206$2D8D78$2DE16BEB5DDC7E$7D_PHYSXPC_6E52BDA04AB03__8B78F47DF382A88C4646390AB5015DE5036C35C9.udd" 555
"../../../Engine/DerivedDataCache/1/3/3/MATSM_983AFA3849534FAA8491540B994BD32E_GLSL_ES2_3599__BC5N_DEV_SL_NODBUFECFD70__37DA346BEF6B7BC13A269515214737875FF0EF2C.udd" 556
"../../../Engine/DerivedDataCache/1/1/2/MATSM_983AFA3849534FAA8491540B994BD32E_GLSL_ES2_3599__BC5N_DEV_SL_NODBUF7DD52D__7DA174EB27747D1B5099F4CCD227D1967D0DDFBC.udd" 557
"../../../Engine/DerivedDataCache/3/7/9/TEXTURE_814DCC3DC72143F49509781513CB9855_BGRA8_2303080240B4FBC995EC43ABAA9A8C6__FF67176A68B6CAB831A7F4C31766F94B348FF9C3.udd" 558
"../../../Engine/DerivedDataCache/4/8/6/TEXTURE_814DCC3DC72143F49509781513CB9855_ASTC_RGBAUTO_25634_C45F0F7D439FAD5204__2A2CE133DC1B71C39E95415235B74BFDC77D3415.udd" 559
"../../../Engine/DerivedDataCache/3/5/6/TEXTURE_814DCC3DC72143F49509781513CB9855_ASTC_RGBAUTO_25634_FDD461EC4EDF5F99C6__B9E9F33F3CD4B45AA6ACD224C8DFEE2DE868EEBF.udd" 560
"../../../Engine/DerivedDataCache/8/4/4/TEXTURE_814DCC3DC72143F49509781513CB9855_ASTC_RGBAUTO_25634_FDD461EC4EDF5F99C6__B4982346BA489FFB14029CB004B095F0E97607C2.udd" 561
"../../../Engine/DerivedDataCache/8/0/5/TEXTURE_814DCC3DC72143F49509781513CB9855_ASTC_RGBAUTO_25634_FDD461EC4EDF5F99C6__A5D424807EC63BB9D200594727D6C681240BDCB5.udd" 562
"../../../Engine/DerivedDataCache/6/8/1/TEXTURE_814DCC3DC72143F49509781513CB9855_ASTC_RGBAUTO_25634_FDD461EC4EDF5F99C6__FF3A3A01EAFFD49DC0AE54C7E119D5F65C753E09.udd" 563
"../../../Engine/DerivedDataCache/8/3/4/TEXTURE_814DCC3DC72143F49509781513CB9855_ASTC_NORMALRG_25634_565E0359430950FA2__9CE46E2C6A51996D8BC72E4607B99DCD2201B3A2.udd" 564
"../../../Engine/DerivedDataCache/5/0/2/TEXTURE_814DCC3DC72143F49509781513CB9855_ASTC_NORMALRG_25634_565E0359430950FA2__8C870ED6301805CE7060E516639AE0B79873F910.udd" 565
"../../../Engine/DerivedDataCache/3/0/4/TEXTURE_814DCC3DC72143F49509781513CB9855_ASTC_NORMALRG_25634_565E0359430950FA2__28994A12BD961749879E0254DFC14B7CFDF84D87.udd" 566
"../../../Engine/DerivedDataCache/5/6/4/TEXTURE_814DCC3DC72143F49509781513CB9855_ASTC_RGBAUTO_25634_B21C1AFF42ACD5ADC8__4EA7B11FFDD98328252A6B7EAB4048DB8DDD9080.udd" 567
"../../../Engine/DerivedDataCache/9/7/2/TEXTURE_814DCC3DC72143F49509781513CB9855_ASTC_RGBAUTO_25634_B21C1AFF42ACD5ADC8__D3EE933706CC1E5A93C10ADA44FD1E9414C3BB56.udd" 568
"../../../Engine/DerivedDataCache/3/5/4/TEXTURE_814DCC3DC72143F49509781513CB9855_ASTC_RGBAUTO_25634_B21C1AFF42ACD5ADC8__3036FA079B85B61298A9B4DDF70BA87FBA22C78E.udd" 569
"../../../Engine/DerivedDataCache/1/7/7/TEXTURE_814DCC3DC72143F49509781513CB9855_ASTC_RGBAUTO_25634_B21C1AFF42ACD5ADC8__CB4F0E0FCB548AB1F190450551D5A0070D725022.udd" 570
"../../../Engine/DerivedDataCache/3/1/9/TEXTURE_814DCC3DC72143F49509781513CB9855_ASTC_RGBAUTO_25634_B21C1AFF42ACD5ADC8__AEF5B1956893C95929DC97DF8D66A66CFF2CAAFA.udd" 571
"../../../Engine/DerivedDataCache/2/0/2/TEXTURE_814DCC3DC72143F49509781513CB9855_ASTC_RGB_25634_15564967414184874DBCB8__54C7B5AB2BC7373CFF5F6534879033D59508A8A8.udd" 572
"../../../Engine/DerivedDataCache/1/2/6/TEXTURE_814DCC3DC72143F49509781513CB9855_ASTC_RGB_25634_15564967414184874DBCB8__DB95D17EBAC8C4A7CD653C44272BD85BA95F4345.udd" 573
"../../../Engine/DerivedDataCache/3/1/8/TEXTURE_814DCC3DC72143F49509781513CB9855_BGRA8_5216118D4EACC7D4064ADCBA89F7720__4776B6E2E6502A15BA73B7522CDBB3F8E50002AD.udd" 574
"../../../Engine/DerivedDataCache/2/8/1/TEXTURE_814DCC3DC72143F49509781513CB9855_BGRA8_5216118D4EACC7D4064ADCBA89F7720__66F5A912C12ECCBFC7828C141D8C68C1A07C0A15.udd" 575
"../../../Engine/DerivedDataCache/1/9/6/TEXTURE_814DCC3DC72143F49509781513CB9855_BGRA8_B19E8D43472CA8B277E8CCA8993996A__878CA4B0813C95120A256C74CF1AC98FA54BEF64.udd" 576
"../../../Engine/DerivedDataCache/5/6/0/TEXTURE_814DCC3DC72143F49509781513CB9855_ASTC_RGBAUTO_25634_55809E694EE7DB2922__0C857B79CCDF72B01D5E814A8D43B2A0697D7C40.udd" 577
"../../../Engine/DerivedDataCache/4/0/3/TEXTURE_814DCC3DC72143F49509781513CB9855_ASTC_RGBAUTO_25634_55809E694EE7DB2922__DB23F5869DB527530EB0320C461086B0317111A4.udd" 578
"../../../Engine/DerivedDataCache/8/0/2/TEXTURE_814DCC3DC72143F49509781513CB9855_ASTC_RGBAUTO_25634_55809E694EE7DB2922__63FAB72761FCF93A932A735DB5ADF28DA70CA1A7.udd" 579
"../../../Engine/DerivedDataCache/8/3/8/TEXTURE_814DCC3DC72143F49509781513CB9855_ASTC_RGBAUTO_25634_7BC0404946D77A8C09__61EAA6EC98C97362DD98A82E232F2DD6A4C8186A.udd" 580
"../../../Engine/DerivedDataCache/3/5/9/TEXTURE_814DCC3DC72143F49509781513CB9855_ASTC_RGBAUTO_25634_7BC0404946D77A8C09__FCC56B5E9DFFC01D396D74943F6E04D641305A7D.udd" 581
"../../../Engine/DerivedDataCache/0/1/3/TEXTURE_814DCC3DC72143F49509781513CB9855_G8_C13BD2BB45C48968C13E6F8322E0CF1A_0__A856BDB1C74F641C3E5A497386077ABA922667E4.udd" 582
"../../../Engine/DerivedDataCache/8/0/6/TEXTURE_814DCC3DC72143F49509781513CB9855_BGRA8_D0FECEC94BB5E3DA0C23C4AB41A933F__26A4750DDEE85082D5E426AC2FC0FB509DBC0E30.udd" 583
"../../../Engine/DerivedDataCache/2/2/3/TEXTURE_814DCC3DC72143F49509781513CB9855_BGRA8_D0FECEC94BB5E3DA0C23C4AB41A933F__BCC05532D8752724EDE6B77A32222320BD230C00.udd" 584
"../../../Engine/DerivedDataCache/0/5/5/TEXTURE_814DCC3DC72143F49509781513CB9855_BGRA8_D0FECEC94BB5E3DA0C23C4AB41A933F__A74983DD16C9F19298E271B929B3C0B3FE13FC9E.udd" 585
"../../../Engine/DerivedDataCache/5/1/3/TEXTURE_814DCC3DC72143F49509781513CB9855_BGRA8_C6F046E346DE53E9987E70930FC6D31__2BC58C7103301983DEFA01C3C389866FD917AABF.udd" 586
"../../../Engine/DerivedDataCache/4/2/9/TEXTURE_814DCC3DC72143F49509781513CB9855_ASTC_RGBAUTO_25634_1EC0B18B47E7595995__74F8562DD81B857ABCBD00EC93349E12B70663C0.udd" 587
"../../../Engine/DerivedDataCache/9/3/6/TEXTURE_814DCC3DC72143F49509781513CB9855_ASTC_RGBAUTO_25634_3D7D3365419CADDBF5__CF028BBCEA88C9C8E94AFAB1C352F0DDB7CC4832.udd" 588
"../../../Engine/DerivedDataCache/5/6/5/TEXTURE_814DCC3DC72143F49509781513CB9855_ASTC_RGBAUTO_25634_3CAC1F094FB87A98E5__AD68AFA0A52662E162DBE8A8633062AC3F0DE52B.udd" 589
"../../../Engine/DerivedDataCache/0/1/2/TEXTURE_814DCC3DC72143F49509781513CB9855_ASTC_RGBAUTO_25634_33CBEF834D7D60ED9D__AAE127ADB994F5C77FD806A8D40A8A8E64CD4F19.udd" 590
"../../../Engine/DerivedDataCache/4/7/6/TEXTURE_814DCC3DC72143F49509781513CB9855_ASTC_RGBAUTO_25634_CBF5B13548AB62E6A9__F5E6CF9CA1CFB670E99E8EB3F2F73D153C4E4F63.udd" 591
"../../../Engine/DerivedDataCache/0/4/4/TEXTURE_814DCC3DC72143F49509781513CB9855_ASTC_RGBAUTO_25634_E38B68B34F759D23C6__210E0CD9416C7F369DFBBFBA15BB4DC1FBD6C486.udd" 592
"../../../Engine/DerivedDataCache/8/6/9/TEXTURE_814DCC3DC72143F49509781513CB9855_ASTC_RGBAUTO_25634_E55F8197440DD2855E__CBA36BEF1DDBAA5C834DF646D41785A3E0F4AF7E.udd" 593
"../../../Engine/DerivedDataCache/7/9/0/TEXTURE_814DCC3DC72143F49509781513CB9855_ASTC_RGBAUTO_25634_A6C0C4B74D09BE1A7E__FF1BD086CD897FF24A852700E76562EF62BE4064.udd" 594
"../../../Engine/DerivedDataCache/7/7/0/TEXTURE_814DCC3DC72143F49509781513CB9855_ASTC_RGBAUTO_25634_7D98C11E41884B4A67__7325E695D9A8ADC6BFD9F97292BF8F81F632C1E0.udd" 595
"../../../Engine/DerivedDataCache/4/7/9/TEXTURE_814DCC3DC72143F49509781513CB9855_ASTC_RGBAUTO_25634_74A80EB64112E46096__5641070DF4D2615A25CD428E85D51057786E774C.udd" 596
"../../../Engine/DerivedDataCache/5/1/7/TEXTURE_814DCC3DC72143F49509781513CB9855_ASTC_RGBAUTO_25634_264ABDF14257816FFA__A69A17E5D19342A9196B2C28185F3C5EA55E5C1E.udd" 597
"../../../Engine/DerivedDataCache/0/6/6/TEXTURE_814DCC3DC72143F49509781513CB9855_ASTC_RGBAUTO_25634_025102BB43BBEAC3F0__1E754EA3E00D704EBF7189FFB71BB3432C7A23A4.udd" 598
"../../../Engine/DerivedDataCache/4/9/3/TEXTURE_814DCC3DC72143F49509781513CB9855_ASTC_RGBAUTO_25634_C55865344733442FBA__6B03CFB589798EFB1B565759A60B23C1D7F395FA.udd" 599
"../../../Engine/DerivedDataCache/8/3/7/TEXTURE_814DCC3DC72143F49509781513CB9855_ASTC_RGBAUTO_25634_6A6029554EC6CEDCFF__83040B494EF10D94275D6EB4B4489314F39F2C5A.udd" 600
"../../../Engine/DerivedDataCache/9/7/0/TEXTURE_814DCC3DC72143F49509781513CB9855_ASTC_RGB_25634_C349D2FA2A30FC1134357D__85D0557BB953C750E07B35C920D406C332DD1585.udd" 601
"../../../Engine/DerivedDataCache/3/2/4/TEXTURE_814DCC3DC72143F49509781513CB9855_ASTC_RGBAUTO_25634_09053A42486F57C671__67679026A9391CDAA53039DB791D4A68D03986F2.udd" 602
"../../../Engine/DerivedDataCache/1/6/9/TEXTURE_814DCC3DC72143F49509781513CB9855_ASTC_RGBAUTO_25634_B07BB94C4024838454__229CA68ADAC3436B5574101E4113B50140EEF649.udd" 603
"../../../Engine/DerivedDataCache/0/0/6/TEXTURE_814DCC3DC72143F49509781513CB9855_ASTC_RGBAUTO_25634_584A79B64659824234__379754D83827423DFB0BDC60952D1852563C00CF.udd" 604
"../../../Engine/DerivedDataCache/1/5/9/TEXTURE_814DCC3DC72143F49509781513CB9855_ASTC_RGBAUTO_25634_584A79B64659824234__DA54AB8160F3939CC85BCEE2E9F450CF53C388FB.udd" 605
"../../../Engine/DerivedDataCache/7/1/8/TEXTURE_814DCC3DC72143F49509781513CB9855_BGRA8_ADA6EF1146DA511E608EE88382F6493__451546B5D677B107611D052526D42F9B25DC727A.udd" 606
"../../../Engine/DerivedDataCache/0/9/5/TEXTURE_814DCC3DC72143F49509781513CB9855_BGRA8_ADA6EF1146DA511E608EE88382F6493__A6AD6E170773ECB84C54F283D0671A10FB60D465.udd" 607
"../../../Engine/DerivedDataCache/9/6/4/TEXTURE_814DCC3DC72143F49509781513CB9855_BGRA8_ADA6EF1146DA511E608EE88382F6493__755B7A252B7EF7108D042456B043D96A790A91CB.udd" 608
"../../../Engine/DerivedDataCache/0/3/0/TEXTURE_814DCC3DC72143F49509781513CB9855_BGRA8_ADA6EF1146DA511E608EE88382F6493__07B26739C92224AA7B8E60B9DE5A09E0E228C125.udd" 609
"../../../Engine/DerivedDataCache/8/7/1/TEXTURE_814DCC3DC72143F49509781513CB9855_BGRA8_ADA6EF1146DA511E608EE88382F6493__CCFB589E147D1D90D317255C37F36BFC0E659FF6.udd" 610
"../../../Engine/DerivedDataCache/5/2/4/TEXTURE_814DCC3DC72143F49509781513CB9855_BGRA8_ADA6EF1146DA511E608EE88382F6493__A6C78C81A2E8196C018824BA49B8D2BE25CF412B.udd" 611
"../../../../SpaceRTS/Intermediate/Cache/b8071ee4-4ec3293a-a5462eb0-6fa96139-RGBToASTCOut.astc" 612
"../../../../SpaceRTS/Intermediate/Cache/feaf2179-4003f77e-40a96390-bd65bf86-RGBToASTCOut.astc" 613
"../../../../SpaceRTS/Intermediate/Cache/077fd7bb-4193e4f9-b90d5288-5485b89e-RGBToASTCOut.astc" 614
"../../../../SpaceRTS/Intermediate/Cache/40b0be49-4c87570e-b39b3aa7-21b41cab-RGBToASTCOut.astc" 615
"../../../../SpaceRTS/Intermediate/Cache/b8024fe2-49cd1f76-647e80b1-53d74403-RGBToASTCOut.astc" 616
"../../../../SpaceRTS/Intermediate/Cache/0e60a6c2-4219d78c-49ae50a9-a93028a5-RGBToASTCOut.astc" 617
"../../../../SpaceRTS/Intermediate/Cache/40de5902-4464d906-51a39f9b-22f03adc-RGBToASTCOut.astc" 618
"../../../../SpaceRTS/Intermediate/Cache/351e2d97-471c2845-ecb29aa4-752cafe5-RGBToASTCOut.astc" 619
"../../../../SpaceRTS/Intermediate/Cache/42dccfab-400f3509-be85f0a2-68dee7f3-RGBToASTCOut.astc" 620
"../../../../SpaceRTS/Intermediate/Cache/16ea0025-45926e91-8157d6a5-109fe79b-RGBToASTCOut.astc" 621
"../../../../SpaceRTS/Intermediate/Cache/0151c5e5-441621e3-1f038abc-48837e4b-RGBToASTCOut.astc" 622
"../../../../SpaceRTS/Intermediate/Cache/4918cdc2-49e9f540-691742a0-aa605a20-RGBToASTCOut.astc" 623
"../../../Engine/DerivedDataCache/5/4/1/TEXTURE_814DCC3DC72143F49509781513CB9855_ASTC_RGBAUTO_25634_5075C5404C9665C57F__F949D045E63484B288203347BA8EE37DCC7A08E9.udd" 624
"../../../Engine/DerivedDataCache/6/6/0/TEXTURE_814DCC3DC72143F49509781513CB9855_ASTC_RGBAUTO_25634_5075C5404C9665C57F__C6A0A73074C6CC42CB868F043C9964605D7AFE9A.udd" 625
"../../../Engine/DerivedDataCache/8/0/9/TEXTURE_814DCC3DC72143F49509781513CB9855_ASTC_RGBAUTO_25634_5075C5404C9665C57F__3C3380C54FF9373C206766CB599A9FD14B4BA0F2.udd" 626
"../../../Engine/DerivedDataCache/9/8/6/TEXTURE_814DCC3DC72143F49509781513CB9855_ASTC_RGBAUTO_25634_5075C5404C9665C57F__7EBE8BB06013BF91363777D09479EF2920ED3E79.udd" 627
"../../../Engine/DerivedDataCache/2/2/6/TEXTURE_814DCC3DC72143F49509781513CB9855_G8_1C2B54F74EBDC3C23B1A0B85D55D159C_0__2E2A404ABA0B1D38FA0F8DFA476C0ECE606A40A4.udd" 628
"../../../Engine/DerivedDataCache/4/7/9/TEXTURE_814DCC3DC72143F49509781513CB9855_BGRA8_52C2D2044F80407BBABA8CB2BA04F4F__FDB37FDECA0F67A24577A4436B3C2D9D715FD7D7.udd" 629
"../../../Engine/DerivedDataCache/2/9/2/TEXTURE_814DCC3DC72143F49509781513CB9855_BGRA8_A28EC0C4486158C85466808599E49A4__1FF86D5F10DF5DA41E6C385F79D34A8F73D47BF5.udd" 630
"../../../Engine/DerivedDataCache/0/8/6/TEXTURE_814DCC3DC72143F49509781513CB9855_ASTC_RGBAUTO_25634_B1F6A23D46761DA174__07BCB795634B624093848CD941260AEBDF63BA1D.udd" 631
"../../../Engine/DerivedDataCache/5/4/9/TEXTURE_814DCC3DC72143F49509781513CB9855_BGRA8_9B0249994A9B1B14D96CD7BB7A90FB3__74A9C9C27BB25673E2C803395BE184240A57985C.udd" 632
"../../../Engine/DerivedDataCache/2/3/0/TEXTURE_814DCC3DC72143F49509781513CB9855_ASTC_RGBAUTO_25634_95D01D314436990422__B15E6551E6D1D5F989204FFF93179D9FBA491585.udd" 633
"../../../Engine/DerivedDataCache/0/0/1/TEXTURE_814DCC3DC72143F49509781513CB9855_ASTC_RGBAUTO_25634_95D01D314436990422__1E1AB9A450B65851B64EAA173FA9D62442871E20.udd" 634
"../../../Engine/DerivedDataCache/7/1/1/TEXTURE_814DCC3DC72143F49509781513CB9855_ASTC_RGBAUTO_25634_6A00F1654C244F95E8__644D4D0D3B7F013F631879274D232860B8DD1EB7.udd" 635
"../../../Engine/DerivedDataCache/8/1/8/TEXTURE_814DCC3DC72143F49509781513CB9855_BGRA8_300F91D746B84377794E1FA74622CC3__0CF773674540940F3B26ED33054647E44CAC1F0D.udd" 636
"../../../Engine/DerivedDataCache/4/9/8/TEXTURE_814DCC3DC72143F49509781513CB9855_BGRA8_300F91D746B84377794E1FA74622CC3__C63D40BDCBDD34BF7686F4DE7E8E3F79E3975346.udd" 637
"../../../Engine/DerivedDataCache/1/3/3/TEXTURE_814DCC3DC72143F49509781513CB9855_BGRA8_300F91D746B84377794E1FA74622CC3__51E0BAA5DE2C6204E477108FEF679A79290291B4.udd" 638
"../../../Engine/DerivedDataCache/2/1/3/TEXTURE_814DCC3DC72143F49509781513CB9855_BGRA8_300F91D746B84377794E1FA74622CC3__377AF1476D1F084F5702571C4DF930106762A4A4.udd" 639
"../../../Engine/DerivedDataCache/9/8/2/TEXTURE_814DCC3DC72143F49509781513CB9855_G8_EFCCE016429008D9D6575CB3A2DF598A_0__F949E4B3D838BDCB34985AA09A06B8738A445AB5.udd" 640
"../../../Engine/DerivedDataCache/4/2/1/TEXTURE_814DCC3DC72143F49509781513CB9855_G8_EFCCE016429008D9D6575CB3A2DF598A_0__8945277941692C5A22D79C1A7D9B477B8846D045.udd" 641
"../../../Engine/DerivedDataCache/3/8/5/TEXTURE_814DCC3DC72143F49509781513CB9855_G8_EFCCE016429008D9D6575CB3A2DF598A_0__D2A687F2C18FB52AE2E1EEDB04C9C77170CD0FC3.udd" 642
"../../../Engine/DerivedDataCache/9/3/2/TEXTURE_814DCC3DC72143F49509781513CB9855_G8_EFCCE016429008D9D6575CB3A2DF598A_0__6C2CA7981AAE3BB88E80EDB6A8D74338EC182B8A.udd" 643
"../../../Engine/DerivedDataCache/5/1/6/TEXTURE_814DCC3DC72143F49509781513CB9855_ASTC_RGBAUTO_25634_A5E28525480F8268BF__80CC990B37DCA28566B9A8CAFA310F268729A222.udd" 644
"../../../Engine/DerivedDataCache/5/6/2/TEXTURE_814DCC3DC72143F49509781513CB9855_ASTC_RGBAUTO_25634_A5E28525480F8268BF__1B5D518E70C13DE742F47444B982276867497594.udd" 645
"../../../Engine/DerivedDataCache/9/3/9/TEXTURE_814DCC3DC72143F49509781513CB9855_ASTC_RGBAUTO_25634_A5E28525480F8268BF__51093F4E369DEF8625062DD708FF5462A42065A5.udd" 646
"../../../Engine/DerivedDataCache/4/3/6/TEXTURE_814DCC3DC72143F49509781513CB9855_ASTC_RGBAUTO_25634_A5E28525480F8268BF__C523E462989DC5400DAB85E09D9E1DCE4820DB56.udd" 647
"../../../Engine/Content/MobileResources/HUD/MobileHUDButton1_off.uasset" 648
"../../../Engine/DerivedDataCache/5/7/4/TEXTURE_814DCC3DC72143F49509781513CB9855_ASTC_RGBAUTO_25634_5FF2868842E6DED8A4__1A3B042A0F9BE4EA134AEC406E69130E1E3229E5.udd" 649
"../../../Engine/Content/MobileResources/HUD/AnalogHat.uasset" 650
"../../../Engine/DerivedDataCache/7/2/7/TEXTURE_814DCC3DC72143F49509781513CB9855_ASTC_RGBAUTO_25634_2E1EE3B14D43A62B84__CF276405184832E60BC95F608E7D109C32020799.udd" 651
"../../../../SpaceRTS/Content/Levels/Loading.umap" 652
"../../../../SpaceRTS/Content/GUI/OculusLoading/OculusLoading.uasset" 653
"../../../../SpaceRTS/Content/GUI/OculusLoading/MAT_OculusLoading.uasset" 654
"../../../../SpaceRTS/Content/GUI/OculusLoading/loading_indicator.uasset" 655
"../../../../SpaceRTS/Content/Meshes/Plane.uasset" 656
"../../../Engine/DerivedDataCache/7/7/8/MATSM_983AFA3849534FAA8491540B994BD32E_GLSL_ES2_3599__BC5N_DEV_SL_NODBUFC80E94__5C3BE7ADA48821C121537F77C5943560CF88344A.udd" 657
"../../../Engine/DerivedDataCache/4/4/5/STATICMESH_46A8778361B442A9523C54440EA1E9D_2C1BC8F50A7A43818AFE266EB43D9060_1A__715040228EE3FEF206484B9A01836FBE62C0832D.udd" 658
"../../../Engine/DerivedDataCache/1/8/8/NAVCOLLISION_B89838347A4348138EE337A847529C5C_NAVCOLLISION_X_A977578D4241068FC__8DA7BE6F50F1ED6A1C335A85B8F3D58AF010F980.udd" 659
"../../../Engine/DerivedDataCache/9/8/6/TEXTURE_814DCC3DC72143F49509781513CB9855_BGRA8_D6FAF1284D1730536B9153B4F88BB48__A4E788C9F5B92276F01D41B94FD99DAAB3BEECAB.udd" 660
"../../../Engine/DerivedDataCache/1/6/3/TEXTURE_814DCC3DC72143F49509781513CB9855_BGRA8_D6FAF1284D1730536B9153B4F88BB48__C681122036048590C299F3FF253B0BC8CB2591B7.udd" 661
"../../../../SpaceRTS/Content/Levels/MainMenu.umap" 662
"../../../../SpaceRTS/Content/GUI/OculusLoading/OculusLoading_GM.uasset" 663
"../../../../SpaceRTS/Content/GUI/AvatarStances/Sprite_Avatar_Stance_EmporerChair.uasset" 664
"../../../Engine/Plugins/2D/Paper2D/Content/TranslucentUnlitSpriteMaterial.uasset" 665
"../../../../SpaceRTS/Content/GUI/AvatarStances/avatar-stance.uasset" 666
"../../../../SpaceRTS/Content/GUI/AvatarStances/Sprite_Avatar_Stance_NormalChair.uasset" 667
"../../../../SpaceRTS/Content/GUI/AvatarStances/Sprite_Avatar_Stance_standing.uasset" 668
"../../../../SpaceRTS/Content/GUI/AvatarStances/Sprite_Avatar_Stance_SwivelChair.uasset" 669
"../../../Engine/DerivedDataCache/9/2/6/MATSM_983AFA3849534FAA8491540B994BD32E_GLSL_ES2_3599__BC5N_DEV_SL_NODBUFE8B628__24A827381E8E99824CE33D896941B5E2E169331D.udd" 670
"../../../Engine/DerivedDataCache/3/7/1/TEXTURE_814DCC3DC72143F49509781513CB9855_BGRA8_524F60EF477BBFD6835BD8A8BFC658F__1E6AE93394AEFD0CD9E3A650603370A39DBA6A0C.udd" 671
"../../../Engine/DerivedDataCache/5/5/2/TEXTURE_814DCC3DC72143F49509781513CB9855_BGRA8_524F60EF477BBFD6835BD8A8BFC658F__20512B302EAB67D1BFD2ABF7E6C6B14238530F87.udd" 672
"../../../Engine/DerivedDataCache/6/1/3/TEXTURE_814DCC3DC72143F49509781513CB9855_BGRA8_524F60EF477BBFD6835BD8A8BFC658F__01B6E971C37043FA4FE2EB8759D1CAF3AB69AB70.udd" 673
"../../../Engine/DerivedDataCache/2/6/9/TEXTURE_814DCC3DC72143F49509781513CB9855_BGRA8_524F60EF477BBFD6835BD8A8BFC658F__339CB1768E84D787C2358C118FFD6D1BA0D198ED.udd" 674
"../../../Engine/DerivedDataCache/2/8/4/TEXTURE_814DCC3DC72143F49509781513CB9855_BGRA8_524F60EF477BBFD6835BD8A8BFC658F__9DFEC9452B0B3966E3919FD9F044693DCB06F389.udd" 675
"../../../Engine/Content/MobileResources/HUD/VirtualJoystick_Background.uasset" 676
"../../../Engine/DerivedDataCache/5/4/8/TEXTURE_814DCC3DC72143F49509781513CB9855_BGRA8_BD2910D742B4B4778E3374B97767851__F910B2E0445BFA5900D0CD3EC9C80B5608789FD4.udd" 677
"../../../Engine/Content/MobileResources/HUD/MobileHUDButtonFire.uasset" 678
"../../../Engine/DerivedDataCache/1/7/7/TEXTURE_814DCC3DC72143F49509781513CB9855_ASTC_RGBAUTO_25634_C200B7694C3FE53EBC__053598C1F227E458134962E2603C5FEC5676A8FD.udd" 679
"../../../Engine/Content/MobileResources/HUD/MobileHUDButton2_off.uasset" 680
"../../../Engine/DerivedDataCache/6/5/6/TEXTURE_814DCC3DC72143F49509781513CB9855_ASTC_RGBAUTO_25634_D5542AFE4886708885__976AB1B6E17EEE002EF962001EF62FD87D27B9CE.udd" 681
"../../../Engine/DerivedDataCache/9/8/6/TEXTURE_814DCC3DC72143F49509781513CB9855_ASTC_RGBAUTO_25634_D5542AFE4886708885__D1DAEB8FF376B3AD80212D585EF6750CD6C26BA5.udd" 682
"../../../Engine/Content/MobileResources/T_MobileControls_texture.uasset" 683
"../../../Engine/DerivedDataCache/7/1/8/TEXTURE_814DCC3DC72143F49509781513CB9855_ASTC_RGBAUTO_25634_119D9D384F916FB561__AF743E1E8B8F7BD888BCF5D38160A918C73C16D7.udd" 684
"../../../Engine/DerivedDataCache/0/9/7/TEXTURE_814DCC3DC72143F49509781513CB9855_ASTC_RGBAUTO_25634_119D9D384F916FB561__62BAB27AAE8A1EBCCEA3283F9EF336DB481F4EDA.udd" 685
"../../../Engine/DerivedDataCache/9/9/1/TEXTURE_814DCC3DC72143F49509781513CB9855_ASTC_RGBAUTO_25634_119D9D384F916FB561__D70D09246D1B433172D04391598BBDEE00E879D7.udd" 686
"../../../Engine/DerivedDataCache/8/5/5/TEXTURE_814DCC3DC72143F49509781513CB9855_ASTC_RGBAUTO_25634_119D9D384F916FB561__92B0782CD4454E4C6258BE05BB76A866D9D4C87F.udd" 687
"../../../Engine/Content/MobileResources/HUD/MobileHUDButton3.uasset" 688
"../../../Engine/DerivedDataCache/8/2/2/TEXTURE_814DCC3DC72143F49509781513CB9855_ASTC_RGBAUTO_25634_C49FDA8C4EFE04B87E__A19999511D4E7CE79466D51078761F1519AFA540.udd" 689
"../../../Engine/Content/MobileResources/HUD/LeftVirtualJoystickOnly.uasset" 690
"../../../Engine/Content/MobileResources/HUD/DefaultVirtualJoysticks.uasset" 691
"../../../Engine/Content/MobileResources/T_MobileMenu2.uasset" 692
"../../../Engine/DerivedDataCache/1/4/8/TEXTURE_814DCC3DC72143F49509781513CB9855_ASTC_RGBAUTO_25634_9F8FBEF84A1997E30F__AE83C708EEFE7F2F7673B5EECE007777870C021D.udd" 693
"../../../Engine/DerivedDataCache/0/8/3/TEXTURE_814DCC3DC72143F49509781513CB9855_ASTC_RGBAUTO_25634_9F8FBEF84A1997E30F__4F408CD3A5AE3328EB1BA306B17EFC06E37F38BA.udd" 694
"../../../Engine/DerivedDataCache/7/4/1/TEXTURE_814DCC3DC72143F49509781513CB9855_ASTC_RGBAUTO_25634_9F8FBEF84A1997E30F__75A0B859384F463D6B5510E4635CAF095BCCDD33.udd" 695
"../../../Engine/DerivedDataCache/5/1/6/TEXTURE_814DCC3DC72143F49509781513CB9855_ASTC_RGBAUTO_25634_9F8FBEF84A1997E30F__DB94452149D90A4FCD50303FDDFCA01203A204F1.udd" 696
"../../../Engine/Content/MobileResources/HUD/MobileHUDDirectionPad2.uasset" 697
"../../../Engine/DerivedDataCache/8/6/5/TEXTURE_814DCC3DC72143F49509781513CB9855_ASTC_RGBAUTO_25634_F562DDF94D8D885AE9__64FBBAFA191A9ECAD466790E8FA7659017018A58.udd" 698
"../../../Engine/DerivedDataCache/9/9/7/TEXTURE_814DCC3DC72143F49509781513CB9855_ASTC_RGBAUTO_25634_F562DDF94D8D885AE9__9AC30B42AC8187FD79E14ACBB004BEE45A2DD065.udd" 699
"../../../Engine/DerivedDataCache/8/4/7/TEXTURE_814DCC3DC72143F49509781513CB9855_ASTC_RGBAUTO_25634_F562DDF94D8D885AE9__F33E3C999659F31781152C1C7741BC2CCDEB0C09.udd" 700
"../../../Engine/Content/MobileResources/HUD/MobileHUDDirectionStick.uasset" 701
"../../../Engine/DerivedDataCache/1/8/3/TEXTURE_814DCC3DC72143F49509781513CB9855_ASTC_RGBAUTO_25634_8EDAF7A54E378800FE__9BC3B0327D503CB07018C2F31D8A9FDABCE20472.udd" 702
"../../../Engine/Content/MobileResources/HUD/MobileHUDButton2_on.uasset" 703
"../../../Engine/DerivedDataCache/9/0/0/TEXTURE_814DCC3DC72143F49509781513CB9855_ASTC_RGBAUTO_25634_80A9E59646847B4846__7EAD91672327696D7C10DDE17A7D0907E12DF7D4.udd" 704
"../../../Engine/DerivedDataCache/3/4/8/TEXTURE_814DCC3DC72143F49509781513CB9855_ASTC_RGBAUTO_25634_80A9E59646847B4846__F4370ACED00574BB2123E036EB599BD608426846.udd" 705
"../../../Engine/Content/MobileResources/HUD/MobileHUDButton1_on.uasset" 706
"../../../Engine/DerivedDataCache/0/1/3/TEXTURE_814DCC3DC72143F49509781513CB9855_ASTC_RGBAUTO_25634_7BBBF743419EE004AC__E73AC09F461BA91254F64D117C681A0D6788B98B.udd" 707
"../../../../SpaceRTS/Content/Testing/Test_Input/Test_Input.umap" 708
"../../../../SpaceRTS/Content/Testing/Test_Input/Test_Input_Actor.uasset" 709
"../../../../SpaceRTS/Content/Testing/Test_Input/InputIndicator/Widget_InputIndicator.uasset" 710
"../../../../SpaceRTS/Content/Testing/Test_Input/InputIndicator/EGestureType.uasset" 711
"../../../../SpaceRTS/Content/Testing/Test_Input/InputIndicator/UI_Arrow_fw.uasset" 712
"../../../../SpaceRTS/Content/Testing/Test_Input/InputIndicator/UI_Circle_fw.uasset" 713
"../../../../SpaceRTS/Content/Testing/TestAssets/FPS_Display/Widget_FPS.uasset" 714
"../../../Engine/Content/EditorBlueprintResources/StandardMacros.uasset" 715
"../../../../SpaceRTS/Content/Testing/Test_Input/Test_Input_Pawn2.uasset" 716
"../../../../SpaceRTS/Content/GUI/OculusUniversallMenu/OculusUniversalMenuProgress.uasset" 717
"../../../../SpaceRTS/Content/GUI/OculusUniversallMenu/MAT_OculusProgress.uasset" 718
"../../../../SpaceRTS/Content/GUI/OculusUniversallMenu/color_ramp_timer.uasset" 719
"../../../../SpaceRTS/Content/GUI/OculusUniversallMenu/gaze_cursor_timer.uasset" 720
"../../../../SpaceRTS/Content/GUI/OculusVolume/OculusVolumeActor.uasset" 721
"../../../../SpaceRTS/Content/GUI/OculusVolume/Widget_OculusVolume.uasset" 722
"../../../../SpaceRTS/Content/GUI/OculusVolume/volume_bg.uasset" 723
"../../../../SpaceRTS/Content/GUI/OculusVolume/volume_icon.uasset" 724
"../../../../SpaceRTS/Content/GUI/OculusVolume/volume_tick_off.uasset" 725
"../../../../SpaceRTS/Content/GUI/OculusVolume/volume_tick_on.uasset" 726
"../../../../SpaceRTS/Content/Testing/Test_Input/Test_Input_GM.uasset" 727
"../../../../SpaceRTS/Content/Testing/Test_Input/Test_input_PC.uasset" 728
"../../../Engine/DerivedDataCache/0/8/5/MATSM_983AFA3849534FAA8491540B994BD32E_GLSL_ES2_3599__BC5N_DEV_SL_NODBUF659208__D597D321430A3441A03CDC35C4DA6185FDB2C057.udd" 729
"../../../Engine/DerivedDataCache/1/1/7/TEXTURE_814DCC3DC72143F49509781513CB9855_ASTC_RGBAUTO_25634_B284F071465608FAF8__F77F1031FDB86A8B21A717FB191EF9350DABB380.udd" 730
"../../../Engine/DerivedDataCache/8/1/2/TEXTURE_814DCC3DC72143F49509781513CB9855_ASTC_RGBAUTO_25634_B284F071465608FAF8__6CCE74E35614C3AC8DE1CA792CC2CB7D28213920.udd" 731
"../../../Engine/DerivedDataCache/3/1/1/TEXTURE_814DCC3DC72143F49509781513CB9855_ASTC_RGBAUTO_25634_B284F071465608FAF8__198A32B9074503C5885149816CD3DC0DAAC11986.udd" 732
"../../../Engine/DerivedDataCache/7/2/2/TEXTURE_814DCC3DC72143F49509781513CB9855_ASTC_RGBAUTO_25634_B284F071465608FAF8__5CAF8D61A55D93668CB5C11943E0FF20B87807C9.udd" 733
"../../../Engine/DerivedDataCache/4/2/2/TEXTURE_814DCC3DC72143F49509781513CB9855_ASTC_RGBAUTO_25634_82EE33EF40048C1BFA__5055869559EAF152BA269C04C29807C1BC7EB56A.udd" 734
"../../../Engine/DerivedDataCache/6/0/3/TEXTURE_814DCC3DC72143F49509781513CB9855_ASTC_RGBAUTO_25634_82EE33EF40048C1BFA__2C01915E1063B065696FFC82D88E72220CA33671.udd" 735
"../../../Engine/DerivedDataCache/1/6/4/TEXTURE_814DCC3DC72143F49509781513CB9855_ASTC_RGBAUTO_25634_82EE33EF40048C1BFA__1FDF2AFBC821D2C481644CE2E78CC8BD19C28802.udd" 736
"../../../Engine/DerivedDataCache/3/2/4/TEXTURE_814DCC3DC72143F49509781513CB9855_ASTC_RGBAUTO_25634_82EE33EF40048C1BFA__DF4727B59D4BA35A949F35732A165D18F8504809.udd" 737
"../../../Engine/DerivedDataCache/7/3/7/TEXTURE_814DCC3DC72143F49509781513CB9855_BGRA8_33A34EB94AB45823098723BC4FB6815__8299A7CEE0776A3942D849EE58526A7DD1A87D3C.udd" 738
"../../../Engine/DerivedDataCache/7/8/8/TEXTURE_814DCC3DC72143F49509781513CB9855_BGRA8_33A34EB94AB45823098723BC4FB6815__08917BDCD39D0F9CC15CBAA5F7974F09DFC9D8DE.udd" 739
"../../../Engine/DerivedDataCache/2/3/3/TEXTURE_814DCC3DC72143F49509781513CB9855_BGRA8_33A34EB94AB45823098723BC4FB6815__B35F764B3982800675329B0F44715EC7AD3087A3.udd" 740
"../../../Engine/DerivedDataCache/5/6/2/TEXTURE_814DCC3DC72143F49509781513CB9855_BGRA8_4523916B4D1C2FFC3A5C79977EB855C__116D2B4CE137DCA78DBCBA38D9FDD25E4476F5B3.udd" 741
"../../../Engine/DerivedDataCache/8/0/8/TEXTURE_814DCC3DC72143F49509781513CB9855_BGRA8_4523916B4D1C2FFC3A5C79977EB855C__4660A661081FF428AE5BB523485F7F52E8CCC566.udd" 742
"../../../Engine/DerivedDataCache/4/7/9/TEXTURE_814DCC3DC72143F49509781513CB9855_BGRA8_4523916B4D1C2FFC3A5C79977EB855C__A0AFAD34C1650AC86F81C83C25BE9D7B69102A05.udd" 743
"../../../Engine/DerivedDataCache/3/1/7/TEXTURE_814DCC3DC72143F49509781513CB9855_BGRA8_B06D0E5E468BA42A866C26925276E0D__8E47E8A21593CC424E404C487973A62F9B49AD7F.udd" 744
"../../../Engine/DerivedDataCache/9/0/2/TEXTURE_814DCC3DC72143F49509781513CB9855_BGRA8_66184AC647B23F27570B10A4A4B361F__5B435E7B2E473D146B965DDD2B175ADBFB5A33AC.udd" 745
"../../../Engine/DerivedDataCache/3/9/2/TEXTURE_814DCC3DC72143F49509781513CB9855_BGRA8_C7E6A77548C0F10963950D8A85F2450__D3421AF2A946A81D7376771AA192DA4960CB5EF2.udd" 746
"../../../Engine/DerivedDataCache/9/1/4/TEXTURE_814DCC3DC72143F49509781513CB9855_BGRA8_0A73102542C10562AA4E919A35C1312__997A836B8B7819AF8A83E80A29270FF918ED273A.udd" 747
"../../../Engine/Content/MobileResources/HUD/T_Castle_ThumbstickOutter.uasset" 748
"../../../Engine/DerivedDataCache/8/9/1/TEXTURE_814DCC3DC72143F49509781513CB9855_BGRA8_9F5B2DF1453DB1272733529F5E95869__4EB2A0ED4F34B3CC6C624508CD3BBE64BBA526A0.udd" 749
"../../../Engine/Content/Maps/Entry.umap" 750
"../../../Engine/Content/EngineMaterials/DefaultNormal.uasset" 751
"../../../Engine/DerivedDataCache/5/2/1/PHYSX_$7B1F0627AE$2DABEB$2D4206$2D8D78$2DE16BEB5DDC7E$7D_PHYSXPC_0AAFF40B4FAB7203B4020BAE163CCAEB__1_0_13107_0.udd" 752
"../../../Engine/DerivedDataCache/7/9/2/PHYSX_$7B1F0627AE$2DABEB$2D4206$2D8D78$2DE16BEB5DDC7E$7D_PHYSXPC_4A50E68449DA60D60F453A96AE02A9EF__1_0_13107_0.udd" 753
"../../../Engine/DerivedDataCache/0/2/2/PHYSX_$7B1F0627AE$2DABEB$2D4206$2D8D78$2DE16BEB5DDC7E$7D_PHYSXPC_F6B1D2D0417118DA60DDC7A62F5BCB81__1_0_13107_0.udd" 754
"../../../Engine/DerivedDataCache/5/7/5/PHYSX_$7B1F0627AE$2DABEB$2D4206$2D8D78$2DE16BEB5DDC7E$7D_PHYSXPC_8FA5EBB1423C9BE31CF6A9B803421839__1_0_13107_0.udd" 755
"../../../Engine/DerivedDataCache/9/9/6/TEXTURE_814DCC3DC72143F49509781513CB9855_ASTC_NORMALRG_25634_122003924E39A572E__4311C9520CCE847939F6059DB7607A2DC6ED8983.udd" 756
"../../../Engine/DerivedDataCache/5/8/7/TEXTURE_814DCC3DC72143F49509781513CB9855_ASTC_NORMALRG_25634_122003924E39A572E__2616CA8D7B4FDC2ACBCDF8FB6FB4B4D893688A1C.udd" 757
"../../../Engine/DerivedDataCache/3/6/3/TEXTURE_814DCC3DC72143F49509781513CB9855_ASTC_NORMALRG_25634_122003924E39A572E__64DD4B50E66049B551B3F746DC0660F6444875FE.udd" 758
"../../../Engine/DerivedDataCache/6/3/6/TEXTURE_814DCC3DC72143F49509781513CB9855_ASTC_NORMALRG_25634_122003924E39A572E__1F57A18E83DB861234C98BD12409E18446B4AD08.udd" 759
"../../../Engine/DerivedDataCache/4/0/8/TEXTURE_814DCC3DC72143F49509781513CB9855_ASTC_NORMALRG_25634_122003924E39A572E__DC5262C84B61456EAC96F80840A923395B9984FE.udd" 760
"../../../../SpaceRTS/Content/Actors/Planet/Planet.uasset" 761
"../../../../SpaceRTS/Content/Actors/Planet/Planet_Mesh.uasset" 762
"../../../../SpaceRTS/Content/Actors/Planet/MAT_Planet.uasset" 763
"../../../../SpaceRTS/Content/Actors/Planet/Tex_Terminus/Bitmap2Material_3__Base_Color___id_basecolor_.uasset" 764
"../../../../SpaceRTS/Content/Actors/Planet/Tex_Terminus/Bitmap2Material_3__Normal___id_normal_.uasset" 765
"../../../../SpaceRTS/Content/Actors/Planet/Tex_Terminus/Bitmap2Material_3__Roughness___id_roughness_.uasset" 766
"../../../Engine/DerivedDataCache/3/0/9/STATICMESH_46A8778361B442A9523C54440EA1E9D_2C1BC8F50A7A43818AFE266EB43D9060_D5__0BB77EA9C14451C62C41BEEF81DF97FD2E897F3A.udd" 767
"../../../Engine/DerivedDataCache/0/3/3/NAVCOLLISION_B89838347A4348138EE337A847529C5C_NAVCOLLISION_X_A59034684219CA84D__B3D18EC4830626B301814B298D28271F2B73E0C0.udd" 768
"../../../Engine/DerivedDataCache/5/7/6/PHYSX_$7B1F0627AE$2DABEB$2D4206$2D8D78$2DE16BEB5DDC7E$7D_PHYSXPC_AC99DE7C4D195F28DD91FEABB50F5D87__1_0_13107_0.udd" 769
"../../../Engine/DerivedDataCache/2/3/9/MATSM_983AFA3849534FAA8491540B994BD32E_GLSL_ES2_3599__BC5N_DEV_SL_NODBUF1B15D4__EC7CC2A5D46B79E78E7B3459F6C850FAD720E792.udd" 770
"../../../Engine/DerivedDataCache/8/9/4/TEXTURE_814DCC3DC72143F49509781513CB9855_ASTC_RGBAUTO_25634_1C357CFE4AB9D22D31__14B26764000A1C0F1B3F63628FC0427AE7CC0245.udd" 771
"../../../Engine/DerivedDataCache/1/1/4/TEXTURE_814DCC3DC72143F49509781513CB9855_ASTC_RGBAUTO_25634_24364342419C6D98F0__EFF777D3E9A429D0FAEBAA47E92224FB01574E8D.udd" 772
"../../../Engine/DerivedDataCache/6/1/0/TEXTURE_814DCC3DC72143F49509781513CB9855_ASTC_RGBAUTO_25634_8490F6C841383A029C__E2B3DFC1D107D29C767C99DC6159A7E9EEC370C1.udd" 773
"../../../Engine/DerivedDataCache/6/0/7/TEXTURE_814DCC3DC72143F49509781513CB9855_ASTC_RGBAUTO_25634_1C357CFE4AB9D22D31__AAFE9819D7777C6547ABEC2802E030BA9197733B.udd" 774
"../../../Engine/DerivedDataCache/2/5/4/TEXTURE_814DCC3DC72143F49509781513CB9855_ASTC_RGBAUTO_25634_24364342419C6D98F0__F3DFCD671A8D9567192CB431830D1AE0D0FC20B3.udd" 775
"../../../Engine/DerivedDataCache/1/3/8/TEXTURE_814DCC3DC72143F49509781513CB9855_ASTC_RGBAUTO_25634_8490F6C841383A029C__AE3586D1B0D461CE08E7EF5F677E402D7D55E69F.udd" 776
"../../../Engine/DerivedDataCache/6/6/4/TEXTURE_814DCC3DC72143F49509781513CB9855_ASTC_RGBAUTO_25634_D2AC8EEE42A5065E2C__679A74F9EE3556300BC2FD5D19D625BB2F89D181.udd" 777
"../../../Engine/DerivedDataCache/5/4/1/TEXTURE_814DCC3DC72143F49509781513CB9855_ASTC_RGB_25634_EB5F9F1444E9C1F446CC30__F999D27A04C0623B2087670725410DDA44972E24.udd" 778
"../../../Engine/DerivedDataCache/9/7/7/TEXTURE_814DCC3DC72143F49509781513CB9855_ASTC_RGB_25634_71F473BE474ED3CB4382C1__318AEB3DDAFA32AA3DC6EFF4B2EA4D151D9CC803.udd" 779
"../../../Engine/DerivedDataCache/3/3/4/TEXTURE_814DCC3DC72143F49509781513CB9855_ASTC_RGBAUTO_25634_D2AC8EEE42A5065E2C__03A409BF7357C0A681192C09C19FB45C4E16B294.udd" 780
"../../../Engine/DerivedDataCache/6/6/1/TEXTURE_814DCC3DC72143F49509781513CB9855_ASTC_RGB_25634_EB5F9F1444E9C1F446CC30__F5308F232EFD4CE3F729554ECD04BF982223D762.udd" 781
"../../../Engine/DerivedDataCache/8/4/1/TEXTURE_814DCC3DC72143F49509781513CB9855_ASTC_RGB_25634_71F473BE474ED3CB4382C1__D2F2827624FCCB72E32952B15AAF8D9FDD3613AE.udd" 782
"../../../Engine/DerivedDataCache/2/3/1/TEXTURE_814DCC3DC72143F49509781513CB9855_ASTC_RGB_25634_F9D2A0FD41C0120729522F__0A7B3047CA0D45121EE65F1FFA8B87EF4AF1B5CC.udd" 783
"../../../Engine/DerivedDataCache/7/8/8/TEXTURE_814DCC3DC72143F49509781513CB9855_ASTC_RGB_25634_4D475266473EA88DDDCDE9__A9E638815A978EB0B0398B0CB1E91D9FA45A06CA.udd" 784
"../../../Engine/DerivedDataCache/2/4/2/TEXTURE_814DCC3DC72143F49509781513CB9855_G8_7DA8952E4B4F17DA6087C09F6C544189_0__9331E1C58884010F1C5D7D9FA446E8ABB3334913.udd" 785
"../../../Engine/DerivedDataCache/9/5/7/TEXTURE_814DCC3DC72143F49509781513CB9855_ASTC_RGB_25634_F9D2A0FD41C0120729522F__909ECDF70FCA8067363C44603C401E6B84F6A81C.udd" 786
"../../../Engine/DerivedDataCache/6/9/7/TEXTURE_814DCC3DC72143F49509781513CB9855_ASTC_RGB_25634_4D475266473EA88DDDCDE9__8D2EC2E862319B2B087F6E28A16875C4DC4DC87D.udd" 787
"../../../Engine/DerivedDataCache/6/8/1/TEXTURE_814DCC3DC72143F49509781513CB9855_G8_7DA8952E4B4F17DA6087C09F6C544189_0__5F30CC3786FCA7E7A6F8EED45CFADC26EDB66732.udd" 788
"../../../Engine/DerivedDataCache/5/1/1/TEXTURE_814DCC3DC72143F49509781513CB9855_G8_F75FDB0349726CAB0B7CFEBA615574A9_0__6B0578B6D55EE1CCFEEA478F9777B634FFEC93DC.udd" 789
"../../../Engine/DerivedDataCache/1/4/7/TEXTURE_814DCC3DC72143F49509781513CB9855_G8_7F728FE34222A95179EC64BC642F8C37_0__01FBBC47D020C0D505D1C23293EC60EA38D4075E.udd" 790
"../../../Engine/DerivedDataCache/2/7/7/TEXTURE_814DCC3DC72143F49509781513CB9855_G8_1BF8914C4739BB8CCB5A8B96D663E1FF_0__B8F6D520FF69D88302A1D9B278B55CD753AF33DA.udd" 791
"../../../Engine/DerivedDataCache/3/6/8/TEXTURE_814DCC3DC72143F49509781513CB9855_G8_F75FDB0349726CAB0B7CFEBA615574A9_0__10B6592A0DB14B35D67ECCA3B1F4FEE85C650C39.udd" 792
"../../../Engine/DerivedDataCache/0/5/2/TEXTURE_814DCC3DC72143F49509781513CB9855_G8_7F728FE34222A95179EC64BC642F8C37_0__87BE73B72E7F3CF6C0A37ABCCE149895136A5996.udd" 793
"../../../Engine/DerivedDataCache/4/8/2/TEXTURE_814DCC3DC72143F49509781513CB9855_G8_1BF8914C4739BB8CCB5A8B96D663E1FF_0__4013BFA012975477D548CA6E67820A9517076175.udd" 794
"../../../Engine/Content/EditorResources/EmptyActor.uasset" 795
"../../../Engine/DerivedDataCache/0/6/5/TEXTURE_814DCC3DC72143F49509781513CB9855_ASTC_RGBAUTO_25634_0EA1755F4B0F7F2204__EAF6B6EE0A23BEA8C1480D64D89C64FCBD62369C.udd" 796
"../../../Engine/DerivedDataCache/6/2/0/TEXTURE_814DCC3DC72143F49509781513CB9855_ASTC_RGBAUTO_25634_0EA1755F4B0F7F2204__D3A6D46A342EBAAC694312FA5955B7BDDC39A5A9.udd" 797
"../../../Engine/DerivedDataCache/7/9/5/TEXTURE_814DCC3DC72143F49509781513CB9855_ASTC_RGBAUTO_25634_0EA1755F4B0F7F2204__80F52FD7C6083C8AF4F76AC4D5E6497D8B214BB5.udd" 798
"../../../Engine/DerivedDataCache/4/7/9/TEXTURE_814DCC3DC72143F49509781513CB9855_ASTC_RGBAUTO_25634_0EA1755F4B0F7F2204__935AFF02079E6011AA70778B81F2F0DC81D9E104.udd" 799
"../../../Engine/DerivedDataCache/5/3/7/TEXTURE_814DCC3DC72143F49509781513CB9855_ASTC_RGBAUTO_25634_0EA1755F4B0F7F2204__25769FE0A36876049064BC153F9D7066C3FFD325.udd" 800
"../../../Engine/DerivedDataCache/8/9/4/TEXTURE_814DCC3DC72143F49509781513CB9855_ASTC_RGBAUTO_25634_0EA1755F4B0F7F2204__F33B894529922EF4F337A6FC7F87677BA04CE46F.udd" 801
"../../../Engine/DerivedDataCache/5/3/1/TEXTURE_814DCC3DC72143F49509781513CB9855_ASTC_NORMALRG_25634_8053856342F7F8AFB__4307A80CC371088E58EFE3738AA27E45E5619C77.udd" 802
"../../../Engine/DerivedDataCache/9/7/2/TEXTURE_814DCC3DC72143F49509781513CB9855_ASTC_NORMALRG_25634_8053856342F7F8AFB__D847044956665DFED49821F9F2B4D7306E1802B9.udd" 803
"../../../Engine/DerivedDataCache/1/7/7/TEXTURE_814DCC3DC72143F49509781513CB9855_ASTC_NORMALRG_25634_8053856342F7F8AFB__7FE1C34D0334F6DE63BB5777CB4A94BB60DAA2DB.udd" 804
"../../../Engine/DerivedDataCache/8/1/0/TEXTURE_814DCC3DC72143F49509781513CB9855_ASTC_NORMALRG_25634_8053856342F7F8AFB__2DEB481E76BEFF7EAEB3905C04D9B272FCF61242.udd" 805
"../../../Engine/DerivedDataCache/9/3/8/TEXTURE_814DCC3DC72143F49509781513CB9855_ASTC_NORMALRG_25634_8053856342F7F8AFB__FC986C1718DA53F3403070996F2FCC3B2ED41011.udd" 806
"../../../Engine/DerivedDataCache/8/6/8/TEXTURE_814DCC3DC72143F49509781513CB9855_ASTC_NORMALRG_25634_8053856342F7F8AFB__736E19A3B094C922EB96D3F5C9F9DDD9707EE585.udd" 807
"../../../Engine/DerivedDataCache/5/0/5/TEXTURE_814DCC3DC72143F49509781513CB9855_ASTC_RGBAUTO_25634_DE51CDE44DD44918EB__7B6B37872EF8F0BDC880ED15A25BB7EA16558626.udd" 808
"../../../Engine/DerivedDataCache/9/2/7/TEXTURE_814DCC3DC72143F49509781513CB9855_ASTC_RGBAUTO_25634_DE51CDE44DD44918EB__DF91B6FEB1125605C7AB2964AC244E68563D2462.udd" 809
"../../../Engine/DerivedDataCache/8/7/8/TEXTURE_814DCC3DC72143F49509781513CB9855_ASTC_RGBAUTO_25634_DE51CDE44DD44918EB__E0717832935F4B1690372CF270798F39510107DD.udd" 810
"../../../Engine/DerivedDataCache/2/7/8/TEXTURE_814DCC3DC72143F49509781513CB9855_ASTC_RGBAUTO_25634_DE51CDE44DD44918EB__7A06AFA1262DB2FCB8FDFBA81A97F14ED239708A.udd" 811
"../../../Engine/DerivedDataCache/0/8/3/TEXTURE_814DCC3DC72143F49509781513CB9855_ASTC_RGBAUTO_25634_DE51CDE44DD44918EB__7FF91942B2D44EB2091C5229C58249BDFEFDEF8D.udd" 812
"../../../Engine/DerivedDataCache/9/2/8/TEXTURE_814DCC3DC72143F49509781513CB9855_ASTC_RGBAUTO_25634_DE51CDE44DD44918EB__0D27C27CC7C3C73934579AA617CDF3C97EA94234.udd" 813
"../../../Engine/Content/MobileResources/HUD/MobileHUDDirectionPad.uasset" 814
"../../../Engine/DerivedDataCache/3/0/7/TEXTURE_814DCC3DC72143F49509781513CB9855_ASTC_RGBAUTO_25634_3F3B1DD44FE006226A__A53D5EEE97B451E4F5958400AB6EDB5A20170E1A.udd" 815
"../../../Engine/DerivedDataCache/9/9/0/TEXTURE_814DCC3DC72143F49509781513CB9855_ASTC_RGBAUTO_25634_3F3B1DD44FE006226A__4146F1E66F15AFF897590095AC092FE2C009830A.udd" 816
"../../../Engine/DerivedDataCache/2/3/7/TEXTURE_814DCC3DC72143F49509781513CB9855_BGRA8_9E839E0E4933277AAB67FB869C14F9A__6C60276B70B9624A2973ABC8BB661D66EB844E8D.udd" 817
"../../../Engine/DerivedDataCache/5/7/5/TEXTURE_814DCC3DC72143F49509781513CB9855_BGRA8_9E839E0E4933277AAB67FB869C14F9A__7BC1922C2E345D1ABB0D1BC46468CD9FFCA2B7A5.udd" 818
"../../../Engine/DerivedDataCache/7/9/7/TEXTURE_814DCC3DC72143F49509781513CB9855_BGRA8_9E839E0E4933277AAB67FB869C14F9A__E5BDE673A03B9A061D3CB540CC12BEAC0CAC6739.udd" 819
"../../../Engine/Content/MobileResources/HUD/MobileHUDDirectionPad3.uasset" 820
"../../../Engine/DerivedDataCache/1/3/6/TEXTURE_814DCC3DC72143F49509781513CB9855_ASTC_RGBAUTO_25634_C9D41DBE4C754F8B43__0921F0C7B32CDEA491127F6C115C19D3DA7B6162.udd" 821
"../../../Engine/DerivedDataCache/6/9/1/TEXTURE_814DCC3DC72143F49509781513CB9855_ASTC_RGBAUTO_25634_C9D41DBE4C754F8B43__D0AFF8DE2C7C7E87AA1D576E8EB89B77F289653D.udd" 822
"../../../Engine/DerivedDataCache/0/4/7/TEXTURE_814DCC3DC72143F49509781513CB9855_ASTC_RGBAUTO_25634_C9D41DBE4C754F8B43__C922F7EA51FE4AA49DD429F59DA3EA6F44C3C03C.udd" 823
"../../../Engine/Content/MobileResources/HUD/T_Castle_ThumbstickInner.uasset" 824
"../../../Engine/DerivedDataCache/7/0/6/TEXTURE_814DCC3DC72143F49509781513CB9855_BGRA8_A4535AA24BB699361857049E2A844B2__33DC436FC8699D1B1039C88C7BD1A5C66D1E258A.udd" 825
