"C:/Users/MarcelBlanck/Documents/GitHub/SpaceRTS/SpaceRTS.uproject" 1
"../../../Engine/Plugins/2D/Paper2D/Paper2D.uplugin" 2
"../../../Engine/Plugins/Developer/BlankPlugin/BlankPlugin.uplugin" 3
"../../../Engine/Plugins/Developer/GitSourceControl/GitSourceControl.uplugin" 4
"../../../Engine/Plugins/Developer/KDevelopSourceCodeAccess/KDevelopSourceCodeAccess.uplugin" 5
"../../../Engine/Plugins/Developer/NullSourceCodeAccess/NullSourceCodeAccess.uplugin" 6
"../../../Engine/Plugins/Developer/PerforceSourceControl/PerforceSourceControl.uplugin" 7
"../../../Engine/Plugins/Developer/SubversionSourceControl/SubversionSourceControl.uplugin" 8
"../../../Engine/Plugins/Developer/UObjectPlugin/UObjectPlugin.uplugin" 9
"../../../Engine/Plugins/Developer/VisualStudioSourceCodeAccess/VisualStudioSourceCodeAccess.uplugin" 10
"../../../Engine/Plugins/Developer/XCodeSourceCodeAccess/XCodeSourceCodeAccess.uplugin" 11
"../../../Engine/Plugins/Editor/EpicSurvey/EpicSurvey.uplugin" 12
"../../../Engine/Plugins/Editor/MacGraphicsSwitching/MacGraphicsSwitching.uplugin" 13
"../../../Engine/Plugins/Editor/PluginBrowser/PluginBrowser.uplugin" 14
"../../../Engine/Plugins/Editor/PluginCreator/PluginCreator.uplugin" 15
"../../../Engine/Plugins/Editor/SpeedTreeImporter/SpeedTreeImporter.uplugin" 16
"../../../Engine/Plugins/Experimental/BlueprintStats/BlueprintStats.uplugin" 17
"../../../Engine/Plugins/Experimental/CharacterAI/CharacterAI.uplugin" 18
"../../../Engine/Plugins/Experimental/CodeEditor/CodeEditor.uplugin" 19
"../../../Engine/Plugins/Experimental/CodeView/CodeView.uplugin" 20
"../../../Engine/Plugins/Experimental/HTML5Networking/HTML5Networking.uplugin" 21
"../../../Engine/Plugins/Experimental/LiveEditor/LiveEditor.uplugin" 22
"../../../Engine/Plugins/Experimental/Phya/Phya.uplugin" 23
"../../../Engine/Plugins/Experimental/SimpleHMD/SimpleHMD.uplugin" 24
"../../../Engine/Plugins/Experimental/StructBox/StructBox.uplugin" 25
"../../../Engine/Plugins/Media/AndroidMedia/AndroidMedia.uplugin" 26
"../../../Engine/Plugins/Media/AvfMedia/AvfMedia.uplugin" 27
"../../../Engine/Plugins/Media/MediaPlayerEditor/MediaPlayerEditor.uplugin" 28
"../../../Engine/Plugins/Media/WmfMedia/WmfMedia.uplugin" 29
"../../../Engine/Plugins/Messaging/MessagingDebugger/MessagingDebugger.uplugin" 30
"../../../Engine/Plugins/Messaging/UdpMessaging/UdpMessaging.uplugin" 31
"../../../Engine/Plugins/NetcodeUnitTest/NetcodeUnitTest/NetcodeUnitTest.uplugin" 32
"../../../Engine/Plugins/NetcodeUnitTest/NUTUnrealEngine4/NUTUnrealEngine4.uplugin" 33
"../../../Engine/Plugins/Runtime/Advertising/IOSTapJoy/IOSTapJoy.uplugin" 34
"../../../Engine/Plugins/Runtime/Analytics/AnalyticsBlueprintLibrary/AnalyticsBlueprintLibrary.uplugin" 35
"../../../Engine/Plugins/Runtime/Analytics/AnalyticsMulticast/AnalyticsMulticast.uplugin" 36
"../../../Engine/Plugins/Runtime/Analytics/Apsalar/IOSApsalar/IOSApsalar.uplugin" 37
"../../../Engine/Plugins/Runtime/Analytics/FileLogging/FileLogging.uplugin" 38
"../../../Engine/Plugins/Runtime/Analytics/Flurry/IOSFlurry/IOSFlurry.uplugin" 39
"../../../Engine/Plugins/Runtime/AndroidDeviceProfileSelector/AndroidDeviceProfileSelector.uplugin" 40
"../../../Engine/Plugins/Runtime/AndroidMoviePlayer/AndroidMoviePlayer.uplugin" 41
"../../../Engine/Plugins/Runtime/AppleMoviePlayer/AppleMoviePlayer.uplugin" 42
"../../../Engine/Plugins/Runtime/CableComponent/CableComponent.uplugin" 43
"../../../Engine/Plugins/Runtime/CustomMeshComponent/CustomMeshComponent.uplugin" 44
"../../../Engine/Plugins/Runtime/ExampleDeviceProfileSelector/ExampleDeviceProfileSelector.uplugin" 45
"../../../Engine/Plugins/Runtime/GearVR/GearVR.uplugin" 46
"../../../Engine/Plugins/Runtime/IOSDeviceProfileSelector/IOSDeviceProfileSelector.uplugin" 47
"../../../Engine/Plugins/Runtime/LeapMotionController/LeapMotionController.uplugin" 48
"../../../Engine/Plugins/Runtime/LiveEditorListenServer/LiveEditorListenServer.uplugin" 49
"../../../Engine/Plugins/Runtime/OculusAudio/OculusAudio.uplugin" 50
"../../../Engine/Plugins/Runtime/OculusRift/OculusRift.uplugin" 51
"../../../Engine/Plugins/Runtime/ProceduralMeshComponent/ProceduralMeshComponent.uplugin" 52
"../../../Engine/Plugins/Runtime/SoundMod/SoundMod.uplugin" 53
"../../../Engine/Plugins/Runtime/SoundVisualizations/SoundVisualizations.uplugin" 54
"../../../Engine/Plugins/Runtime/Steam/SteamController/SteamController.uplugin" 55
"../../../Engine/Plugins/Runtime/Steam/SteamVR/SteamVR.uplugin" 56
"../../../Engine/Plugins/Runtime/TwitchLiveStreaming/TwitchLiveStreaming.uplugin" 57
"../../../Engine/Plugins/Runtime/WebBrowserWidget/WebBrowserWidget.uplugin" 58
"../../../Engine/Plugins/Runtime/WindowsDeviceProfileSelector/WindowsDeviceProfileSelector.uplugin" 59
"../../../Engine/Plugins/Runtime/WindowsMoviePlayer/WindowsMoviePlayer.uplugin" 60
"../../../Engine/Plugins/ScriptGeneratorPlugin/ScriptGeneratorPlugin.uplugin" 61
"../../../Engine/Plugins/ScriptPlugin/ScriptPlugin.uplugin" 62
"../../../Engine/Plugins/Slate/SlateRemote/SlateRemote.uplugin" 63
"..\..\..\Engine\Content\Internationalization\icudt53l\cnvalias.icu" 64
"..\..\..\Engine\Content\Internationalization\icudt53l\en_US_POSIX.res" 65
"..\..\..\Engine\Content\Internationalization\icudt53l\pool.res" 66
"..\..\..\Engine\Content\Internationalization\icudt53l\en_US.res" 67
"..\..\..\Engine\Content\Internationalization\icudt53l\en.res" 68
"..\..\..\Engine\Content\Internationalization\icudt53l\root.res" 69
"..\..\..\Engine\Content\Internationalization\icudt53l\de_DE.res" 70
"..\..\..\Engine\Content\Internationalization\icudt53l\de.res" 71
"../../../Engine/Saved/Config/Windows/Manifest.ini" 72
"../../../Engine/Config/Base.ini" 73
"../../../Engine/Config/BaseEngine.ini" 74
"C:/Users/MarcelBlanck/Documents/GitHub/SpaceRTS/Config/DefaultEngine.ini" 75
"../../../Engine/Config/Windows/WindowsEngine.ini" 76
"C:/Users/MarcelBlanck/AppData/Local/Unreal Engine/Engine/Config/UserEngine.ini" 77
"C:/Users/MarcelBlanck/Documents/GitHub/SpaceRTS/Saved/Config/Windows/Engine.ini" 78
"../../../../SpaceRTS/Intermediate/Config/CoalescedSourceConfigs/Engine.ini" 79
"../../../Engine/Config/BaseGame.ini" 80
"C:/Users/MarcelBlanck/Documents/GitHub/SpaceRTS/Config/DefaultGame.ini" 81
"C:/Users/MarcelBlanck/Documents/GitHub/SpaceRTS/Saved/Config/Windows/Game.ini" 82
"../../../../SpaceRTS/Intermediate/Config/CoalescedSourceConfigs/Game.ini" 83
"../../../Engine/Config/BaseInput.ini" 84
"C:/Users/MarcelBlanck/Documents/GitHub/SpaceRTS/Config/DefaultInput.ini" 85
"C:/Users/MarcelBlanck/Documents/GitHub/SpaceRTS/Saved/Config/Windows/Input.ini" 86
"../../../../SpaceRTS/Intermediate/Config/CoalescedSourceConfigs/Input.ini" 87
"../../../Engine/Config/BaseEditor.ini" 88
"C:/Users/MarcelBlanck/Documents/GitHub/SpaceRTS/Config/DefaultEditor.ini" 89
"C:/Users/MarcelBlanck/Documents/GitHub/SpaceRTS/Saved/Config/Windows/Editor.ini" 90
"../../../../SpaceRTS/Intermediate/Config/CoalescedSourceConfigs/Editor.ini" 91
"../../../Engine/Config/BaseEditorPerProjectUserSettings.ini" 92
"C:/Users/MarcelBlanck/Documents/GitHub/SpaceRTS/Saved/Config/Windows/EditorPerProjectUserSettings.ini" 93
"../../../../SpaceRTS/Intermediate/Config/CoalescedSourceConfigs/EditorPerProjectUserSettings.ini" 94
"../../../Engine/Config/BaseEditorSettings.ini" 95
"../../../Engine/Saved/Config/Windows/EditorSettings.ini" 96
"../../../../SpaceRTS/Intermediate/Config/CoalescedSourceConfigs/EditorSettings.ini" 97
"../../../Engine/Config/BaseEditorLayout.ini" 98
"../../../Engine/Saved/Config/Windows/EditorLayout.ini" 99
"../../../../SpaceRTS/Intermediate/Config/CoalescedSourceConfigs/EditorLayout.ini" 100
"../../../Engine/Config/BaseEditorKeyBindings.ini" 101
"../../../Engine/Saved/Config/Windows/EditorKeyBindings.ini" 102
"../../../../SpaceRTS/Intermediate/Config/CoalescedSourceConfigs/EditorKeyBindings.ini" 103
"../../../Engine/Config/BaseCompat.ini" 104
"C:/Users/MarcelBlanck/Documents/GitHub/SpaceRTS/Saved/Config/Windows/Compat.ini" 105
"../../../../SpaceRTS/Intermediate/Config/CoalescedSourceConfigs/Compat.ini" 106
"../../../Engine/Config/BaseLightmass.ini" 107
"C:/Users/MarcelBlanck/Documents/GitHub/SpaceRTS/Saved/Config/Windows/Lightmass.ini" 108
"../../../../SpaceRTS/Intermediate/Config/CoalescedSourceConfigs/Lightmass.ini" 109
"../../../Engine/Config/BaseScalability.ini" 110
"C:/Users/MarcelBlanck/Documents/GitHub/SpaceRTS/Saved/Config/Windows/Scalability.ini" 111
"../../../../SpaceRTS/Intermediate/Config/CoalescedSourceConfigs/Scalability.ini" 112
"C:/Users/MarcelBlanck/Documents/GitHub/SpaceRTS/Saved/Config/Windows/GameUserSettings.ini" 113
"../../../../SpaceRTS/Intermediate/Config/CoalescedSourceConfigs/GameUserSettings.ini" 114
"../../../Engine/Config/BaseDeviceProfiles.ini" 115
"C:/Users/MarcelBlanck/Documents/GitHub/SpaceRTS/Saved/Config/Windows/DeviceProfiles.ini" 116
"../../../../SpaceRTS/Intermediate/Config/CoalescedSourceConfigs/DeviceProfiles.ini" 117
"../../../Engine/Config/ConsoleVariables.ini" 118
"..\..\..\Engine\Content\Internationalization\icudt53l\es.res" 119
"..\..\..\Engine\Content\Internationalization\icudt53l\ja.res" 120
"..\..\..\Engine\Content\Internationalization\icudt53l\ko.res" 121
"..\..\..\Engine\Content\Internationalization\icudt53l\pt_BR.res" 122
"..\..\..\Engine\Content\Internationalization\icudt53l\pt.res" 123
"..\..\..\Engine\Content\Internationalization\icudt53l\zh_CN.res" 124
"..\..\..\Engine\Content\Internationalization\icudt53l\zh_Hans_CN.res" 125
"..\..\..\Engine\Content\Internationalization\icudt53l\zh_Hans.res" 126
"..\..\..\Engine\Content\Internationalization\icudt53l\zh.res" 127
"C:/Users/MarcelBlanck/Documents/GitHub/UE4_SpaceRTS/Engine/Content/Localization/Engine/en/Engine.locres" 128
"C:/Users/MarcelBlanck/Documents/GitHub/UE4_SpaceRTS/Engine/Content/Localization/Editor/en/Editor.locres" 129
"C:/Users/MarcelBlanck/Documents/GitHub/UE4_SpaceRTS/Engine/Content/Localization/EditorTutorials/en/EditorTutorials.locres" 130
"C:/Users/MarcelBlanck/Documents/GitHub/UE4_SpaceRTS/Engine/Content/Localization/Keywords/en/Keywords.locres" 131
"C:/Users/MarcelBlanck/Documents/GitHub/UE4_SpaceRTS/Engine/Content/Localization/ToolTips/en/ToolTips.locres" 132
"C:/Users/MarcelBlanck/Documents/GitHub/UE4_SpaceRTS/Engine/Content/Localization/PropertyNames/en/PropertyNames.locres" 133
"../../../Engine/Content/Slate/Fonts/Roboto-Regular.ttf" 134
"../../../Engine/Content/Slate/Fonts/DroidSansMono.ttf" 135
"../../../Engine/Content/Slate/Fonts/Roboto-Bold.ttf" 136
"../../../Engine/Content/Slate/Fonts/Roboto-Light.ttf" 137
"C:/Users/MarcelBlanck/Documents/GitHub/UE4_SpaceRTS/Engine/Binaries/Win64/../../../Engine/Shaders/ParticleSpriteVertexFactory.usf" 138
"C:/Users/MarcelBlanck/Documents/GitHub/UE4_SpaceRTS/Engine/Binaries/Win64/../../../Engine/Shaders/VertexFactoryCommon.usf" 139
"C:/Users/MarcelBlanck/Documents/GitHub/UE4_SpaceRTS/Engine/Binaries/Win64/../../../Engine/Shaders/Common.usf" 140
"C:/Users/MarcelBlanck/Documents/GitHub/UE4_SpaceRTS/Engine/Binaries/Win64/../../../Engine/Shaders/MetalCommon.usf" 141
"C:/Users/MarcelBlanck/Documents/GitHub/UE4_SpaceRTS/Engine/Binaries/Win64/../../../Engine/Shaders/ShaderVersion.usf" 142
"C:/Users/MarcelBlanck/Documents/GitHub/UE4_SpaceRTS/Engine/Binaries/Win64/../../../Engine/Shaders/Definitions.usf" 143
"C:/Users/MarcelBlanck/Documents/GitHub/UE4_SpaceRTS/Engine/Binaries/Win64/../../../Engine/Shaders/Random.usf" 144
"C:/Users/MarcelBlanck/Documents/GitHub/UE4_SpaceRTS/Engine/Binaries/Win64/../../../Engine/Shaders/ParticleVertexFactoryCommon.usf" 145
"C:/Users/MarcelBlanck/Documents/GitHub/UE4_SpaceRTS/Engine/Binaries/Win64/../../../Engine/Shaders/ParticleGPUSpriteVertexFactory.usf" 146
"C:/Users/MarcelBlanck/Documents/GitHub/UE4_SpaceRTS/Engine/Binaries/Win64/../../../Engine/Shaders/ParticleBeamTrailVertexFactory.usf" 147
"C:/Users/MarcelBlanck/Documents/GitHub/UE4_SpaceRTS/Engine/Binaries/Win64/../../../Engine/Shaders/LocalVertexFactory.usf" 148
"C:/Users/MarcelBlanck/Documents/GitHub/UE4_SpaceRTS/Engine/Binaries/Win64/../../../Engine/Shaders/LocalVertexFactoryCommon.usf" 149
"C:/Users/MarcelBlanck/Documents/GitHub/UE4_SpaceRTS/Engine/Binaries/Win64/../../../Engine/Shaders/VectorFieldVisualizationVertexFactory.usf" 150
"C:/Users/MarcelBlanck/Documents/GitHub/UE4_SpaceRTS/Engine/Binaries/Win64/../../../Engine/Shaders/MeshParticleVertexFactory.usf" 151
"C:/Users/MarcelBlanck/Documents/GitHub/UE4_SpaceRTS/Engine/Binaries/Win64/../../../Engine/Shaders/GpuSkinVertexFactory.usf" 152
"C:/Users/MarcelBlanck/Documents/GitHub/UE4_SpaceRTS/Engine/Binaries/Win64/../../../Engine/Shaders/GpuSkinCacheCommon.usf" 153
"C:/Users/MarcelBlanck/Documents/GitHub/UE4_SpaceRTS/Engine/Binaries/Win64/../../../Engine/Shaders/LandscapeVertexFactory.usf" 154
"C:/Users/MarcelBlanck/Documents/GitHub/UE4_SpaceRTS/Engine/Binaries/Win64/../../../Engine/Shaders/SlateElementPixelShader.usf" 155
"C:/Users/MarcelBlanck/Documents/GitHub/UE4_SpaceRTS/Engine/Binaries/Win64/../../../Engine/Shaders/GammaCorrectionCommon.usf" 156
"C:/Users/MarcelBlanck/Documents/GitHub/UE4_SpaceRTS/Engine/Binaries/Win64/../../../Engine/Shaders/MaterialTemplate.usf" 157
"C:/Users/MarcelBlanck/Documents/GitHub/UE4_SpaceRTS/Engine/Binaries/Win64/../../../Engine/Shaders/DepthOfFieldCommon.usf" 158
"C:/Users/MarcelBlanck/Documents/GitHub/UE4_SpaceRTS/Engine/Binaries/Win64/../../../Engine/Shaders/SpeedTreeCommon.usf" 159
"C:/Users/MarcelBlanck/Documents/GitHub/UE4_SpaceRTS/Engine/Binaries/Win64/../../../Engine/Shaders/AtmosphereCommon.usf" 160
"C:/Users/MarcelBlanck/Documents/GitHub/UE4_SpaceRTS/Engine/Binaries/Win64/../../../Engine/Shaders/EyeAdaptationCommon.usf" 161
"C:/Users/MarcelBlanck/Documents/GitHub/UE4_SpaceRTS/Engine/Binaries/Win64/../../../Engine/Shaders/PostProcessCommon.usf" 162
"C:/Users/MarcelBlanck/Documents/GitHub/UE4_SpaceRTS/Engine/Binaries/Win64/../../../Engine/Shaders/DeferredShadingCommon.usf" 163
"C:/Users/MarcelBlanck/Documents/GitHub/UE4_SpaceRTS/Engine/Binaries/Win64/../../../Engine/Shaders/LightAccumulator.usf" 164
"C:/Users/MarcelBlanck/Documents/GitHub/UE4_SpaceRTS/Engine/Binaries/Win64/../../../Engine/Shaders/SlateVertexShader.usf" 165
"C:/Users/MarcelBlanck/Documents/GitHub/UE4_SpaceRTS/Engine/Binaries/Win64/../../../Engine/Shaders/ParticleSortKeyGen.usf" 166
"C:/Users/MarcelBlanck/Documents/GitHub/UE4_SpaceRTS/Engine/Binaries/Win64/../../../Engine/Shaders/ParticleBoundsShader.usf" 167
"C:/Users/MarcelBlanck/Documents/GitHub/UE4_SpaceRTS/Engine/Binaries/Win64/../../../Engine/Shaders/ParticleSimVisualizeShader.usf" 168
"C:/Users/MarcelBlanck/Documents/GitHub/UE4_SpaceRTS/Engine/Binaries/Win64/../../../Engine/Shaders/ParticleInjectionShader.usf" 169
"C:/Users/MarcelBlanck/Documents/GitHub/UE4_SpaceRTS/Engine/Binaries/Win64/../../../Engine/Shaders/ParticleSimulationShader.usf" 170
"C:/Users/MarcelBlanck/Documents/GitHub/UE4_SpaceRTS/Engine/Binaries/Win64/../../../Engine/Shaders/ParticleCurveInjectionShader.usf" 171
"C:/Users/MarcelBlanck/Documents/GitHub/UE4_SpaceRTS/Engine/Binaries/Win64/../../../Engine/Shaders/VectorFieldCompositeShaders.usf" 172
"C:/Users/MarcelBlanck/Documents/GitHub/UE4_SpaceRTS/Engine/Binaries/Win64/../../../Engine/Shaders/UpdateTextureShaders.usf" 173
"C:/Users/MarcelBlanck/Documents/GitHub/UE4_SpaceRTS/Engine/Binaries/Win64/../../../Engine/Shaders/SimpleElementColorChannelMaskPixelShader.usf" 174
"C:/Users/MarcelBlanck/Documents/GitHub/UE4_SpaceRTS/Engine/Binaries/Win64/../../../Engine/Shaders/SimpleElementHitProxyPixelShader.usf" 175
"C:/Users/MarcelBlanck/Documents/GitHub/UE4_SpaceRTS/Engine/Binaries/Win64/../../../Engine/Shaders/SimpleElementPixelShader.usf" 176
"C:/Users/MarcelBlanck/Documents/GitHub/UE4_SpaceRTS/Engine/Binaries/Win64/../../../Engine/Shaders/ColorUtils.usf" 177
"C:/Users/MarcelBlanck/Documents/GitHub/UE4_SpaceRTS/Engine/Binaries/Win64/../../../Engine/Shaders/IESLightProfilesCommon.usf" 178
"C:/Users/MarcelBlanck/Documents/GitHub/UE4_SpaceRTS/Engine/Binaries/Win64/../../../Engine/Shaders/SimpleElementVertexShader.usf" 179
"C:/Users/MarcelBlanck/Documents/GitHub/UE4_SpaceRTS/Engine/Binaries/Win64/../../../Engine/Shaders/ScreenVertexShader.usf" 180
"C:/Users/MarcelBlanck/Documents/GitHub/UE4_SpaceRTS/Engine/Binaries/Win64/../../../Engine/Shaders/ScreenPixelShader.usf" 181
"C:/Users/MarcelBlanck/Documents/GitHub/UE4_SpaceRTS/Engine/Binaries/Win64/../../../Engine/Shaders/RadixSortShaders.usf" 182
"C:/Users/MarcelBlanck/Documents/GitHub/UE4_SpaceRTS/Engine/Binaries/Win64/../../../Engine/Shaders/GpuSkinCacheComputeShader.usf" 183
"C:/Users/MarcelBlanck/Documents/GitHub/UE4_SpaceRTS/Engine/Binaries/Win64/../../../Engine/Shaders/NullPixelShader.usf" 184
"C:/Users/MarcelBlanck/Documents/GitHub/UE4_SpaceRTS/Engine/Binaries/Win64/../../../Engine/Shaders/LandscapeGrassWeight.usf" 185
"C:/Users/MarcelBlanck/Documents/GitHub/UE4_SpaceRTS/Engine/Binaries/Win64/../../../Engine/Shaders/VisualizeTexture.usf" 186
"C:/Users/MarcelBlanck/Documents/GitHub/UE4_SpaceRTS/Engine/Binaries/Win64/../../../Engine/Shaders/ScreenSpaceReflections.usf" 187
"C:/Users/MarcelBlanck/Documents/GitHub/UE4_SpaceRTS/Engine/Binaries/Win64/../../../Engine/Shaders/BRDF.usf" 188
"C:/Users/MarcelBlanck/Documents/GitHub/UE4_SpaceRTS/Engine/Binaries/Win64/../../../Engine/Shaders/MonteCarlo.usf" 189
"C:/Users/MarcelBlanck/Documents/GitHub/UE4_SpaceRTS/Engine/Binaries/Win64/../../../Engine/Shaders/ScreenSpaceRayCast.usf" 190
"C:/Users/MarcelBlanck/Documents/GitHub/UE4_SpaceRTS/Engine/Binaries/Win64/../../../Engine/Shaders/FilterVertexShader.usf" 191
"C:/Users/MarcelBlanck/Documents/GitHub/UE4_SpaceRTS/Engine/Binaries/Win64/../../../Engine/Shaders/FilterPixelShader.usf" 192
"C:/Users/MarcelBlanck/Documents/GitHub/UE4_SpaceRTS/Engine/Binaries/Win64/../../../Engine/Shaders/PostProcessVisualizeHDR.usf" 193
"C:/Users/MarcelBlanck/Documents/GitHub/UE4_SpaceRTS/Engine/Binaries/Win64/../../../Engine/Shaders/PostProcessHistogramCommon.usf" 194
"C:/Users/MarcelBlanck/Documents/GitHub/UE4_SpaceRTS/Engine/Binaries/Win64/../../../Engine/Shaders/TonemapCommon.usf" 195
"C:/Users/MarcelBlanck/Documents/GitHub/UE4_SpaceRTS/Engine/Binaries/Win64/../../../Engine/Shaders/ACES.usf" 196
"C:/Users/MarcelBlanck/Documents/GitHub/UE4_SpaceRTS/Engine/Binaries/Win64/../../../Engine/Shaders/MiniFontCommon.usf" 197
"C:/Users/MarcelBlanck/Documents/GitHub/UE4_SpaceRTS/Engine/Binaries/Win64/../../../Engine/Shaders/PostProcessVisualizeBuffer.usf" 198
"C:/Users/MarcelBlanck/Documents/GitHub/UE4_SpaceRTS/Engine/Binaries/Win64/../../../Engine/Shaders/PostProcessUpscale.usf" 199
"C:/Users/MarcelBlanck/Documents/GitHub/UE4_SpaceRTS/Engine/Binaries/Win64/../../../Engine/Shaders/PostProcessTonemap.usf" 200
"C:/Users/MarcelBlanck/Documents/GitHub/UE4_SpaceRTS/Engine/Binaries/Win64/../../../Engine/Shaders/PostProcessTestImage.usf" 201
"C:/Users/MarcelBlanck/Documents/GitHub/UE4_SpaceRTS/Engine/Binaries/Win64/../../../Engine/Shaders/PostProcessTemporalAA.usf" 202
"C:/Users/MarcelBlanck/Documents/GitHub/UE4_SpaceRTS/Engine/Binaries/Win64/../../../Engine/Shaders/PostProcessTemporalCommon.usf" 203
"C:/Users/MarcelBlanck/Documents/GitHub/UE4_SpaceRTS/Engine/Binaries/Win64/../../../Engine/Shaders/PostProcessSubsurface.usf" 204
"C:/Users/MarcelBlanck/Documents/GitHub/UE4_SpaceRTS/Engine/Binaries/Win64/../../../Engine/Shaders/SeparableSSS.usf" 205
"C:/Users/MarcelBlanck/Documents/GitHub/UE4_SpaceRTS/Engine/Binaries/Win64/../../../Engine/Shaders/PostProcessSelectionOutline.usf" 206
"C:/Users/MarcelBlanck/Documents/GitHub/UE4_SpaceRTS/Engine/Binaries/Win64/../../../Engine/Shaders/PostProcessSceneColorFringe.usf" 207
"C:/Users/MarcelBlanck/Documents/GitHub/UE4_SpaceRTS/Engine/Binaries/Win64/../../../Engine/Shaders/PostProcessNoiseBlur.usf" 208
"C:/Users/MarcelBlanck/Documents/GitHub/UE4_SpaceRTS/Engine/Binaries/Win64/../../../Engine/Shaders/PostProcessMotionBlur.usf" 209
"C:/Users/MarcelBlanck/Documents/GitHub/UE4_SpaceRTS/Engine/Binaries/Win64/../../../Engine/Shaders/PostProcessVelocityFlatten.usf" 210
"C:/Users/MarcelBlanck/Documents/GitHub/UE4_SpaceRTS/Engine/Binaries/Win64/../../../Engine/Shaders/PostProcessMobile.usf" 211
"C:/Users/MarcelBlanck/Documents/GitHub/UE4_SpaceRTS/Engine/Binaries/Win64/../../../Engine/Shaders/PostProcessMaterialShaders.usf" 212
"C:/Users/MarcelBlanck/Documents/GitHub/UE4_SpaceRTS/Engine/Binaries/Win64/../../../Engine/Shaders/PostProcessLensFlares.usf" 213
"C:/Users/MarcelBlanck/Documents/GitHub/UE4_SpaceRTS/Engine/Binaries/Win64/../../../Engine/Shaders/PostProcessLensBlur.usf" 214
"C:/Users/MarcelBlanck/Documents/GitHub/UE4_SpaceRTS/Engine/Binaries/Win64/../../../Engine/Shaders/PostProcessBloom.usf" 215
"C:/Users/MarcelBlanck/Documents/GitHub/UE4_SpaceRTS/Engine/Binaries/Win64/../../../Engine/Shaders/PostProcessHMD.usf" 216
"C:/Users/MarcelBlanck/Documents/GitHub/UE4_SpaceRTS/Engine/Binaries/Win64/../../../Engine/Shaders/PostProcessHistogramReduce.usf" 217
"C:/Users/MarcelBlanck/Documents/GitHub/UE4_SpaceRTS/Engine/Binaries/Win64/../../../Engine/Shaders/PostProcessHistogram.usf" 218
"C:/Users/MarcelBlanck/Documents/GitHub/UE4_SpaceRTS/Engine/Binaries/Win64/../../../Engine/Shaders/PostProcessGBufferHints.usf" 219
"C:/Users/MarcelBlanck/Documents/GitHub/UE4_SpaceRTS/Engine/Binaries/Win64/../../../Engine/Shaders/PostProcessEyeAdaptation.usf" 220
"C:/Users/MarcelBlanck/Documents/GitHub/UE4_SpaceRTS/Engine/Binaries/Win64/../../../Engine/Shaders/PostProcessDownsample.usf" 221
"C:/Users/MarcelBlanck/Documents/GitHub/UE4_SpaceRTS/Engine/Binaries/Win64/../../../Engine/Shaders/PostProcessDOF.usf" 222
"C:/Users/MarcelBlanck/Documents/GitHub/UE4_SpaceRTS/Engine/Binaries/Win64/../../../Engine/Shaders/PostProcessCompositeEditorPrimitives.usf" 223
"C:/Users/MarcelBlanck/Documents/GitHub/UE4_SpaceRTS/Engine/Binaries/Win64/../../../Engine/Shaders/PostProcessCombineLUTs.usf" 224
"C:/Users/MarcelBlanck/Documents/GitHub/UE4_SpaceRTS/Engine/Binaries/Win64/../../../Engine/Shaders/PostProcessBusyWait.usf" 225
"C:/Users/MarcelBlanck/Documents/GitHub/UE4_SpaceRTS/Engine/Binaries/Win64/../../../Engine/Shaders/PostProcessBokehDOF.usf" 226
"C:/Users/MarcelBlanck/Documents/GitHub/UE4_SpaceRTS/Engine/Binaries/Win64/../../../Engine/Shaders/FXAAShader.usf" 227
"C:/Users/MarcelBlanck/Documents/GitHub/UE4_SpaceRTS/Engine/Binaries/Win64/../../../Engine/Shaders/Fxaa3_11.usf" 228
"C:/Users/MarcelBlanck/Documents/GitHub/UE4_SpaceRTS/Engine/Binaries/Win64/../../../Engine/Shaders/PostProcessPassThrough.usf" 229
"C:/Users/MarcelBlanck/Documents/GitHub/UE4_SpaceRTS/Engine/Binaries/Win64/../../../Engine/Shaders/PostProcessLpvIndirect.usf" 230
"C:/Users/MarcelBlanck/Documents/GitHub/UE4_SpaceRTS/Engine/Binaries/Win64/../../../Engine/Shaders/DeferredLightingCommon.usf" 231
"C:/Users/MarcelBlanck/Documents/GitHub/UE4_SpaceRTS/Engine/Binaries/Win64/../../../Engine/Shaders/DynamicLightingCommon.usf" 232
"C:/Users/MarcelBlanck/Documents/GitHub/UE4_SpaceRTS/Engine/Binaries/Win64/../../../Engine/Shaders/LPVFinalPass.usf" 233
"C:/Users/MarcelBlanck/Documents/GitHub/UE4_SpaceRTS/Engine/Binaries/Win64/../../../Engine/Shaders/LPVCommon.usf" 234
"C:/Users/MarcelBlanck/Documents/GitHub/UE4_SpaceRTS/Engine/Binaries/Win64/../../../Engine/Shaders/DeferredDecal.usf" 235
"C:/Users/MarcelBlanck/Documents/GitHub/UE4_SpaceRTS/Engine/Binaries/Win64/../../../Engine/Shaders/PostProcessAmbientOcclusion.usf" 236
"C:/Users/MarcelBlanck/Documents/GitHub/UE4_SpaceRTS/Engine/Binaries/Win64/../../../Engine/Shaders/PostProcessAmbient.usf" 237
"C:/Users/MarcelBlanck/Documents/GitHub/UE4_SpaceRTS/Engine/Binaries/Win64/../../../Engine/Shaders/CubemapCommon.usf" 238
"C:/Users/MarcelBlanck/Documents/GitHub/UE4_SpaceRTS/Engine/Binaries/Win64/../../../Engine/Shaders/VelocityShader.usf" 239
"C:/Users/MarcelBlanck/Documents/GitHub/UE4_SpaceRTS/Engine/Binaries/Win64/../../../Engine/Shaders/VelocityCommon.usf" 240
"C:/Users/MarcelBlanck/Documents/GitHub/UE4_SpaceRTS/Engine/Binaries/Win64/../../../Engine/Shaders/Tessellation.usf" 241
"C:/Users/MarcelBlanck/Documents/GitHub/UE4_SpaceRTS/Engine/Binaries/Win64/../../../Engine/Shaders/FlatTessellation.usf" 242
"C:/Users/MarcelBlanck/Documents/GitHub/UE4_SpaceRTS/Engine/Binaries/Win64/../../../Engine/Shaders/PNTriangles.usf" 243
"C:/Users/MarcelBlanck/Documents/GitHub/UE4_SpaceRTS/Engine/Binaries/Win64/../../../Engine/Shaders/TranslucentLightingShaders.usf" 244
"C:/Users/MarcelBlanck/Documents/GitHub/UE4_SpaceRTS/Engine/Binaries/Win64/../../../Engine/Shaders/SHCommon.usf" 245
"C:/Users/MarcelBlanck/Documents/GitHub/UE4_SpaceRTS/Engine/Binaries/Win64/../../../Engine/Shaders/ShadowProjectionCommon.usf" 246
"C:/Users/MarcelBlanck/Documents/GitHub/UE4_SpaceRTS/Engine/Binaries/Win64/../../../Engine/Shaders/TranslucentLightInjectionShaders.usf" 247
"C:/Users/MarcelBlanck/Documents/GitHub/UE4_SpaceRTS/Engine/Binaries/Win64/../../../Engine/Shaders/LightFunctionCommon.usf" 248
"C:/Users/MarcelBlanck/Documents/GitHub/UE4_SpaceRTS/Engine/Binaries/Win64/../../../Engine/Shaders/TranslucentShadowDepthShaders.usf" 249
"C:/Users/MarcelBlanck/Documents/GitHub/UE4_SpaceRTS/Engine/Binaries/Win64/../../../Engine/Shaders/ShadowDepthCommon.usf" 250
"C:/Users/MarcelBlanck/Documents/GitHub/UE4_SpaceRTS/Engine/Binaries/Win64/../../../Engine/Shaders/TiledDeferredLightShaders.usf" 251
"C:/Users/MarcelBlanck/Documents/GitHub/UE4_SpaceRTS/Engine/Binaries/Win64/../../../Engine/Shaders/SurfelTree.usf" 252
"C:/Users/MarcelBlanck/Documents/GitHub/UE4_SpaceRTS/Engine/Binaries/Win64/../../../Engine/Shaders/DistanceFieldLightingShared.usf" 253
"C:/Users/MarcelBlanck/Documents/GitHub/UE4_SpaceRTS/Engine/Binaries/Win64/../../../Engine/Shaders/SurfelMaterialShared.usf" 254
"C:/Users/MarcelBlanck/Documents/GitHub/UE4_SpaceRTS/Engine/Binaries/Win64/../../../Engine/Shaders/DistanceFieldAOShared.usf" 255
"C:/Users/MarcelBlanck/Documents/GitHub/UE4_SpaceRTS/Engine/Binaries/Win64/../../../Engine/Shaders/ShadowProjectionPixelShader.usf" 256
"C:/Users/MarcelBlanck/Documents/GitHub/UE4_SpaceRTS/Engine/Binaries/Win64/../../../Engine/Shaders/ShadowFilteringCommon.usf" 257
"C:/Users/MarcelBlanck/Documents/GitHub/UE4_SpaceRTS/Engine/Binaries/Win64/../../../Engine/Shaders/ShadowProjectionVertexShader.usf" 258
"C:/Users/MarcelBlanck/Documents/GitHub/UE4_SpaceRTS/Engine/Binaries/Win64/../../../Engine/Shaders/ShadowDepthPixelShader.usf" 259
"C:/Users/MarcelBlanck/Documents/GitHub/UE4_SpaceRTS/Engine/Binaries/Win64/../../../Engine/Shaders/LPVWriteVplCommon.usf" 260
"C:/Users/MarcelBlanck/Documents/GitHub/UE4_SpaceRTS/Engine/Binaries/Win64/../../../Engine/Shaders/LPVWriteCommon.usf" 261
"C:/Users/MarcelBlanck/Documents/GitHub/UE4_SpaceRTS/Engine/Binaries/Win64/../../../Engine/Shaders/ShadowDepthVertexShader.usf" 262
"C:/Users/MarcelBlanck/Documents/GitHub/UE4_SpaceRTS/Engine/Binaries/Win64/../../../Engine/Shaders/ShaderComplexityApplyPixelShader.usf" 263
"C:/Users/MarcelBlanck/Documents/GitHub/UE4_SpaceRTS/Engine/Binaries/Win64/../../../Engine/Shaders/ShaderComplexityApplyVertexShader.usf" 264
"C:/Users/MarcelBlanck/Documents/GitHub/UE4_SpaceRTS/Engine/Binaries/Win64/../../../Engine/Shaders/ShaderComplexityAccumulatePixelShader.usf" 265
"C:/Users/MarcelBlanck/Documents/GitHub/UE4_SpaceRTS/Engine/Binaries/Win64/../../../Engine/Shaders/HZBOcclusion.usf" 266
"C:/Users/MarcelBlanck/Documents/GitHub/UE4_SpaceRTS/Engine/Binaries/Win64/../../../Engine/Shaders/OcclusionQueryVertexShader.usf" 267
"C:/Users/MarcelBlanck/Documents/GitHub/UE4_SpaceRTS/Engine/Binaries/Win64/../../../Engine/Shaders/HitProxyPixelShader.usf" 268
"C:/Users/MarcelBlanck/Documents/GitHub/UE4_SpaceRTS/Engine/Binaries/Win64/../../../Engine/Shaders/HitProxyVertexShader.usf" 269
"C:/Users/MarcelBlanck/Documents/GitHub/UE4_SpaceRTS/Engine/Binaries/Win64/../../../Engine/Shaders/ReflectionEnvironmentShaders.usf" 270
"C:/Users/MarcelBlanck/Documents/GitHub/UE4_SpaceRTS/Engine/Binaries/Win64/../../../Engine/Shaders/ReflectionEnvironmentShared.usf" 271
"C:/Users/MarcelBlanck/Documents/GitHub/UE4_SpaceRTS/Engine/Binaries/Win64/../../../Engine/Shaders/SkyLightingShared.usf" 272
"C:/Users/MarcelBlanck/Documents/GitHub/UE4_SpaceRTS/Engine/Binaries/Win64/../../../Engine/Shaders/ReflectionEnvironmentComputeShaders.usf" 273
"C:/Users/MarcelBlanck/Documents/GitHub/UE4_SpaceRTS/Engine/Binaries/Win64/../../../Engine/Shaders/LightShaftShader.usf" 274
"C:/Users/MarcelBlanck/Documents/GitHub/UE4_SpaceRTS/Engine/Binaries/Win64/../../../Engine/Shaders/StationaryLightOverlapShaders.usf" 275
"C:/Users/MarcelBlanck/Documents/GitHub/UE4_SpaceRTS/Engine/Binaries/Win64/../../../Engine/Shaders/DeferredLightPixelShaders.usf" 276
"C:/Users/MarcelBlanck/Documents/GitHub/UE4_SpaceRTS/Engine/Binaries/Win64/../../../Engine/Shaders/DeferredLightVertexShaders.usf" 277
"C:/Users/MarcelBlanck/Documents/GitHub/UE4_SpaceRTS/Engine/Binaries/Win64/../../../Engine/Shaders/LPVVisualise.usf" 278
"C:/Users/MarcelBlanck/Documents/GitHub/UE4_SpaceRTS/Engine/Binaries/Win64/../../../Engine/Shaders/LPVGeometryVolumeCommon.usf" 279
"C:/Users/MarcelBlanck/Documents/GitHub/UE4_SpaceRTS/Engine/Binaries/Win64/../../../Engine/Shaders/LPVDirectLightInject.usf" 280
"C:/Users/MarcelBlanck/Documents/GitHub/UE4_SpaceRTS/Engine/Binaries/Win64/../../../Engine/Shaders/LPVPropagate.usf" 281
"C:/Users/MarcelBlanck/Documents/GitHub/UE4_SpaceRTS/Engine/Binaries/Win64/../../../Engine/Shaders/LPVBuildGeometryVolume.usf" 282
"C:/Users/MarcelBlanck/Documents/GitHub/UE4_SpaceRTS/Engine/Binaries/Win64/../../../Engine/Shaders/LPVInject_AccumulateVplLists.usf" 283
"C:/Users/MarcelBlanck/Documents/GitHub/UE4_SpaceRTS/Engine/Binaries/Win64/../../../Engine/Shaders/LPVInject_GenerateVplLists.usf" 284
"C:/Users/MarcelBlanck/Documents/GitHub/UE4_SpaceRTS/Engine/Binaries/Win64/../../../Engine/Shaders/LPVClearLists.usf" 285
"C:/Users/MarcelBlanck/Documents/GitHub/UE4_SpaceRTS/Engine/Binaries/Win64/../../../Engine/Shaders/LPVClear.usf" 286
"C:/Users/MarcelBlanck/Documents/GitHub/UE4_SpaceRTS/Engine/Binaries/Win64/../../../Engine/Shaders/LightMapDensityShader.usf" 287
"C:/Users/MarcelBlanck/Documents/GitHub/UE4_SpaceRTS/Engine/Binaries/Win64/../../../Engine/Shaders/LightFunctionPixelShader.usf" 288
"C:/Users/MarcelBlanck/Documents/GitHub/UE4_SpaceRTS/Engine/Binaries/Win64/../../../Engine/Shaders/LightFunctionVertexShader.usf" 289
"C:/Users/MarcelBlanck/Documents/GitHub/UE4_SpaceRTS/Engine/Binaries/Win64/../../../Engine/Shaders/HeightfieldLighting.usf" 290
"C:/Users/MarcelBlanck/Documents/GitHub/UE4_SpaceRTS/Engine/Binaries/Win64/../../../Engine/Shaders/DistanceFieldShadowingShared.usf" 291
"C:/Users/MarcelBlanck/Documents/GitHub/UE4_SpaceRTS/Engine/Binaries/Win64/../../../Engine/Shaders/HdrCustomResolveShaders.usf" 292
"C:/Users/MarcelBlanck/Documents/GitHub/UE4_SpaceRTS/Engine/Binaries/Win64/../../../Engine/Shaders/GPUBenchmark.usf" 293
"C:/Users/MarcelBlanck/Documents/GitHub/UE4_SpaceRTS/Engine/Binaries/Win64/../../../Engine/Shaders/GammaCorrection.usf" 294
"C:/Users/MarcelBlanck/Documents/GitHub/UE4_SpaceRTS/Engine/Binaries/Win64/../../../Engine/Shaders/BasePassForForwardShadingPixelShader.usf" 295
"C:/Users/MarcelBlanck/Documents/GitHub/UE4_SpaceRTS/Engine/Binaries/Win64/../../../Engine/Shaders/BasePassForForwardShadingCommon.usf" 296
"C:/Users/MarcelBlanck/Documents/GitHub/UE4_SpaceRTS/Engine/Binaries/Win64/../../../Engine/Shaders/LightmapCommon.usf" 297
"C:/Users/MarcelBlanck/Documents/GitHub/UE4_SpaceRTS/Engine/Binaries/Win64/../../../Engine/Shaders/BasePassForForwardShadingVertexShader.usf" 298
"C:/Users/MarcelBlanck/Documents/GitHub/UE4_SpaceRTS/Engine/Binaries/Win64/../../../Engine/Shaders/HeightFogCommon.usf" 299
"C:/Users/MarcelBlanck/Documents/GitHub/UE4_SpaceRTS/Engine/Binaries/Win64/../../../Engine/Shaders/HeightFogPixelShader.usf" 300
"C:/Users/MarcelBlanck/Documents/GitHub/UE4_SpaceRTS/Engine/Binaries/Win64/../../../Engine/Shaders/HeightFogVertexShader.usf" 301
"C:/Users/MarcelBlanck/Documents/GitHub/UE4_SpaceRTS/Engine/Binaries/Win64/../../../Engine/Shaders/DistortAccumulatePS.usf" 302
"C:/Users/MarcelBlanck/Documents/GitHub/UE4_SpaceRTS/Engine/Binaries/Win64/../../../Engine/Shaders/DistortAccumulateVS.usf" 303
"C:/Users/MarcelBlanck/Documents/GitHub/UE4_SpaceRTS/Engine/Binaries/Win64/../../../Engine/Shaders/DistortApplyScreenPS.usf" 304
"C:/Users/MarcelBlanck/Documents/GitHub/UE4_SpaceRTS/Engine/Binaries/Win64/../../../Engine/Shaders/DistanceFieldSurfaceCacheLighting.usf" 305
"C:/Users/MarcelBlanck/Documents/GitHub/UE4_SpaceRTS/Engine/Binaries/Win64/../../../Engine/Shaders/SkyLighting.usf" 306
"C:/Users/MarcelBlanck/Documents/GitHub/UE4_SpaceRTS/Engine/Binaries/Win64/../../../Engine/Shaders/DistanceFieldGlobalIllumination.usf" 307
"C:/Users/MarcelBlanck/Documents/GitHub/UE4_SpaceRTS/Engine/Binaries/Win64/../../../Engine/Shaders/DistanceFieldLightingPost.usf" 308
"C:/Users/MarcelBlanck/Documents/GitHub/UE4_SpaceRTS/Engine/Binaries/Win64/../../../Engine/Shaders/DistanceFieldSurfaceCacheLightingCompute.usf" 309
"C:/Users/MarcelBlanck/Documents/GitHub/UE4_SpaceRTS/Engine/Binaries/Win64/../../../Engine/Shaders/DistanceFieldShadowing.usf" 310
"C:/Users/MarcelBlanck/Documents/GitHub/UE4_SpaceRTS/Engine/Binaries/Win64/../../../Engine/Shaders/DepthOnlyPixelShader.usf" 311
"C:/Users/MarcelBlanck/Documents/GitHub/UE4_SpaceRTS/Engine/Binaries/Win64/../../../Engine/Shaders/DepthOnlyVertexShader.usf" 312
"C:/Users/MarcelBlanck/Documents/GitHub/UE4_SpaceRTS/Engine/Binaries/Win64/../../../Engine/Shaders/PositionOnlyDepthVertexShader.usf" 313
"C:/Users/MarcelBlanck/Documents/GitHub/UE4_SpaceRTS/Engine/Binaries/Win64/../../../Engine/Shaders/DownsampleDepthPixelShader.usf" 314
"C:/Users/MarcelBlanck/Documents/GitHub/UE4_SpaceRTS/Engine/Binaries/Win64/../../../Engine/Shaders/EvaluateSurfelMaterial.usf" 315
"C:/Users/MarcelBlanck/Documents/GitHub/UE4_SpaceRTS/Engine/Binaries/Win64/../../../Engine/Shaders/ConvertToUniformMesh.usf" 316
"C:/Users/MarcelBlanck/Documents/GitHub/UE4_SpaceRTS/Engine/Binaries/Win64/../../../Engine/Shaders/BasePassPixelShader.usf" 317
"C:/Users/MarcelBlanck/Documents/GitHub/UE4_SpaceRTS/Engine/Binaries/Win64/../../../Engine/Shaders/BasePassCommon.usf" 318
"C:/Users/MarcelBlanck/Documents/GitHub/UE4_SpaceRTS/Engine/Binaries/Win64/../../../Engine/Shaders/ForEachLight.usf" 319
"C:/Users/MarcelBlanck/Documents/GitHub/UE4_SpaceRTS/Engine/Binaries/Win64/../../../Engine/Shaders/BasePassVertexShader.usf" 320
"C:/Users/MarcelBlanck/Documents/GitHub/UE4_SpaceRTS/Engine/Binaries/Win64/../../../Engine/Shaders/BasePassVertexCommon.usf" 321
"C:/Users/MarcelBlanck/Documents/GitHub/UE4_SpaceRTS/Engine/Binaries/Win64/../../../Engine/Shaders/BasePassTessellationShaders.usf" 322
"C:/Users/MarcelBlanck/Documents/GitHub/UE4_SpaceRTS/Engine/Binaries/Win64/../../../Engine/Shaders/AtmospherePrecompute.usf" 323
"C:/Users/MarcelBlanck/Documents/GitHub/UE4_SpaceRTS/Engine/Binaries/Win64/../../../Engine/Shaders/AtmospherePrecomputeCommon.usf" 324
"C:/Users/MarcelBlanck/Documents/GitHub/UE4_SpaceRTS/Engine/Binaries/Win64/../../../Engine/Shaders/AtmospherePrecomputeInscatter.usf" 325
"C:/Users/MarcelBlanck/Documents/GitHub/UE4_SpaceRTS/Engine/Binaries/Win64/../../../Engine/Shaders/AtmosphericFogShader.usf" 326
"C:/Users/MarcelBlanck/Documents/GitHub/UE4_SpaceRTS/Engine/Binaries/Win64/../../../Engine/Shaders/ResolveVertexShader.usf" 327
"C:/Users/MarcelBlanck/Documents/GitHub/UE4_SpaceRTS/Engine/Binaries/Win64/../../../Engine/Shaders/ResolvePixelShader.usf" 328
"C:/Users/MarcelBlanck/Documents/GitHub/UE4_SpaceRTS/Engine/Binaries/Win64/../../../Engine/Shaders/OneColorShader.usf" 329
"C:/Users/MarcelBlanck/Documents/GitHub/UE4_SpaceRTS/Engine/Binaries/Win64/../../../Engine/Shaders/ClearReplacementShaders.usf" 330
"C:/Users/MarcelBlanck/Documents/GitHub/UE4_SpaceRTS/Engine/Binaries/Win64/../../../Engine/Shaders/SimpleElementTexture2DPreviewPixelShader.usf" 331
"C:/Users/MarcelBlanck/Documents/GitHub/UE4_SpaceRTS/Engine/Binaries/Win64/../../../Engine/Shaders/SimpleElementNormalMapPixelShader.usf" 332
"C:/Users/MarcelBlanck/Documents/GitHub/UE4_SpaceRTS/Engine/Binaries/Win64/../../../Engine/Shaders/meshpaintdilatepixelshader.usf" 333
"C:/Users/MarcelBlanck/Documents/GitHub/UE4_SpaceRTS/Engine/Binaries/Win64/../../../Engine/Shaders/meshpaintdilatevertexshader.usf" 334
"C:/Users/MarcelBlanck/Documents/GitHub/UE4_SpaceRTS/Engine/Binaries/Win64/../../../Engine/Shaders/MeshPaintPixelShader.usf" 335
"C:/Users/MarcelBlanck/Documents/GitHub/UE4_SpaceRTS/Engine/Binaries/Win64/../../../Engine/Shaders/MeshPaintVertexShader.usf" 336
"../../../Engine/Config/Android/AndroidEngine.ini" 337
"../../../Engine/Config/HTML5/HTML5Engine.ini" 338
"../../../Engine/Config/IOS/IOSEngine.ini" 339
"../../../../SpaceRTS/DerivedDataCache/Boot.ddc" 340
"../../../Engine/Content/EngineFonts/Roboto.uasset" 341
"../../../Engine/Content/EngineMaterials/Widget3DPassThrough_Translucent.uasset" 342
"../../../Engine/Content/EngineMaterials/Widget3DPassThrough.uasset" 343
"../../../Engine/Content/EngineResources/WhiteSquareTexture.uasset" 344
"../../../Engine/Content/Functions/Engine_MaterialFunctions01/Shading/PowerToRoughness.uasset" 345
"../../../Engine/Content/Functions/Engine_MaterialFunctions01/Shading/ConvertFromDiffSpec.uasset" 346
"../../../Engine/Content/EngineMaterials/WorldGridMaterial.uasset" 347
"../../../Engine/Content/Functions/Engine_MaterialFunctions01/Opacity/CameraDepthFade.uasset" 348
"../../../Engine/Content/EngineMaterials/T_Default_Material_Grid_M.uasset" 349
"../../../Engine/Content/EngineMaterials/T_Default_Material_Grid_N.uasset" 350
"../../../Engine/Content/EngineMaterials/DefaultDeferredDecalMaterial.uasset" 351
"../../../Engine/Content/EngineMaterials/DefaultDiffuse.uasset" 352
"../../../Engine/Content/EngineMaterials/DefaultLightFunctionMaterial.uasset" 353
"../../../Engine/Content/EngineMaterials/DefaultPostProcessMaterial.uasset" 354
"../../../Engine/Content/Functions/Engine_MaterialFunctions02/Utility/BreakOutFloat2Components.uasset" 355
"../../../Engine/Content/EngineResources/DefaultTexture.uasset" 356
"../../../Engine/Content/EngineMaterials/Widget3DPassThrough_Translucent_OneSided.uasset" 357
"../../../Engine/Content/EngineMaterials/Widget3DPassThrough_Opaque.uasset" 358
"../../../Engine/Content/EngineMaterials/Widget3DPassThrough_Opaque_OneSided.uasset" 359
"../../../Engine/Content/EditorResources/S_Actor.uasset" 360
"../../../Engine/Content/Maps/Templates/Thumbnails/Default.uasset" 361
"../../../Engine/Content/EditorMaterials/ParticleSystems/PSysThumbnail_NoImage.uasset" 362
"../../../Engine/Content/EditorMaterials/ParticleSystems/PSysThumbnail_OOD.uasset" 363
"../../../Engine/Content/EditorLandscapeResources/DataLayer.uasset" 364
"../../../Engine/Content/EngineDamageTypes/DmgTypeBP_Environmental.uasset" 365
"..\..\..\Engine\Content\Internationalization\icudt53l\numberingSystems.res" 366
"..\..\..\Engine\Content\Internationalization\icudt53l\curr\supplementalData.res" 367
"..\..\..\Engine\Content\Internationalization\icudt53l\curr\pool.res" 368
"..\..\..\Engine\Content\Internationalization\icudt53l\curr\en.res" 369
"..\..\..\Engine\Content\Internationalization\icudt53l\curr\root.res" 370
"../../../Engine/Content/EngineMeshes/Sphere.uasset" 371
"../../../Engine/Content/EngineFonts/RobotoDistanceField.uasset" 372
"../../../Engine/Content/EngineMaterials/DefaultTextMaterialOpaque.uasset" 373
"../../../Engine/Content/EditorResources/S_Trigger.uasset" 374
"../../../Engine/Content/EngineResources/GradientTexture0.uasset" 375
"../../../Engine/Content/EngineResources/Black.uasset" 376
"../../../Engine/Content/EditorMaterials/MatineeGroups/MAT_Groups_Float.uasset" 377
"../../../Engine/Content/EditorMaterials/MatineeGroups/MAT_Groups_Director.uasset" 378
"../../../Engine/Content/EditorMaterials/MatineeGroups/MAT_Groups_Event.uasset" 379
"../../../Engine/Content/EditorMaterials/MatineeGroups/MAT_Groups_Anim.uasset" 380
"../../../Engine/Content/EditorMaterials/MatineeGroups/MAT_Groups_Fade.uasset" 381
"../../../Engine/Content/EditorMaterials/MatineeGroups/MAT_Groups_Move.uasset" 382
"../../../Engine/Content/EditorMaterials/MatineeGroups/MAT_Groups_Slomo.uasset" 383
"../../../Engine/Content/EditorMaterials/MatineeGroups/MAT_ColorTrack.uasset" 384
"../../../Engine/Content/EditorMaterials/MAT_Groups_Toggle.uasset" 385
"../../../Engine/Content/EditorMaterials/MatineeGroups/MAT_Groups_AudioMaster.uasset" 386
"../../../Engine/Content/EditorMaterials/MatineeGroups/MAT_Groups_Sound.uasset" 387
"../../../Engine/Content/EditorMaterials/MatineeGroups/MAT_Groups_Vector.uasset" 388
"../../../Engine/Content/EditorMaterials/MAT_Groups_Visibility.uasset" 389
"../../../Engine/Content/EngineResources/DefaultTextureCube.uasset" 390
"../../../Engine/Content/EngineSounds/Master.uasset" 391
"../../../Engine/Content/EngineSounds/Music.uasset" 392
"../../../Engine/Content/EngineSounds/SFX.uasset" 393
"../../../Engine/Content/EngineSounds/Normal_Attack.uasset" 394
"../../../Engine/Content/EngineSounds/Special_Attack_PSM.uasset" 395
"../../../Engine/Content/EngineSounds/Duck_Normal_Attack_MixMod.uasset" 396
"../../../Engine/Content/EngineSounds/Voice.uasset" 397
"../../../Engine/Content/EngineMeshes/Cylinder.uasset" 398
"../../../Engine/Content/EngineMaterials/DefaultMaterial.uasset" 399
"../../../Engine/Content/EngineTireTypes/DefaultTireType.uasset" 400
"../../../Engine/Content/Editor/Slate/Fonts/FontAwesome.ttf" 401
"../../../Engine/Content/Editor/Slate/Fonts/DroidSansMono.ttf" 402
"../../../Engine/Content/Editor/Slate/Fonts/Roboto-BoldCondensed.ttf" 403
"../../../Engine/Content/Editor/Slate/Fonts/Roboto-Black.ttf" 404
"../../../Engine/Content/Editor/Slate/Fonts/Roboto-Italic.ttf" 405
"../../../Engine/Content/Editor/Slate/Fonts/Roboto-BoldCondensedItalic.ttf" 406
"..\..\..\Engine\Content\Internationalization\icudt53l\coll\ucadata.icu" 407
"..\..\..\Engine\Content\Internationalization\icudt53l\nfc.nrm" 408
"..\..\..\Engine\Content\Internationalization\icudt53l\coll\en.res" 409
"..\..\..\Engine\Content\Internationalization\icudt53l\coll\root.res" 410
"../../../Engine/Content/EngineResources/AICON-Red.uasset" 411
"../../../Engine/Content/EngineResources/AICON-Green.uasset" 412
"../../../Engine/Plugins/2D/Paper2D/Content/MaskedUnlitSpriteMaterial.uasset" 413
"../../../Engine/Plugins/2D/Paper2D/Content/DefaultSpriteMaterial.uasset" 414
"../../../Engine/Plugins/2D/Paper2D/Content/DummySpriteTexture.uasset" 415
"../../../Engine/Plugins/2D/Paper2D/Content/PlaceholderTextures/DummySpriteTexture.uasset" 416
"../../../Engine/Plugins/2D/Paper2D/Content/OpaqueUnlitSpriteMaterial.uasset" 417
"../../../Engine/Plugins/2D/Paper2D/Content/DefaultPaperTerrainMaterial.uasset" 418
"../../../Engine/Plugins/2D/Paper2D/Content/DummySprite.uasset" 419
"../../../../SpaceRTS/Content/Actors/SpaceBox/MAT_SpaceBox.uasset" 420
"../../../../SpaceRTS/Content/Actors/SpaceBox/TEX_SpaceBox_DarkBlueNebula_2k.uasset" 421
"../../../../SpaceRTS/Content/Actors/SpaceBox/SM_SpaceBox.uasset" 422
"../../../Engine/Saved/Config/Windows/SourceControlSettings.ini" 423
"../../../../SpaceRTS/Intermediate/Config/CoalescedSourceConfigs/SourceControlSettings.ini" 424
"C:/Users/MarcelBlanck/Documents/GitHub/SpaceRTS/Saved/Config/Windows/SourceControlSettings.ini" 425
"../../../Engine/Plugins/Runtime/LeapMotionController/Content/LM_CapsuleMesh.uasset" 426
"../../../Engine/Plugins/Runtime/LeapMotionController/Content/LM_TorusMesh.uasset" 427
"../../../Engine/Plugins/Runtime/LeapMotionController/Content/LM_HandColor.uasset" 428
"../../../Engine/Content/EngineMaterials/RemoveSurfaceMaterial.uasset" 429
"../../../Engine/Content/EngineDebugMaterials/DebugMeshMaterial.uasset" 430
"../../../Engine/Content/EngineMaterials/M_InvalidLightmapSettings.uasset" 431
"../../../Engine/Content/EngineMaterials/InvalidLightmapSettings.uasset" 432
"../../../Engine/Content/EditorMaterials/GizmoMaterial.uasset" 433
"../../../Engine/Content/EngineMaterials/Good64x64TilingNoiseHighFreq.uasset" 434
"../../../Engine/Content/EngineMaterials/DefaultBokeh.uasset" 435
"../../../Engine/Content/EngineMaterials/PreintegratedSkinBRDF.uasset" 436
"../../../Engine/Content/EngineMaterials/MiniFont.uasset" 437
"../../../Engine/Content/EngineMaterials/WeightMapPlaceholderTexture.uasset" 438
"../../../Engine/Content/EngineMaterials/DefaultWhiteGrid.uasset" 439
"../../../Engine/Content/EngineMaterials/DefaultPhysicalMaterial.uasset" 440
"../../../Engine/Content/EngineFonts/RobotoTiny.uasset" 441
"../../../Engine/Saved/AutoLoadProject.txt" 442
"../../../../SpaceRTS/Intermediate/CachedAssetRegistry.bin" 443
"../../../../SpaceRTS/Content/GUI/OculusProgress/OculusProgress.uasset" 444
"../../../../SpaceRTS/Content/Testing/Test_Input/Test_Input_Pawn.uasset" 445
"../../../../SpaceRTS/Saved/Autosaves/Game/GUI/OculusProgress/OculusProgress_Auto1.uasset" 446
"../../../../SpaceRTS/Saved/Autosaves/Game/Testing/Test_Input/Test_Input_Pawn_Auto2.uasset" 447
"../../../../SpaceRTS/Saved/Backup/OculusProgress_2015-05-26-19-14-07.uasset" 448
"../../../../SpaceRTS/Saved/Backup/Test_Input_Pawn_2015-05-26-19-22-46.uasset" 449
"../../../../SpaceRTS/Saved/Cooked/Android_ETC2/Engine/Content/EditorBlueprintResources/StandardMacros.uasset" 450
"../../../../SpaceRTS/Saved/Cooked/Android_ETC2/Engine/Content/EditorLandscapeResources/DataLayer.uasset" 451
"../../../../SpaceRTS/Saved/Cooked/Android_ETC2/Engine/Content/EditorMaterials/GizmoMaterial.uasset" 452
"../../../../SpaceRTS/Saved/Cooked/Android_ETC2/Engine/Content/EditorMaterials/MAT_Groups_Toggle.uasset" 453
"../../../../SpaceRTS/Saved/Cooked/Android_ETC2/Engine/Content/EditorMaterials/MAT_Groups_Visibility.uasset" 454
"../../../../SpaceRTS/Saved/Cooked/Android_ETC2/Engine/Content/EditorMaterials/PhAT_JointLimitMaterial.uasset" 455
"../../../../SpaceRTS/Saved/Cooked/Android_ETC2/Engine/Content/EditorMaterials/PreviewShadowIndicator.uasset" 456
"../../../../SpaceRTS/Saved/Cooked/Android_ETC2/Engine/Content/EditorMaterials/PreviewShadowIndicatorMaterial.uasset" 457
"../../../../SpaceRTS/Saved/Cooked/Android_ETC2/Engine/Content/EditorMaterials/MatineeGroups/MAT_ColorTrack.uasset" 458
"../../../../SpaceRTS/Saved/Cooked/Android_ETC2/Engine/Content/EditorMaterials/MatineeGroups/MAT_Groups_Anim.uasset" 459
"../../../../SpaceRTS/Saved/Cooked/Android_ETC2/Engine/Content/EditorMaterials/MatineeGroups/MAT_Groups_AudioMaster.uasset" 460
"../../../../SpaceRTS/Saved/Cooked/Android_ETC2/Engine/Content/EditorMaterials/MatineeGroups/MAT_Groups_Director.uasset" 461
"../../../../SpaceRTS/Saved/Cooked/Android_ETC2/Engine/Content/EditorMaterials/MatineeGroups/MAT_Groups_Event.uasset" 462
"../../../../SpaceRTS/Saved/Cooked/Android_ETC2/Engine/Content/EditorMaterials/MatineeGroups/MAT_Groups_Fade.uasset" 463
"../../../../SpaceRTS/Saved/Cooked/Android_ETC2/Engine/Content/EditorMaterials/MatineeGroups/MAT_Groups_Float.uasset" 464
"../../../../SpaceRTS/Saved/Cooked/Android_ETC2/Engine/Content/EditorMaterials/MatineeGroups/MAT_Groups_Move.uasset" 465
"../../../../SpaceRTS/Saved/Cooked/Android_ETC2/Engine/Content/EditorMaterials/MatineeGroups/MAT_Groups_Slomo.uasset" 466
"../../../../SpaceRTS/Saved/Cooked/Android_ETC2/Engine/Content/EditorMaterials/MatineeGroups/MAT_Groups_Sound.uasset" 467
"../../../../SpaceRTS/Saved/Cooked/Android_ETC2/Engine/Content/EditorMaterials/MatineeGroups/MAT_Groups_Vector.uasset" 468
"../../../../SpaceRTS/Saved/Cooked/Android_ETC2/Engine/Content/EditorMaterials/ParticleSystems/PSysThumbnail_NoImage.uasset" 469
"../../../../SpaceRTS/Saved/Cooked/Android_ETC2/Engine/Content/EditorMaterials/ParticleSystems/PSysThumbnail_OOD.uasset" 470
"../../../../SpaceRTS/Saved/Cooked/Android_ETC2/Engine/Content/EditorMeshes/ColorCalibrator/M_ChromeBall.uasset" 471
"../../../../SpaceRTS/Saved/Cooked/Android_ETC2/Engine/Content/EditorMeshes/ColorCalibrator/M_ClearCoat.uasset" 472
"../../../../SpaceRTS/Saved/Cooked/Android_ETC2/Engine/Content/EditorMeshes/ColorCalibrator/M_ClearCoatBlack.uasset" 473
"../../../../SpaceRTS/Saved/Cooked/Android_ETC2/Engine/Content/EditorMeshes/ColorCalibrator/M_ColorGrid.uasset" 474
"../../../../SpaceRTS/Saved/Cooked/Android_ETC2/Engine/Content/EditorMeshes/ColorCalibrator/M_GreyBall.uasset" 475
"../../../../SpaceRTS/Saved/Cooked/Android_ETC2/Engine/Content/EditorMeshes/ColorCalibrator/SM_ColorCalibrator.uasset" 476
"../../../../SpaceRTS/Saved/Cooked/Android_ETC2/Engine/Content/EditorMeshes/ColorCalibrator/T_ColorGrid.uasset" 477
"../../../../SpaceRTS/Saved/Cooked/Android_ETC2/Engine/Content/EditorResources/BSPVertex.uasset" 478
"../../../../SpaceRTS/Saved/Cooked/Android_ETC2/Engine/Content/EditorResources/S_Actor.uasset" 479
"../../../../SpaceRTS/Saved/Cooked/Android_ETC2/Engine/Content/EditorResources/S_Trigger.uasset" 480
"../../../../SpaceRTS/Saved/Cooked/Android_ETC2/Engine/Content/EngineDamageTypes/DmgTypeBP_Environmental.uasset" 481
"../../../../SpaceRTS/Saved/Cooked/Android_ETC2/Engine/Content/EngineDebugMaterials/BoneWeightMaterial.uasset" 482
"../../../../SpaceRTS/Saved/Cooked/Android_ETC2/Engine/Content/EngineDebugMaterials/DebugMeshMaterial.uasset" 483
"../../../../SpaceRTS/Saved/Cooked/Android_ETC2/Engine/Content/EngineDebugMaterials/GeomMaterial.uasset" 484
"../../../../SpaceRTS/Saved/Cooked/Android_ETC2/Engine/Content/EngineDebugMaterials/HeatmapGradient.uasset" 485
"../../../../SpaceRTS/Saved/Cooked/Android_ETC2/Engine/Content/EngineDebugMaterials/LevelColorationLitMaterial.uasset" 486
"../../../../SpaceRTS/Saved/Cooked/Android_ETC2/Engine/Content/EngineDebugMaterials/LevelColorationUnlitMaterial.uasset" 487
"../../../../SpaceRTS/Saved/Cooked/Android_ETC2/Engine/Content/EngineDebugMaterials/MAT_LevelColorationLitLightmapUV.uasset" 488
"../../../../SpaceRTS/Saved/Cooked/Android_ETC2/Engine/Content/EngineDebugMaterials/ShadedLevelColorationLitMaterial.uasset" 489
"../../../../SpaceRTS/Saved/Cooked/Android_ETC2/Engine/Content/EngineDebugMaterials/ShadedLevelColorationUnlitMateri.uasset" 490
"../../../../SpaceRTS/Saved/Cooked/Android_ETC2/Engine/Content/EngineDebugMaterials/VertexColorMaterial.uasset" 491
"../../../../SpaceRTS/Saved/Cooked/Android_ETC2/Engine/Content/EngineDebugMaterials/VertexColorViewMode_AlphaAsColor.uasset" 492
"../../../../SpaceRTS/Saved/Cooked/Android_ETC2/Engine/Content/EngineDebugMaterials/VertexColorViewMode_BlueOnly.uasset" 493
"../../../../SpaceRTS/Saved/Cooked/Android_ETC2/Engine/Content/EngineDebugMaterials/VertexColorViewMode_ColorOnly.uasset" 494
"../../../../SpaceRTS/Saved/Cooked/Android_ETC2/Engine/Content/EngineDebugMaterials/VertexColorViewMode_GreenOnly.uasset" 495
"../../../../SpaceRTS/Saved/Cooked/Android_ETC2/Engine/Content/EngineDebugMaterials/VertexColorViewMode_RedOnly.uasset" 496
"../../../../SpaceRTS/Saved/Cooked/Android_ETC2/Engine/Content/EngineDebugMaterials/WireframeMaterial.uasset" 497
"../../../../SpaceRTS/Saved/Cooked/Android_ETC2/Engine/Content/EngineFonts/Roboto.uasset" 498
"../../../../SpaceRTS/Saved/Cooked/Android_ETC2/Engine/Content/EngineFonts/RobotoDistanceField.uasset" 499
"../../../../SpaceRTS/Saved/Cooked/Android_ETC2/Engine/Content/EngineFonts/RobotoTiny.uasset" 500
"../../../../SpaceRTS/Saved/Cooked/Android_ETC2/Engine/Content/EngineMaterials/DefaultBokeh.uasset" 501
"../../../../SpaceRTS/Saved/Cooked/Android_ETC2/Engine/Content/EngineMaterials/DefaultDeferredDecalMaterial.uasset" 502
"../../../../SpaceRTS/Saved/Cooked/Android_ETC2/Engine/Content/EngineMaterials/DefaultDiffuse.uasset" 503
"../../../../SpaceRTS/Saved/Cooked/Android_ETC2/Engine/Content/EngineMaterials/DefaultLightFunctionMaterial.uasset" 504
"../../../../SpaceRTS/Saved/Cooked/Android_ETC2/Engine/Content/EngineMaterials/DefaultMaterial.uasset" 505
"../../../../SpaceRTS/Saved/Cooked/Android_ETC2/Engine/Content/EngineMaterials/DefaultNormal.uasset" 506
"../../../../SpaceRTS/Saved/Cooked/Android_ETC2/Engine/Content/EngineMaterials/DefaultPhysicalMaterial.uasset" 507
"../../../../SpaceRTS/Saved/Cooked/Android_ETC2/Engine/Content/EngineMaterials/DefaultPostProcessMaterial.uasset" 508
"../../../../SpaceRTS/Saved/Cooked/Android_ETC2/Engine/Content/EngineMaterials/DefaultTextMaterialOpaque.uasset" 509
"../../../../SpaceRTS/Saved/Cooked/Android_ETC2/Engine/Content/EngineMaterials/DefaultWhiteGrid.uasset" 510
"../../../../SpaceRTS/Saved/Cooked/Android_ETC2/Engine/Content/EngineMaterials/EditorBrushMaterial.uasset" 511
"../../../../SpaceRTS/Saved/Cooked/Android_ETC2/Engine/Content/EngineMaterials/Good64x64TilingNoiseHighFreq.uasset" 512
"../../../../SpaceRTS/Saved/Cooked/Android_ETC2/Engine/Content/EngineMaterials/InvalidLightmapSettings.uasset" 513
"../../../../SpaceRTS/Saved/Cooked/Android_ETC2/Engine/Content/EngineMaterials/MiniFont.uasset" 514
"../../../../SpaceRTS/Saved/Cooked/Android_ETC2/Engine/Content/EngineMaterials/M_InvalidLightmapSettings.uasset" 515
"../../../../SpaceRTS/Saved/Cooked/Android_ETC2/Engine/Content/EngineMaterials/PreintegratedSkinBRDF.uasset" 516
"../../../../SpaceRTS/Saved/Cooked/Android_ETC2/Engine/Content/EngineMaterials/RemoveSurfaceMaterial.uasset" 517
"../../../../SpaceRTS/Saved/Cooked/Android_ETC2/Engine/Content/EngineMaterials/T_Default_Material_Grid_M.uasset" 518
"../../../../SpaceRTS/Saved/Cooked/Android_ETC2/Engine/Content/EngineMaterials/T_Default_Material_Grid_N.uasset" 519
"../../../../SpaceRTS/Saved/Cooked/Android_ETC2/Engine/Content/EngineMaterials/WeightMapPlaceholderTexture.uasset" 520
"../../../../SpaceRTS/Saved/Cooked/Android_ETC2/Engine/Content/EngineMaterials/Widget3DPassThrough.uasset" 521
"../../../../SpaceRTS/Saved/Cooked/Android_ETC2/Engine/Content/EngineMaterials/Widget3DPassThrough_Opaque.uasset" 522
"../../../../SpaceRTS/Saved/Cooked/Android_ETC2/Engine/Content/EngineMaterials/Widget3DPassThrough_Opaque_OneSided.uasset" 523
"../../../../SpaceRTS/Saved/Cooked/Android_ETC2/Engine/Content/EngineMaterials/Widget3DPassThrough_Translucent.uasset" 524
"../../../../SpaceRTS/Saved/Cooked/Android_ETC2/Engine/Content/EngineMaterials/Widget3DPassThrough_Translucent_OneSided.uasset" 525
"../../../../SpaceRTS/Saved/Cooked/Android_ETC2/Engine/Content/EngineMaterials/WorldGridMaterial.uasset" 526
"../../../../SpaceRTS/Saved/Cooked/Android_ETC2/Engine/Content/EngineMeshes/Cylinder.uasset" 527
"../../../../SpaceRTS/Saved/Cooked/Android_ETC2/Engine/Content/EngineMeshes/Sphere.uasset" 528
"../../../../SpaceRTS/Saved/Cooked/Android_ETC2/Engine/Content/EngineResources/AICON-Green.uasset" 529
"../../../../SpaceRTS/Saved/Cooked/Android_ETC2/Engine/Content/EngineResources/AICON-Red.uasset" 530
"../../../../SpaceRTS/Saved/Cooked/Android_ETC2/Engine/Content/EngineResources/Black.uasset" 531
"../../../../SpaceRTS/Saved/Cooked/Android_ETC2/Engine/Content/EngineResources/DefaultTexture.uasset" 532
"../../../../SpaceRTS/Saved/Cooked/Android_ETC2/Engine/Content/EngineResources/DefaultTextureCube.uasset" 533
"../../../../SpaceRTS/Saved/Cooked/Android_ETC2/Engine/Content/EngineResources/GradientTexture0.uasset" 534
"../../../../SpaceRTS/Saved/Cooked/Android_ETC2/Engine/Content/EngineResources/WhiteSquareTexture.uasset" 535
"../../../../SpaceRTS/Saved/Cooked/Android_ETC2/Engine/Content/EngineSounds/Duck_Normal_Attack_MixMod.uasset" 536
"../../../../SpaceRTS/Saved/Cooked/Android_ETC2/Engine/Content/EngineSounds/Master.uasset" 537
"../../../../SpaceRTS/Saved/Cooked/Android_ETC2/Engine/Content/EngineSounds/Music.uasset" 538
"../../../../SpaceRTS/Saved/Cooked/Android_ETC2/Engine/Content/EngineSounds/Normal_Attack.uasset" 539
"../../../../SpaceRTS/Saved/Cooked/Android_ETC2/Engine/Content/EngineSounds/SFX.uasset" 540
"../../../../SpaceRTS/Saved/Cooked/Android_ETC2/Engine/Content/EngineSounds/Special_Attack_PSM.uasset" 541
"../../../../SpaceRTS/Saved/Cooked/Android_ETC2/Engine/Content/EngineSounds/Voice.uasset" 542
"../../../../SpaceRTS/Saved/Cooked/Android_ETC2/Engine/Content/EngineTireTypes/DefaultTireType.uasset" 543
"../../../../SpaceRTS/Saved/Cooked/Android_ETC2/Engine/Content/Functions/Engine_MaterialFunctions01/Opacity/CameraDepthFade.uasset" 544
"../../../../SpaceRTS/Saved/Cooked/Android_ETC2/Engine/Content/Functions/Engine_MaterialFunctions01/Shading/ConvertFromDiffSpec.uasset" 545
"../../../../SpaceRTS/Saved/Cooked/Android_ETC2/Engine/Content/Functions/Engine_MaterialFunctions01/Shading/PowerToRoughness.uasset" 546
"../../../../SpaceRTS/Saved/Cooked/Android_ETC2/Engine/Content/Functions/Engine_MaterialFunctions02/Utility/BreakOutFloat2Components.uasset" 547
"../../../../SpaceRTS/Saved/Cooked/Android_ETC2/Engine/Content/Maps/Entry.umap" 548
"../../../../SpaceRTS/Saved/Cooked/Android_ETC2/Engine/Content/Maps/Templates/Thumbnails/Default.uasset" 549
"../../../../SpaceRTS/Saved/Cooked/Android_ETC2/Engine/Content/MobileResources/LoadingScreen.uasset" 550
"../../../../SpaceRTS/Saved/Cooked/Android_ETC2/Engine/Content/MobileResources/T_MobileControls_texture.uasset" 551
"../../../../SpaceRTS/Saved/Cooked/Android_ETC2/Engine/Content/MobileResources/T_MobileMenu2.uasset" 552
"../../../../SpaceRTS/Saved/Cooked/Android_ETC2/Engine/Content/MobileResources/HUD/AnalogHat.uasset" 553
"../../../../SpaceRTS/Saved/Cooked/Android_ETC2/Engine/Content/MobileResources/HUD/DefaultVirtualJoysticks.uasset" 554
"../../../../SpaceRTS/Saved/Cooked/Android_ETC2/Engine/Content/MobileResources/HUD/LeftVirtualJoystickOnly.uasset" 555
"../../../../SpaceRTS/Saved/Cooked/Android_ETC2/Engine/Content/MobileResources/HUD/MobileHUDButton1_off.uasset" 556
"../../../../SpaceRTS/Saved/Cooked/Android_ETC2/Engine/Content/MobileResources/HUD/MobileHUDButton1_on.uasset" 557
"../../../../SpaceRTS/Saved/Cooked/Android_ETC2/Engine/Content/MobileResources/HUD/MobileHUDButton2_off.uasset" 558
"../../../../SpaceRTS/Saved/Cooked/Android_ETC2/Engine/Content/MobileResources/HUD/MobileHUDButton2_on.uasset" 559
"../../../../SpaceRTS/Saved/Cooked/Android_ETC2/Engine/Content/MobileResources/HUD/MobileHUDButton3.uasset" 560
"../../../../SpaceRTS/Saved/Cooked/Android_ETC2/Engine/Content/MobileResources/HUD/MobileHUDButtonFire.uasset" 561
"../../../../SpaceRTS/Saved/Cooked/Android_ETC2/Engine/Content/MobileResources/HUD/MobileHUDDirectionPad.uasset" 562
"../../../../SpaceRTS/Saved/Cooked/Android_ETC2/Engine/Content/MobileResources/HUD/MobileHUDDirectionPad2.uasset" 563
"../../../../SpaceRTS/Saved/Cooked/Android_ETC2/Engine/Content/MobileResources/HUD/MobileHUDDirectionPad3.uasset" 564
"../../../../SpaceRTS/Saved/Cooked/Android_ETC2/Engine/Content/MobileResources/HUD/MobileHUDDirectionStick.uasset" 565
"../../../../SpaceRTS/Saved/Cooked/Android_ETC2/Engine/Content/MobileResources/HUD/T_Castle_ThumbstickInner.uasset" 566
"../../../../SpaceRTS/Saved/Cooked/Android_ETC2/Engine/Content/MobileResources/HUD/T_Castle_ThumbstickOutter.uasset" 567
"../../../../SpaceRTS/Saved/Cooked/Android_ETC2/Engine/Content/MobileResources/HUD/VirtualJoystick_Background.uasset" 568
"../../../../SpaceRTS/Saved/Cooked/Android_ETC2/Engine/Content/MobileResources/HUD/VirtualJoystick_Thumb.uasset" 569
"../../../../SpaceRTS/Saved/Cooked/Android_ETC2/Engine/Plugins/2D/Paper2D/Content/DefaultPaperTerrainMaterial.uasset" 570
"../../../../SpaceRTS/Saved/Cooked/Android_ETC2/Engine/Plugins/2D/Paper2D/Content/DefaultSpriteMaterial.uasset" 571
"../../../../SpaceRTS/Saved/Cooked/Android_ETC2/Engine/Plugins/2D/Paper2D/Content/DummySprite.uasset" 572
"../../../../SpaceRTS/Saved/Cooked/Android_ETC2/Engine/Plugins/2D/Paper2D/Content/MaskedUnlitSpriteMaterial.uasset" 573
"../../../../SpaceRTS/Saved/Cooked/Android_ETC2/Engine/Plugins/2D/Paper2D/Content/OpaqueUnlitSpriteMaterial.uasset" 574
"../../../../SpaceRTS/Saved/Cooked/Android_ETC2/Engine/Plugins/2D/Paper2D/Content/PlaceholderTextures/DummySpriteTexture.uasset" 575
"../../../../SpaceRTS/Saved/Cooked/Android_ETC2/Engine/Plugins/Runtime/LeapMotionController/Content/LM_CapsuleMesh.uasset" 576
"../../../../SpaceRTS/Saved/Cooked/Android_ETC2/Engine/Plugins/Runtime/LeapMotionController/Content/LM_HandColor.uasset" 577
"../../../../SpaceRTS/Saved/Cooked/Android_ETC2/Engine/Plugins/Runtime/LeapMotionController/Content/LM_TorusMesh.uasset" 578
"../../../../SpaceRTS/Saved/Cooked/Android_ETC2/SpaceRTS/Content/Actors/SpaceBox/MAT_SpaceBox.uasset" 579
"../../../../SpaceRTS/Saved/Cooked/Android_ETC2/SpaceRTS/Content/Actors/SpaceBox/SM_SpaceBox.uasset" 580
"../../../../SpaceRTS/Saved/Cooked/Android_ETC2/SpaceRTS/Content/Actors/SpaceBox/TEX_SpaceBox_DarkBlueNebula_2k.uasset" 581
"../../../../SpaceRTS/Saved/Cooked/Android_ETC2/SpaceRTS/Content/GUI/OculusLoading/loading_indicator.uasset" 582
"../../../../SpaceRTS/Saved/Cooked/Android_ETC2/SpaceRTS/Content/GUI/OculusLoading/MAT_OculusLoading.uasset" 583
"../../../../SpaceRTS/Saved/Cooked/Android_ETC2/SpaceRTS/Content/GUI/OculusLoading/OculusLoading.uasset" 584
"../../../../SpaceRTS/Saved/Cooked/Android_ETC2/SpaceRTS/Content/GUI/OculusProgress/color_ramp_timer.uasset" 585
"../../../../SpaceRTS/Saved/Cooked/Android_ETC2/SpaceRTS/Content/GUI/OculusProgress/gaze_cursor_timer.uasset" 586
"../../../../SpaceRTS/Saved/Cooked/Android_ETC2/SpaceRTS/Content/GUI/OculusProgress/MAT_OculusProgress.uasset" 587
"../../../../SpaceRTS/Saved/Cooked/Android_ETC2/SpaceRTS/Content/GUI/OculusProgress/OculusProgress.uasset" 588
"../../../../SpaceRTS/Saved/Cooked/Android_ETC2/SpaceRTS/Content/Levels/Loading.umap" 589
"../../../../SpaceRTS/Saved/Cooked/Android_ETC2/SpaceRTS/Content/Meshes/Plane.uasset" 590
"../../../../SpaceRTS/Saved/Cooked/Android_ETC2/SpaceRTS/Content/Testing/TestAssets/FPS_Display/Widget_FPS.uasset" 591
"../../../../SpaceRTS/Saved/Cooked/Android_ETC2/SpaceRTS/Content/Testing/Test_Input/Test_Input.umap" 592
"../../../../SpaceRTS/Saved/Cooked/Android_ETC2/SpaceRTS/Content/Testing/Test_Input/Test_Input_GM.uasset" 593
"../../../../SpaceRTS/Saved/Cooked/Android_ETC2/SpaceRTS/Content/Testing/Test_Input/Test_Input_Pawn.uasset" 594
"../../../../SpaceRTS/Saved/Cooked/Android_ETC2/SpaceRTS/Content/Testing/Test_Input/Test_input_PC.uasset" 595
"../../../../SpaceRTS/Saved/Cooked/Android_ETC2/SpaceRTS/Content/Testing/Test_Input/InputIndicator/Widget_Back_Indicator.uasset" 596
"C:/Users/MarcelBlanck/Documents/GitHub/SpaceRTS/Saved/Cooked/Android_ETC2/SpaceRTS/CookedIniVersion.txt" 597
"../../../Engine/DerivedDataCache/8/9/7/GSM_AF1606FCEC214373844D2B6CF9DF71C8_GLSL_ES2_3599__BC5N_DEV_NOSL_NODBUF_TSLAT__A12AA6F2FBEEEA2002E5DE354AEAFE6313A5F5FB.udd" 598
"../../../Engine/Content/MobileResources/HUD/VirtualJoystick_Thumb.uasset" 599
"../../../Engine/Content/EditorResources/BSPVertex.uasset" 600
"../../../Engine/Content/EngineDebugMaterials/WireframeMaterial.uasset" 601
"../../../Engine/DerivedDataCache/6/1/0/MATSM_983AFA3849534FAA8491540B994BD32E_GLSL_ES2_3599__BC5N_DEV_NOSL_NODBUFF764__498AD9365209FCA3A20384D2FE6B8EC5EA53F704.udd" 602
"../../../Engine/Content/EngineDebugMaterials/GeomMaterial.uasset" 603
"../../../Engine/DerivedDataCache/6/8/4/MATSM_983AFA3849534FAA8491540B994BD32E_GLSL_ES2_3599__BC5N_DEV_NOSL_NODBUF5304__44AA50082C825CE7BD2EFED30A5F7672D96153D9.udd" 604
"../../../Engine/Content/EngineDebugMaterials/LevelColorationLitMaterial.uasset" 605
"../../../Engine/DerivedDataCache/0/5/2/MATSM_983AFA3849534FAA8491540B994BD32E_GLSL_ES2_3599__BC5N_DEV_NOSL_NODBUFEB69__08B836CD2473384424DC5E98A2CC81233EB6949C.udd" 606
"../../../Engine/Content/EngineDebugMaterials/LevelColorationUnlitMaterial.uasset" 607
"../../../Engine/DerivedDataCache/8/0/8/MATSM_983AFA3849534FAA8491540B994BD32E_GLSL_ES2_3599__BC5N_DEV_NOSL_NODBUF0050__EED9605A1EC7931FA7A6B52173A3F2C2160A8AB8.udd" 608
"../../../Engine/Content/EngineDebugMaterials/MAT_LevelColorationLitLightmapUV.uasset" 609
"../../../Engine/Content/EngineDebugMaterials/ShadedLevelColorationLitMaterial.uasset" 610
"../../../Engine/DerivedDataCache/3/5/7/MATSM_983AFA3849534FAA8491540B994BD32E_GLSL_ES2_3599__BC5N_DEV_NOSL_NODBUFD13C__8EF057C37A9B86D6BA6013854A70537805059997.udd" 611
"../../../Engine/Content/EngineDebugMaterials/ShadedLevelColorationUnlitMateri.uasset" 612
"../../../Engine/DerivedDataCache/6/4/6/MATSM_983AFA3849534FAA8491540B994BD32E_GLSL_ES2_3599__BC5N_DEV_NOSL_NODBUF2DF0__7B5BE52A6B19FD78B3C95784DBCF4E3C07508B63.udd" 613
"../../../Engine/Content/EngineDebugMaterials/VertexColorMaterial.uasset" 614
"../../../Engine/DerivedDataCache/5/7/6/MATSM_983AFA3849534FAA8491540B994BD32E_GLSL_ES2_3599__BC5N_DEV_NOSL_NODBUF06C1__9E395237A14F7380515516B42AB4166F77C47F2C.udd" 615
"../../../Engine/Content/EngineDebugMaterials/VertexColorViewMode_ColorOnly.uasset" 616
"../../../Engine/DerivedDataCache/9/2/6/MATSM_983AFA3849534FAA8491540B994BD32E_GLSL_ES2_3599__BC5N_DEV_NOSL_NODBUF9E78__3CC094DA5C77FA9E52A4A1B27276036C3D655755.udd" 617
"../../../Engine/Content/EngineDebugMaterials/VertexColorViewMode_AlphaAsColor.uasset" 618
"../../../Engine/DerivedDataCache/3/1/7/MATSM_983AFA3849534FAA8491540B994BD32E_GLSL_ES2_3599__BC5N_DEV_NOSL_NODBUFE13E__2245322D6086B8CBB054EC8492102A30F14EA1F5.udd" 619
"../../../Engine/Content/EngineDebugMaterials/VertexColorViewMode_RedOnly.uasset" 620
"../../../Engine/DerivedDataCache/5/0/3/MATSM_983AFA3849534FAA8491540B994BD32E_GLSL_ES2_3599__BC5N_DEV_NOSL_NODBUFE99E__34389C9BC8C9094DA84CD0E83E7E058BFFF473C9.udd" 621
"../../../Engine/Content/EngineDebugMaterials/VertexColorViewMode_GreenOnly.uasset" 622
"../../../Engine/DerivedDataCache/3/0/6/MATSM_983AFA3849534FAA8491540B994BD32E_GLSL_ES2_3599__BC5N_DEV_NOSL_NODBUF086D__FEC0D0DCF32602D188F3A95E7BCB217DE53CCB56.udd" 623
"../../../Engine/Content/EngineDebugMaterials/VertexColorViewMode_BlueOnly.uasset" 624
"../../../Engine/DerivedDataCache/3/8/0/MATSM_983AFA3849534FAA8491540B994BD32E_GLSL_ES2_3599__BC5N_DEV_NOSL_NODBUF07B1__14B06811DDBDFC014CEAEF1FCBCA674D08818A5B.udd" 625
"../../../Engine/Content/EngineDebugMaterials/BoneWeightMaterial.uasset" 626
"../../../Engine/Content/EngineDebugMaterials/HeatmapGradient.uasset" 627
"../../../Engine/DerivedDataCache/6/5/4/MATSM_983AFA3849534FAA8491540B994BD32E_GLSL_ES2_3599__BC5N_DEV_NOSL_NODBUF32DB__770D88D25A57EF9EDC83CB65F199C646D1DEB206.udd" 628
"../../../Engine/Content/EditorMaterials/PhAT_JointLimitMaterial.uasset" 629
"../../../Engine/DerivedDataCache/9/9/5/MATSM_983AFA3849534FAA8491540B994BD32E_GLSL_ES2_3599__BC5N_DEV_NOSL_NODBUFCA0E__76BA092C99B8B667FCEC4F4A7521283ADBE8B582.udd" 630
"../../../Engine/Content/EditorMaterials/PreviewShadowIndicatorMaterial.uasset" 631
"../../../Engine/Content/EditorMaterials/PreviewShadowIndicator.uasset" 632
"../../../Engine/Content/EngineMaterials/EditorBrushMaterial.uasset" 633
"../../../Engine/DerivedDataCache/8/9/9/MATSM_983AFA3849534FAA8491540B994BD32E_GLSL_ES2_3599__BC5N_DEV_NOSL_NODBUFBA2C__EE093292A8D10B1E1AC467E2533478BED36BD04E.udd" 634
"../../../Engine/Content/EditorMeshes/ColorCalibrator/SM_ColorCalibrator.uasset" 635
"../../../Engine/Content/EditorMeshes/ColorCalibrator/M_ChromeBall.uasset" 636
"../../../Engine/Content/EditorMeshes/ColorCalibrator/M_ClearCoat.uasset" 637
"../../../Engine/Content/EditorMeshes/ColorCalibrator/M_ClearCoatBlack.uasset" 638
"../../../Engine/Content/EditorMeshes/ColorCalibrator/M_ColorGrid.uasset" 639
"../../../Engine/Content/EditorMeshes/ColorCalibrator/T_ColorGrid.uasset" 640
"../../../Engine/Content/EditorMeshes/ColorCalibrator/M_GreyBall.uasset" 641
"../../../Engine/DerivedDataCache/9/5/8/MATSM_983AFA3849534FAA8491540B994BD32E_GLSL_ES2_3599__BC5N_DEV_NOSL_NODBUFE22E__DB8E9C549BB5B50DC1DE5470A3EA3E85755E9AE1.udd" 642
"../../../Engine/DerivedDataCache/1/4/2/MATSM_983AFA3849534FAA8491540B994BD32E_GLSL_ES2_3599__BC5N_DEV_NOSL_NODBUFECFD__0BF5AF6EC7477EB3D72554761AEA34D3A23D8089.udd" 643
"../../../Engine/DerivedDataCache/1/0/8/MATSM_983AFA3849534FAA8491540B994BD32E_GLSL_ES2_3599__BC5N_DEV_NOSL_NODBUF7DD5__604B2A9BCF5184B64DA5F08A40952894F4CC0E3F.udd" 644
"../../../Engine/DerivedDataCache/9/3/0/MATSM_983AFA3849534FAA8491540B994BD32E_GLSL_ES2_3599__BC5N_DEV_NOSL_NODBUFCA17__0C44E5A636B4965217FF19E5B12635854E21F17C.udd" 645
"../../../Engine/DerivedDataCache/1/6/6/MATSM_983AFA3849534FAA8491540B994BD32E_GLSL_ES2_3599__BC5N_DEV_NOSL_NODBUFC9EC__34325201AD34DDABED4CE5A17D49CA38B7EBEF53.udd" 646
"../../../Engine/DerivedDataCache/6/0/2/STATICMESH_46A8778361B442A9523C54440EA1E9D_2C1BC8F50A7A43818AFE266EB43D9060_79__298CAEE625C9D398594D75C81872738B32891DA8.udd" 647
"../../../Engine/DerivedDataCache/5/2/5/NAVCOLLISION_B89838347A4348138EE337A847529C5C_NAVCOLLISION_X_6E52BDA04AB03E3BE__519612193A5011F35C31B57B4417E474BE73E8EF.udd" 648
"../../../Engine/DerivedDataCache/0/8/2/PHYSX_$7B1F0627AE$2DABEB$2D4206$2D8D78$2DE16BEB5DDC7E$7D_PHYSXPC_6E52BDA04AB03__8B78F47DF382A88C4646390AB5015DE5036C35C9.udd" 649
"../../../Engine/DerivedDataCache/3/7/9/TEXTURE_814DCC3DC72143F49509781513CB9855_BGRA8_2303080240B4FBC995EC43ABAA9A8C6__FF67176A68B6CAB831A7F4C31766F94B348FF9C3.udd" 650
"../../../Engine/DerivedDataCache/3/7/6/TEXTURE_814DCC3DC72143F49509781513CB9855_AUTOETC2_C45F0F7D439FAD52041B1EBC5A8A__DE921EC362591A7DC0E4EC357300A789EC6756DD.udd" 651
"../../../Engine/DerivedDataCache/6/0/4/TEXTURE_814DCC3DC72143F49509781513CB9855_AUTOETC2_FDD461EC4EDF5F99C659709B7A42__7E192388D70B5D346C24DC512EBCEAEEBB5DF24A.udd" 652
"../../../Engine/DerivedDataCache/1/4/8/TEXTURE_814DCC3DC72143F49509781513CB9855_AUTOETC2_FDD461EC4EDF5F99C659709B7A42__085B1BBD9FD481DBEAABE273408E8E44C2C3903F.udd" 653
"../../../Engine/DerivedDataCache/0/4/5/TEXTURE_814DCC3DC72143F49509781513CB9855_AUTOETC2_FDD461EC4EDF5F99C659709B7A42__39F02394471C2060C5BDCC088B752130DAE85D0A.udd" 654
"../../../Engine/DerivedDataCache/3/8/1/TEXTURE_814DCC3DC72143F49509781513CB9855_AUTOETC2_FDD461EC4EDF5F99C659709B7A42__F1074F51959F53D81F1762EF8BD4F998C120A6C6.udd" 655
"../../../Engine/DerivedDataCache/9/5/9/TEXTURE_814DCC3DC72143F49509781513CB9855_AUTOETC2_565E0359430950FA252A118AF852__EB3B58DFC4AC91E3726AA148591EC4D6F93E7868.udd" 656
"../../../Engine/DerivedDataCache/2/5/5/TEXTURE_814DCC3DC72143F49509781513CB9855_AUTOETC2_565E0359430950FA252A118AF852__C33B30666DC46335414E2EE04D204B1E95B4478F.udd" 657
"../../../Engine/DerivedDataCache/1/4/6/TEXTURE_814DCC3DC72143F49509781513CB9855_AUTOETC2_565E0359430950FA252A118AF852__E6280177FD79017CC41FC10E084D9DBD45F6A753.udd" 658
"../../../Engine/DerivedDataCache/8/1/8/TEXTURE_814DCC3DC72143F49509781513CB9855_AUTOETC2_B21C1AFF42ACD5ADC8C382B3A090__7A7FD4E14700E31735F3421C754E75C25B65406D.udd" 659
"../../../Engine/DerivedDataCache/3/9/2/TEXTURE_814DCC3DC72143F49509781513CB9855_AUTOETC2_B21C1AFF42ACD5ADC8C382B3A090__60777234544C74C791DDFE7B14788789E9FD0ECE.udd" 660
"../../../Engine/DerivedDataCache/9/7/1/TEXTURE_814DCC3DC72143F49509781513CB9855_AUTOETC2_B21C1AFF42ACD5ADC8C382B3A090__08A57D96AF4BF53463842144D6B5072F8CEB71EB.udd" 661
"../../../Engine/DerivedDataCache/5/4/1/TEXTURE_814DCC3DC72143F49509781513CB9855_AUTOETC2_B21C1AFF42ACD5ADC8C382B3A090__85C8C698B4AD232A5C29B8C5CE62312CF1D64CB9.udd" 662
"../../../Engine/DerivedDataCache/8/6/0/TEXTURE_814DCC3DC72143F49509781513CB9855_AUTOETC2_B21C1AFF42ACD5ADC8C382B3A090__BA1385110DDBD653A1CC4006D1EA0FDDF1E3A555.udd" 663
"../../../Engine/DerivedDataCache/7/9/3/TEXTURE_814DCC3DC72143F49509781513CB9855_ETC2_RGB_15564967414184874DBCB89C44D5__EB9AA19127DC66862A10F36F87C078AC6DAA98E6.udd" 664
"../../../Engine/DerivedDataCache/8/7/8/TEXTURE_814DCC3DC72143F49509781513CB9855_ETC2_RGB_15564967414184874DBCB89C44D5__F11664152F8B494ADDB3906D77974379A15D64C8.udd" 665
"../../../Engine/DerivedDataCache/3/1/8/TEXTURE_814DCC3DC72143F49509781513CB9855_BGRA8_5216118D4EACC7D4064ADCBA89F7720__4776B6E2E6502A15BA73B7522CDBB3F8E50002AD.udd" 666
"../../../Engine/DerivedDataCache/2/8/1/TEXTURE_814DCC3DC72143F49509781513CB9855_BGRA8_5216118D4EACC7D4064ADCBA89F7720__66F5A912C12ECCBFC7828C141D8C68C1A07C0A15.udd" 667
"../../../Engine/DerivedDataCache/1/9/6/TEXTURE_814DCC3DC72143F49509781513CB9855_BGRA8_B19E8D43472CA8B277E8CCA8993996A__878CA4B0813C95120A256C74CF1AC98FA54BEF64.udd" 668
"../../../Engine/DerivedDataCache/9/5/6/TEXTURE_814DCC3DC72143F49509781513CB9855_AUTOETC2_55809E694EE7DB292235CC917A5C__8FC7A06DE27A68F712A5ADCBA6565C125B680682.udd" 669
"../../../Engine/DerivedDataCache/6/4/8/TEXTURE_814DCC3DC72143F49509781513CB9855_AUTOETC2_55809E694EE7DB292235CC917A5C__1D7701164B3DB8082DE75834769BAB178B614FC0.udd" 670
"../../../Engine/DerivedDataCache/9/7/9/TEXTURE_814DCC3DC72143F49509781513CB9855_AUTOETC2_55809E694EE7DB292235CC917A5C__6607013B8C13FDB1E41A6A89B8201B2F25DFB4D3.udd" 671
"../../../Engine/DerivedDataCache/8/7/4/TEXTURE_814DCC3DC72143F49509781513CB9855_AUTOETC2_7BC0404946D77A8C093A10AE0677__D08DFA3EE99D63A54B9C33129432D19FA7D5E3E4.udd" 672
"../../../Engine/DerivedDataCache/6/5/7/TEXTURE_814DCC3DC72143F49509781513CB9855_AUTOETC2_7BC0404946D77A8C093A10AE0677__EA42FC7D038ABDFD6A6CEF92C90E0FE72094B077.udd" 673
"../../../Engine/DerivedDataCache/0/1/3/TEXTURE_814DCC3DC72143F49509781513CB9855_G8_C13BD2BB45C48968C13E6F8322E0CF1A_0__A856BDB1C74F641C3E5A497386077ABA922667E4.udd" 674
"../../../Engine/DerivedDataCache/8/0/6/TEXTURE_814DCC3DC72143F49509781513CB9855_BGRA8_D0FECEC94BB5E3DA0C23C4AB41A933F__26A4750DDEE85082D5E426AC2FC0FB509DBC0E30.udd" 675
"../../../Engine/DerivedDataCache/2/2/3/TEXTURE_814DCC3DC72143F49509781513CB9855_BGRA8_D0FECEC94BB5E3DA0C23C4AB41A933F__BCC05532D8752724EDE6B77A32222320BD230C00.udd" 676
"../../../Engine/DerivedDataCache/0/5/5/TEXTURE_814DCC3DC72143F49509781513CB9855_BGRA8_D0FECEC94BB5E3DA0C23C4AB41A933F__A74983DD16C9F19298E271B929B3C0B3FE13FC9E.udd" 677
"../../../Engine/DerivedDataCache/5/1/3/TEXTURE_814DCC3DC72143F49509781513CB9855_BGRA8_C6F046E346DE53E9987E70930FC6D31__2BC58C7103301983DEFA01C3C389866FD917AABF.udd" 678
"../../../Engine/DerivedDataCache/2/1/0/TEXTURE_814DCC3DC72143F49509781513CB9855_AUTOETC2_1EC0B18B47E75959952584B5D8D9__5BB02F3CE0BF30F09871F579E38E19E2B3BA23F4.udd" 679
"../../../Engine/DerivedDataCache/5/5/3/TEXTURE_814DCC3DC72143F49509781513CB9855_AUTOETC2_3D7D3365419CADDBF5E531B12CF1__BC33B532558BDF4A80AE2AD245F793CCB0564FBE.udd" 680
"../../../Engine/DerivedDataCache/5/0/2/TEXTURE_814DCC3DC72143F49509781513CB9855_AUTOETC2_3CAC1F094FB87A98E53D7D8A2464__FC3BF60BFDCA048A2A4D1241AB29A5EE0CAE363A.udd" 681
"../../../Engine/DerivedDataCache/5/3/9/TEXTURE_814DCC3DC72143F49509781513CB9855_AUTOETC2_33CBEF834D7D60ED9D58E5940B7B__A188E30BEA3E4632468BAC63017818ADEFDE3A9D.udd" 682
"../../../Engine/DerivedDataCache/4/3/4/TEXTURE_814DCC3DC72143F49509781513CB9855_AUTOETC2_CBF5B13548AB62E6A9ADA387D1FE__F22F51744B01BA47602A9F8222507CEADD398CB1.udd" 683
"../../../Engine/DerivedDataCache/9/4/3/TEXTURE_814DCC3DC72143F49509781513CB9855_AUTOETC2_E38B68B34F759D23C6E5CD925E4D__E3EF57FCCB28EEAF78270120C63BFE218955FA2B.udd" 684
"../../../Engine/DerivedDataCache/9/9/4/TEXTURE_814DCC3DC72143F49509781513CB9855_AUTOETC2_E55F8197440DD2855E7F4D9816C8__26FAABFEE53A71E74D734D42522AAFAB1E113E2B.udd" 685
"../../../Engine/DerivedDataCache/6/4/8/TEXTURE_814DCC3DC72143F49509781513CB9855_AUTOETC2_A6C0C4B74D09BE1A7E2C31B7CA77__4FC1E06797B3A12742584C831114A16ADEEE064C.udd" 686
"../../../Engine/DerivedDataCache/5/5/0/TEXTURE_814DCC3DC72143F49509781513CB9855_AUTOETC2_7D98C11E41884B4A67A497A07B02__E181EEF76454340A066457FB4597AB73EFA70AA7.udd" 687
"../../../Engine/DerivedDataCache/0/5/5/TEXTURE_814DCC3DC72143F49509781513CB9855_AUTOETC2_74A80EB64112E46096AE17A812C2__9EEDDE9E598515D631B6EC0BA271D2E72B67FB38.udd" 688
"../../../Engine/DerivedDataCache/6/4/2/TEXTURE_814DCC3DC72143F49509781513CB9855_AUTOETC2_264ABDF14257816FFA9477A6F6A1__9348986C58E3E28191F807FD65AF8C988AFFC29F.udd" 689
"../../../Engine/DerivedDataCache/5/6/2/TEXTURE_814DCC3DC72143F49509781513CB9855_AUTOETC2_025102BB43BBEAC3F07578891938__288F96220133F5DB618C7810389D648E51275367.udd" 690
"../../../Engine/DerivedDataCache/0/3/1/TEXTURE_814DCC3DC72143F49509781513CB9855_AUTOETC2_C55865344733442FBAD7D29E0B65__DBFD6DF917E5B865D5655CC5170E7935082C1015.udd" 691
"../../../Engine/DerivedDataCache/9/2/3/TEXTURE_814DCC3DC72143F49509781513CB9855_AUTOETC2_6A6029554EC6CEDCFFC9E0836D46__09EB7AEBBFF4780E178B8CD6634BE2C0B8EA3EA4.udd" 692
"../../../Engine/DerivedDataCache/2/9/6/TEXTURE_814DCC3DC72143F49509781513CB9855_ETC2_RGB_C349D2FA2A30FC1134357D3272F2__E4DE7997DE2A45F20855B42729C87D61E817BF49.udd" 693
"../../../Engine/DerivedDataCache/6/1/0/TEXTURE_814DCC3DC72143F49509781513CB9855_AUTOETC2_09053A42486F57C671A2B9B0F627__8D0B3F43192C1017B9EEFE328D6F0F41221F2486.udd" 694
"../../../Engine/DerivedDataCache/7/8/5/TEXTURE_814DCC3DC72143F49509781513CB9855_AUTOETC2_B07BB94C4024838454154883B787__C1D4919033A002D3AE86AA90CF824B7F0F080576.udd" 695
"../../../Engine/DerivedDataCache/2/2/8/TEXTURE_814DCC3DC72143F49509781513CB9855_AUTOETC2_584A79B6465982423406428F0D77__55031B9256265E3C56183C6740D93EA06F5F28E4.udd" 696
"../../../Engine/DerivedDataCache/8/5/8/TEXTURE_814DCC3DC72143F49509781513CB9855_AUTOETC2_584A79B6465982423406428F0D77__FC6B5D43DBFF6EAFD5E8ED2CF87CCD71DAA774FA.udd" 697
"../../../Engine/DerivedDataCache/8/6/6/TEXTURE_814DCC3DC72143F49509781513CB9855_ETC2_RGB_ADA6EF1146DA511E608EE88382F6__C76F6CC7EBFDCDAB905831B02779CF37A30EC51A.udd" 698
"../../../Engine/DerivedDataCache/5/4/5/TEXTURE_814DCC3DC72143F49509781513CB9855_ETC2_RGB_ADA6EF1146DA511E608EE88382F6__C0338D5363364B1898ED981E7DB99796C351988F.udd" 699
"../../../Engine/DerivedDataCache/3/9/6/TEXTURE_814DCC3DC72143F49509781513CB9855_ETC2_RGB_ADA6EF1146DA511E608EE88382F6__B81CCCDE27B7A72CB8D7BB988AEABBB2368622A6.udd" 700
"../../../Engine/DerivedDataCache/1/3/7/TEXTURE_814DCC3DC72143F49509781513CB9855_ETC2_RGB_ADA6EF1146DA511E608EE88382F6__B953C0255E5417A6F05067A45CB07B1A57A80F65.udd" 701
"../../../Engine/DerivedDataCache/2/1/3/TEXTURE_814DCC3DC72143F49509781513CB9855_ETC2_RGB_ADA6EF1146DA511E608EE88382F6__0664C37B6EB775DB7A81A28393CF0817F783C8AC.udd" 702
"../../../Engine/DerivedDataCache/6/5/2/TEXTURE_814DCC3DC72143F49509781513CB9855_ETC2_RGB_ADA6EF1146DA511E608EE88382F6__8A0F4724D29FE555FFCDB98C4633AC69A317C080.udd" 703
"../../../Engine/DerivedDataCache/5/1/6/TEXTURE_814DCC3DC72143F49509781513CB9855_AUTOETC2_5075C5404C9665C57F66B49F2C5D__A245EEB43AAB99B2F159B58A8FCAD1B792B630A2.udd" 704
"../../../Engine/DerivedDataCache/1/1/4/TEXTURE_814DCC3DC72143F49509781513CB9855_AUTOETC2_5075C5404C9665C57F66B49F2C5D__E1E436311D636A109DED6AE834AC65042DB4F773.udd" 705
"../../../Engine/DerivedDataCache/8/5/0/TEXTURE_814DCC3DC72143F49509781513CB9855_AUTOETC2_5075C5404C9665C57F66B49F2C5D__8523ED0364EDB84D3CE4BB334D95B4D57DD34563.udd" 706
"../../../Engine/DerivedDataCache/3/3/3/TEXTURE_814DCC3DC72143F49509781513CB9855_AUTOETC2_5075C5404C9665C57F66B49F2C5D__1954D0465AC464A44E359AB8F7B03DAD2D130F81.udd" 707
"../../../Engine/DerivedDataCache/2/2/6/TEXTURE_814DCC3DC72143F49509781513CB9855_G8_1C2B54F74EBDC3C23B1A0B85D55D159C_0__2E2A404ABA0B1D38FA0F8DFA476C0ECE606A40A4.udd" 708
"../../../Engine/DerivedDataCache/4/7/9/TEXTURE_814DCC3DC72143F49509781513CB9855_BGRA8_52C2D2044F80407BBABA8CB2BA04F4F__FDB37FDECA0F67A24577A4436B3C2D9D715FD7D7.udd" 709
"../../../Engine/DerivedDataCache/2/9/2/TEXTURE_814DCC3DC72143F49509781513CB9855_BGRA8_A28EC0C4486158C85466808599E49A4__1FF86D5F10DF5DA41E6C385F79D34A8F73D47BF5.udd" 710
"../../../Engine/DerivedDataCache/1/0/4/TEXTURE_814DCC3DC72143F49509781513CB9855_AUTOETC2_B1F6A23D46761DA1743FBE984F9E__5F517B1720AB89A2E543899A634F7305D911B67F.udd" 711
"../../../Engine/DerivedDataCache/5/4/9/TEXTURE_814DCC3DC72143F49509781513CB9855_BGRA8_9B0249994A9B1B14D96CD7BB7A90FB3__74A9C9C27BB25673E2C803395BE184240A57985C.udd" 712
"../../../Engine/DerivedDataCache/9/2/8/TEXTURE_814DCC3DC72143F49509781513CB9855_AUTOETC2_95D01D314436990422EF30A4E4FA__94F8EF116663FFFFDFC95A7B0EE886F1A46CF32B.udd" 713
"../../../Engine/DerivedDataCache/4/8/2/TEXTURE_814DCC3DC72143F49509781513CB9855_AUTOETC2_95D01D314436990422EF30A4E4FA__9BCD898FEC2918C0D117986FD0225C13AA2F7AF3.udd" 714
"../../../Engine/DerivedDataCache/5/0/9/TEXTURE_814DCC3DC72143F49509781513CB9855_AUTOETC2_6A00F1654C244F95E8B15E9A15BE__EA5254C9A4D0FC543C48AF9585403CA9EF67B104.udd" 715
"../../../Engine/DerivedDataCache/8/1/8/TEXTURE_814DCC3DC72143F49509781513CB9855_BGRA8_300F91D746B84377794E1FA74622CC3__0CF773674540940F3B26ED33054647E44CAC1F0D.udd" 716
"../../../Engine/DerivedDataCache/4/9/8/TEXTURE_814DCC3DC72143F49509781513CB9855_BGRA8_300F91D746B84377794E1FA74622CC3__C63D40BDCBDD34BF7686F4DE7E8E3F79E3975346.udd" 717
"../../../Engine/DerivedDataCache/1/3/3/TEXTURE_814DCC3DC72143F49509781513CB9855_BGRA8_300F91D746B84377794E1FA74622CC3__51E0BAA5DE2C6204E477108FEF679A79290291B4.udd" 718
"../../../Engine/DerivedDataCache/2/1/3/TEXTURE_814DCC3DC72143F49509781513CB9855_BGRA8_300F91D746B84377794E1FA74622CC3__377AF1476D1F084F5702571C4DF930106762A4A4.udd" 719
"../../../Engine/DerivedDataCache/9/8/2/TEXTURE_814DCC3DC72143F49509781513CB9855_G8_EFCCE016429008D9D6575CB3A2DF598A_0__F949E4B3D838BDCB34985AA09A06B8738A445AB5.udd" 720
"../../../Engine/DerivedDataCache/4/2/1/TEXTURE_814DCC3DC72143F49509781513CB9855_G8_EFCCE016429008D9D6575CB3A2DF598A_0__8945277941692C5A22D79C1A7D9B477B8846D045.udd" 721
"../../../Engine/DerivedDataCache/3/8/5/TEXTURE_814DCC3DC72143F49509781513CB9855_G8_EFCCE016429008D9D6575CB3A2DF598A_0__D2A687F2C18FB52AE2E1EEDB04C9C77170CD0FC3.udd" 722
"../../../Engine/DerivedDataCache/9/3/2/TEXTURE_814DCC3DC72143F49509781513CB9855_G8_EFCCE016429008D9D6575CB3A2DF598A_0__6C2CA7981AAE3BB88E80EDB6A8D74338EC182B8A.udd" 723
"../../../Engine/DerivedDataCache/0/5/0/TEXTURE_814DCC3DC72143F49509781513CB9855_AUTOETC2_A5E28525480F8268BF36ABA7EBDF__D125C107D1BA896479C3F4D9D76DF1D6B7D85B28.udd" 724
"../../../Engine/DerivedDataCache/6/5/1/TEXTURE_814DCC3DC72143F49509781513CB9855_AUTOETC2_A5E28525480F8268BF36ABA7EBDF__7860079438A318EBAC69F5F4E9D1B5839B880CD7.udd" 725
"../../../Engine/DerivedDataCache/5/3/2/TEXTURE_814DCC3DC72143F49509781513CB9855_AUTOETC2_A5E28525480F8268BF36ABA7EBDF__7A3F25D509A74C377E34ADFA871679788ABAC7F4.udd" 726
"../../../Engine/DerivedDataCache/8/3/6/TEXTURE_814DCC3DC72143F49509781513CB9855_AUTOETC2_A5E28525480F8268BF36ABA7EBDF__384A37DCF94B9146FBF1AA16FC5FE53EE4D6849F.udd" 727
"../../../Engine/Content/MobileResources/HUD/MobileHUDDirectionStick.uasset" 728
"../../../Engine/DerivedDataCache/4/8/3/TEXTURE_814DCC3DC72143F49509781513CB9855_AUTOETC2_8EDAF7A54E378800FEB217863433__3801819DEB03D6C8A4235ADF7C80F956FF23407A.udd" 729
"../../../Engine/Content/MobileResources/HUD/DefaultVirtualJoysticks.uasset" 730
"../../../Engine/Content/MobileResources/HUD/VirtualJoystick_Background.uasset" 731
"../../../Engine/Content/MobileResources/HUD/AnalogHat.uasset" 732
"../../../Engine/DerivedDataCache/8/2/6/TEXTURE_814DCC3DC72143F49509781513CB9855_AUTOETC2_2E1EE3B14D43A62B84881B8F5AAD__61CCA385BD3918F4A76929A3A7FA576E3759F342.udd" 733
"../../../Engine/Content/MobileResources/LoadingScreen.uasset" 734
"../../../Engine/Content/Maps/Entry.umap" 735
"../../../Engine/Content/EngineMaterials/DefaultNormal.uasset" 736
"../../../Engine/DerivedDataCache/5/2/1/PHYSX_$7B1F0627AE$2DABEB$2D4206$2D8D78$2DE16BEB5DDC7E$7D_PHYSXPC_0AAFF40B4FAB7203B4020BAE163CCAEB__1_0_13107_0.udd" 737
"../../../Engine/DerivedDataCache/7/9/2/PHYSX_$7B1F0627AE$2DABEB$2D4206$2D8D78$2DE16BEB5DDC7E$7D_PHYSXPC_4A50E68449DA60D60F453A96AE02A9EF__1_0_13107_0.udd" 738
"../../../Engine/DerivedDataCache/0/2/2/PHYSX_$7B1F0627AE$2DABEB$2D4206$2D8D78$2DE16BEB5DDC7E$7D_PHYSXPC_F6B1D2D0417118DA60DDC7A62F5BCB81__1_0_13107_0.udd" 739
"../../../Engine/DerivedDataCache/5/7/5/PHYSX_$7B1F0627AE$2DABEB$2D4206$2D8D78$2DE16BEB5DDC7E$7D_PHYSXPC_8FA5EBB1423C9BE31CF6A9B803421839__1_0_13107_0.udd" 740
"../../../Engine/DerivedDataCache/4/9/5/TEXTURE_814DCC3DC72143F49509781513CB9855_AUTOETC2_122003924E39A572EF68B5BAC8A9__11DE41E9D87184E54BCB409B9A068241241DEE5A.udd" 741
"../../../Engine/DerivedDataCache/5/5/6/TEXTURE_814DCC3DC72143F49509781513CB9855_AUTOETC2_122003924E39A572EF68B5BAC8A9__ECE65CBC8CBC78EC06969BEF9216AAE8A496FF49.udd" 742
"../../../Engine/DerivedDataCache/7/8/8/TEXTURE_814DCC3DC72143F49509781513CB9855_AUTOETC2_122003924E39A572EF68B5BAC8A9__6B359921D55C3D4FF5B20F26D10FB720F3B24B9E.udd" 743
"../../../Engine/DerivedDataCache/9/2/3/TEXTURE_814DCC3DC72143F49509781513CB9855_AUTOETC2_122003924E39A572EF68B5BAC8A9__0CE8D1090401799C3A197742CFA8FDBBA581CDDF.udd" 744
"../../../Engine/DerivedDataCache/4/4/8/TEXTURE_814DCC3DC72143F49509781513CB9855_AUTOETC2_122003924E39A572EF68B5BAC8A9__A4482CD3BF0EC277AF5EC5ABE0F6F9A739B42213.udd" 745
"../../../../SpaceRTS/Content/Levels/Loading.umap" 746
"../../../../SpaceRTS/Content/GUI/OculusLoading/OculusLoading.uasset" 747
"../../../../SpaceRTS/Content/GUI/OculusLoading/MAT_OculusLoading.uasset" 748
"../../../../SpaceRTS/Content/GUI/OculusLoading/loading_indicator.uasset" 749
"../../../../SpaceRTS/Content/Meshes/Plane.uasset" 750
"../../../Engine/DerivedDataCache/4/4/5/STATICMESH_46A8778361B442A9523C54440EA1E9D_2C1BC8F50A7A43818AFE266EB43D9060_1A__715040228EE3FEF206484B9A01836FBE62C0832D.udd" 751
"../../../Engine/DerivedDataCache/5/1/5/NAVCOLLISION_B89838347A4348138EE337A847529C5C_NAVCOLLISION_X_9363DD8848A0437F0__A68BACF6C9B201546324C4A4ADDD3416B3BFAFD6.udd" 752
"../../../Engine/DerivedDataCache/3/6/2/PHYSX_$7B1F0627AE$2DABEB$2D4206$2D8D78$2DE16BEB5DDC7E$7D_PHYSXPC_9363DD8848A04__0D9B1864DC82F371D021CD28F3AD53D0DF7E882E.udd" 753
"../../../Engine/DerivedDataCache/3/9/9/MATSM_983AFA3849534FAA8491540B994BD32E_GLSL_ES2_3599__BC5N_DEV_NOSL_NODBUF6632__9B2F9567367CBB6B06D5C1C21085CE2789F6D0ED.udd" 754
"../../../Engine/DerivedDataCache/9/8/6/TEXTURE_814DCC3DC72143F49509781513CB9855_BGRA8_D6FAF1284D1730536B9153B4F88BB48__A4E788C9F5B92276F01D41B94FD99DAAB3BEECAB.udd" 755
"../../../Engine/DerivedDataCache/1/6/3/TEXTURE_814DCC3DC72143F49509781513CB9855_BGRA8_D6FAF1284D1730536B9153B4F88BB48__C681122036048590C299F3FF253B0BC8CB2591B7.udd" 756
"../../../../SpaceRTS/Content/Testing/Test_Input/Test_Input.umap" 757
"../../../../SpaceRTS/Content/Testing/Test_Input/Test_Input_GM.uasset" 758
"../../../../SpaceRTS/Content/GUI/OculusProgress/MAT_OculusProgress.uasset" 759
"../../../../SpaceRTS/Content/GUI/OculusProgress/color_ramp_timer.uasset" 760
"../../../../SpaceRTS/Content/GUI/OculusProgress/gaze_cursor_timer.uasset" 761
"../../../../SpaceRTS/Content/Testing/Test_Input/InputIndicator/Widget_Back_Indicator.uasset" 762
"../../../../SpaceRTS/Content/Testing/TestAssets/FPS_Display/Widget_FPS.uasset" 763
"../../../Engine/Content/EditorBlueprintResources/StandardMacros.uasset" 764
"../../../../SpaceRTS/Content/Testing/Test_Input/Test_input_PC.uasset" 765
"../../../Engine/DerivedDataCache/9/0/3/MATSM_983AFA3849534FAA8491540B994BD32E_GLSL_ES2_3599__BC5N_DEV_NOSL_NODBUF0463__35C6B6F5B9FA98CDB03B895751188F0BFFEBA076.udd" 766
"../../../Engine/DerivedDataCache/5/6/2/TEXTURE_814DCC3DC72143F49509781513CB9855_BGRA8_4523916B4D1C2FFC3A5C79977EB855C__116D2B4CE137DCA78DBCBA38D9FDD25E4476F5B3.udd" 767
"../../../Engine/DerivedDataCache/8/0/8/TEXTURE_814DCC3DC72143F49509781513CB9855_BGRA8_4523916B4D1C2FFC3A5C79977EB855C__4660A661081FF428AE5BB523485F7F52E8CCC566.udd" 768
"../../../Engine/DerivedDataCache/4/7/9/TEXTURE_814DCC3DC72143F49509781513CB9855_BGRA8_4523916B4D1C2FFC3A5C79977EB855C__A0AFAD34C1650AC86F81C83C25BE9D7B69102A05.udd" 769
"../../../Engine/DerivedDataCache/7/3/7/TEXTURE_814DCC3DC72143F49509781513CB9855_BGRA8_33A34EB94AB45823098723BC4FB6815__8299A7CEE0776A3942D849EE58526A7DD1A87D3C.udd" 770
"../../../Engine/DerivedDataCache/7/8/8/TEXTURE_814DCC3DC72143F49509781513CB9855_BGRA8_33A34EB94AB45823098723BC4FB6815__08917BDCD39D0F9CC15CBAA5F7974F09DFC9D8DE.udd" 771
"../../../Engine/DerivedDataCache/2/3/3/TEXTURE_814DCC3DC72143F49509781513CB9855_BGRA8_33A34EB94AB45823098723BC4FB6815__B35F764B3982800675329B0F44715EC7AD3087A3.udd" 772
"../../../Engine/DerivedDataCache/5/4/8/TEXTURE_814DCC3DC72143F49509781513CB9855_BGRA8_BD2910D742B4B4778E3374B97767851__F910B2E0445BFA5900D0CD3EC9C80B5608789FD4.udd" 773
"../../../Engine/Content/MobileResources/HUD/MobileHUDButton3.uasset" 774
"../../../Engine/DerivedDataCache/6/2/5/TEXTURE_814DCC3DC72143F49509781513CB9855_AUTOETC2_C49FDA8C4EFE04B87EBA5CB5A57D__83C9A2A71E899754BE34E05A0F3534FA42E4B63F.udd" 775
"../../../Engine/Content/MobileResources/HUD/MobileHUDButton1_on.uasset" 776
"../../../Engine/DerivedDataCache/1/2/3/TEXTURE_814DCC3DC72143F49509781513CB9855_AUTOETC2_7BBBF743419EE004ACC16E9959BC__AE78AA7873D8561AC713A406EFE831ACB34803AA.udd" 777
"../../../Engine/Content/MobileResources/T_MobileMenu2.uasset" 778
"../../../Engine/DerivedDataCache/1/1/0/TEXTURE_814DCC3DC72143F49509781513CB9855_AUTOETC2_9F8FBEF84A1997E30FD384955E3D__C218331E4CC037959BE6AD0974843E9862A87EE5.udd" 779
"../../../Engine/DerivedDataCache/9/4/2/TEXTURE_814DCC3DC72143F49509781513CB9855_AUTOETC2_9F8FBEF84A1997E30FD384955E3D__43221D4D81717180238B496682405E32FA5DEA5D.udd" 780
"../../../Engine/DerivedDataCache/2/0/2/TEXTURE_814DCC3DC72143F49509781513CB9855_AUTOETC2_9F8FBEF84A1997E30FD384955E3D__DE8A7179AF1BB9E2AD30636D3DE21FD7114C9842.udd" 781
"../../../Engine/DerivedDataCache/5/4/9/TEXTURE_814DCC3DC72143F49509781513CB9855_AUTOETC2_9F8FBEF84A1997E30FD384955E3D__6DDA3390FB04253CA6EF7729228744D56A9F8244.udd" 782
"../../../Engine/Content/MobileResources/HUD/MobileHUDButton2_on.uasset" 783
"../../../Engine/DerivedDataCache/6/0/8/TEXTURE_814DCC3DC72143F49509781513CB9855_AUTOETC2_80A9E59646847B4846ED6DAF42DF__B872B47EA4FBED12B0F1156DA3F8B31B6CA00857.udd" 784
"../../../Engine/DerivedDataCache/1/0/9/TEXTURE_814DCC3DC72143F49509781513CB9855_AUTOETC2_80A9E59646847B4846ED6DAF42DF__F3ADA2A24842C0954B70F70F9010EB927131458D.udd" 785
"../../../Engine/Content/MobileResources/HUD/T_Castle_ThumbstickOutter.uasset" 786
"../../../Engine/DerivedDataCache/8/9/1/TEXTURE_814DCC3DC72143F49509781513CB9855_BGRA8_9F5B2DF1453DB1272733529F5E95869__4EB2A0ED4F34B3CC6C624508CD3BBE64BBA526A0.udd" 787
"../../../Engine/Content/MobileResources/HUD/MobileHUDDirectionPad2.uasset" 788
"../../../Engine/DerivedDataCache/6/3/1/TEXTURE_814DCC3DC72143F49509781513CB9855_AUTOETC2_F562DDF94D8D885AE92078A9DD77__139E79D9F0AD59045056DAF74D50162B47A20131.udd" 789
"../../../Engine/DerivedDataCache/9/2/3/TEXTURE_814DCC3DC72143F49509781513CB9855_AUTOETC2_F562DDF94D8D885AE92078A9DD77__681C1C5A256430787C9F583F3721C61812062EB3.udd" 790
"../../../Engine/DerivedDataCache/3/4/7/TEXTURE_814DCC3DC72143F49509781513CB9855_AUTOETC2_F562DDF94D8D885AE92078A9DD77__9E982E02DECE980203A446CA4E8BD8509F885345.udd" 791
"../../../Engine/Content/MobileResources/HUD/MobileHUDButton2_off.uasset" 792
"../../../Engine/DerivedDataCache/8/0/2/TEXTURE_814DCC3DC72143F49509781513CB9855_AUTOETC2_D5542AFE4886708885DF42B1BE8F__9BE3EF842E7EDE38CAB81962C7135AA539A1CE4B.udd" 793
"../../../Engine/DerivedDataCache/8/9/5/TEXTURE_814DCC3DC72143F49509781513CB9855_AUTOETC2_D5542AFE4886708885DF42B1BE8F__982DE8176EC183E50A6CA75A60DDA447CCB1A6D8.udd" 794
"../../../Engine/Content/MobileResources/HUD/T_Castle_ThumbstickInner.uasset" 795
"../../../Engine/DerivedDataCache/7/0/6/TEXTURE_814DCC3DC72143F49509781513CB9855_BGRA8_A4535AA24BB699361857049E2A844B2__33DC436FC8699D1B1039C88C7BD1A5C66D1E258A.udd" 796
"../../../Engine/Content/MobileResources/HUD/MobileHUDButtonFire.uasset" 797
"../../../Engine/DerivedDataCache/8/5/6/TEXTURE_814DCC3DC72143F49509781513CB9855_AUTOETC2_C200B7694C3FE53EBCE97592F5F4__C7AACDA588FBDEE1C43F89660C5476D63CA74942.udd" 798
"../../../Engine/Content/MobileResources/T_MobileControls_texture.uasset" 799
"../../../Engine/DerivedDataCache/3/2/0/TEXTURE_814DCC3DC72143F49509781513CB9855_AUTOETC2_119D9D384F916FB5612DEB85B012__74624FB7B2D97C87D70ADDE1F0A1843D58E0FE04.udd" 800
"../../../Engine/DerivedDataCache/4/3/2/TEXTURE_814DCC3DC72143F49509781513CB9855_AUTOETC2_119D9D384F916FB5612DEB85B012__70C88008D9A1C049255C28ED91ED64A5B006B20E.udd" 801
"../../../Engine/DerivedDataCache/7/4/9/TEXTURE_814DCC3DC72143F49509781513CB9855_AUTOETC2_119D9D384F916FB5612DEB85B012__D69F2C5C053D6E2F09E98D719A8EE77B629AF727.udd" 802
"../../../Engine/DerivedDataCache/8/6/4/TEXTURE_814DCC3DC72143F49509781513CB9855_AUTOETC2_119D9D384F916FB5612DEB85B012__7A8BAA7E33716A64D84A78B82154A2931227A645.udd" 803
"../../../Engine/Content/MobileResources/HUD/MobileHUDButton1_off.uasset" 804
"../../../Engine/DerivedDataCache/9/9/1/TEXTURE_814DCC3DC72143F49509781513CB9855_AUTOETC2_5FF2868842E6DED8A4C0CB821719__2BCBD2365224170E11841F5839C023AB6184E1C6.udd" 805
"../../../Engine/Content/MobileResources/HUD/MobileHUDDirectionPad.uasset" 806
"../../../Engine/DerivedDataCache/7/7/5/TEXTURE_814DCC3DC72143F49509781513CB9855_AUTOETC2_3F3B1DD44FE006226A690596DBDD__1ED76994F2B07CE7923B28740AC76F0145B7E27E.udd" 807
"../../../Engine/DerivedDataCache/3/1/3/TEXTURE_814DCC3DC72143F49509781513CB9855_AUTOETC2_3F3B1DD44FE006226A690596DBDD__82311000A81B22462D2D4B593A48F7155B8D8693.udd" 808
"../../../Engine/Content/MobileResources/HUD/MobileHUDDirectionPad3.uasset" 809
"../../../Engine/DerivedDataCache/4/6/6/TEXTURE_814DCC3DC72143F49509781513CB9855_AUTOETC2_C9D41DBE4C754F8B430E7DBADCD4__789F28BD66F2BBEBEFB1CAA725B48B4D52CB8010.udd" 810
"../../../Engine/DerivedDataCache/3/9/4/TEXTURE_814DCC3DC72143F49509781513CB9855_AUTOETC2_C9D41DBE4C754F8B430E7DBADCD4__0C9A0D9FDB1A86C75917E0946359722D8F3F445D.udd" 811
"../../../Engine/DerivedDataCache/4/8/7/TEXTURE_814DCC3DC72143F49509781513CB9855_AUTOETC2_C9D41DBE4C754F8B430E7DBADCD4__25FFA614267B9834A7F1E84973551120FC19323C.udd" 812
"../../../Engine/Content/MobileResources/HUD/LeftVirtualJoystickOnly.uasset" 813
